During startup - Warning message:
Setting LC_CTYPE failed, using "C" 
Loading required package: BSgenome
Loading required package: methods
Loading required package: BiocGenerics
Loading required package: parallel

Attaching package: 'BiocGenerics'

The following objects are masked from 'package:parallel':

    clusterApply, clusterApplyLB, clusterCall, clusterEvalQ,
    clusterExport, clusterMap, parApply, parCapply, parLapply,
    parLapplyLB, parRapply, parSapply, parSapplyLB

The following objects are masked from 'package:stats':

    IQR, mad, sd, var, xtabs

The following objects are masked from 'package:base':

    anyDuplicated, append, as.data.frame, cbind, colMeans, colnames,
    colSums, do.call, duplicated, eval, evalq, Filter, Find, get, grep,
    grepl, intersect, is.unsorted, lapply, lengths, Map, mapply, match,
    mget, order, paste, pmax, pmax.int, pmin, pmin.int, Position, rank,
    rbind, Reduce, rowMeans, rownames, rowSums, sapply, setdiff, sort,
    table, tapply, union, unique, unsplit, which, which.max, which.min

Loading required package: S4Vectors
Loading required package: stats4

Attaching package: 'S4Vectors'

The following object is masked from 'package:base':

    expand.grid

Loading required package: IRanges
Loading required package: GenomeInfoDb
Loading required package: GenomicRanges
Loading required package: Biostrings
Loading required package: XVector

Attaching package: 'Biostrings'

The following object is masked from 'package:base':

    strsplit

Loading required package: rtracklayer
Loading required package: GenomicFeatures
Loading required package: AnnotationDbi
Loading required package: Biobase
Welcome to Bioconductor

    Vignettes contain introductory material; view with
    'browseVignettes()'. To cite Bioconductor, see
    'citation("Biobase")', and for packages 'citation("pkgname")'.

Loading required package: gplots

Attaching package: 'gplots'

The following object is masked from 'package:rtracklayer':

    space

The following object is masked from 'package:IRanges':

    space

The following object is masked from 'package:S4Vectors':

    space

The following object is masked from 'package:stats':

    lowess

Type 'citation("pROC")' for a citation.

Attaching package: 'pROC'

The following objects are masked from 'package:IRanges':

    cov, var

The following objects are masked from 'package:S4Vectors':

    cov, var

The following object is masked from 'package:BiocGenerics':

    var

The following objects are masked from 'package:stats':

    cov, smooth, var


Attaching package: 'kernlab'

The following object is masked from 'package:Biostrings':

    type

Loading required package: lattice
Loading required package: ggplot2

Attaching package: 'ggplot2'

The following object is masked from 'package:kernlab':

    alpha


Attaching package: 'matrixStats'

The following objects are masked from 'package:Biobase':

    anyMissing, rowMedians


Attaching package: 'dplyr'

The following object is masked from 'package:matrixStats':

    count

The following object is masked from 'package:AnnotationDbi':

    select

The following object is masked from 'package:Biobase':

    combine

The following objects are masked from 'package:Biostrings':

    collapse, intersect, setdiff, setequal, union

The following object is masked from 'package:XVector':

    slice

The following objects are masked from 'package:GenomicRanges':

    intersect, setdiff, union

The following object is masked from 'package:GenomeInfoDb':

    intersect

The following objects are masked from 'package:IRanges':

    collapse, desc, intersect, setdiff, slice, union

The following objects are masked from 'package:S4Vectors':

    first, intersect, rename, setdiff, setequal, union

The following objects are masked from 'package:BiocGenerics':

    combine, intersect, setdiff, union

The following objects are masked from 'package:stats':

    filter, lag

The following objects are masked from 'package:base':

    intersect, setdiff, setequal, union

line search fails -1.212696 0.005097214 1.336636e-05 8.59634e-07 -1.02559e-08 -4.378426e-10 -1.374604e-13line search fails -1.188844 0.01429451 2.06189e-05 7.404858e-07 -1.482639e-08 -2.360501e-10 -3.058786e-13line search fails -1.126813 0.02360583 1.127927e-05 -5.898976e-08 -7.515291e-09 1.943217e-10 -8.477848e-14line search fails -1.188882 0.02435834 2.013581e-05 8.345951e-07 -1.462907e-08 -1.773194e-10 -2.947161e-13line search fails -1.123906 0.03201279 1.081715e-05 -1.389411e-07 -7.232109e-09 2.833865e-10 -7.827018e-14line search fails -1.223316 0.007347648 1.704997e-05 1.062732e-06 -1.333022e-08 -5.250041e-10 -2.278377e-13line search fails -1.170301 0.01992002 1.574422e-05 4.476313e-07 -1.121514e-08 -6.456943e-11 -1.766025e-13line search fails -1.135565 0.03312266 1.334904e-05 -2.004829e-07 -9.069135e-09 3.770491e-10 -1.211398e-13line search fails -1.22351 -2.488146e-05 2.014985e-05 1.323866e-06 -1.541231e-08 -7.546726e-10 -3.115548e-13line search fails -1.189883 0.01252688 2.200471e-05 9.744588e-07 -1.577412e-08 -3.872173e-10 -3.474824e-13line search fails -1.156948 0.02050375 1.976978e-05 -1.89645e-08 -1.343251e-08 2.502685e-10 -2.655626e-13line search fails -1.184606 0.02396487 1.176983e-05 -2.027618e-08 -8.35876e-09 1.796698e-10 -9.838484e-14line search fails -1.143351 0.03587135 1.908374e-05 -9.400904e-07 -1.274653e-08 9.391739e-10 -2.441343e-13line search fails -1.213201 0.01054866 2.566574e-05 1.377247e-06 -1.550482e-08 -4.941833e-10 -3.986232e-13Error in .performance.auc(fpr.stop = 1, predictions = numeric(0), labels = structure(integer(0), .Label = c("Neg",  : 
  Not enough distinct predictions to compute area under the ROC curve.
In addition: There were 41 warnings (use warnings() to see them)
Error in aucMatrix[i, ] <- attr(BIOmotifvsnon_testpppred_auc, "y.values")[[1]][1] : 
  number of items to replace is not a multiple of replacement length
line search fails -1.252333 0.02686931 2.39191e-05 6.280788e-07 -1.896985e-08 3.395257e-11 -4.537203e-13line search fails -1.194158 0.0500183 3.170852e-05 -2.10838e-06 -2.236362e-08 2.141416e-09 -7.136324e-13line search fails -1.259136 0.01139301 1.337963e-05 1.158442e-06 -1.064462e-08 -5.716308e-10 -1.430832e-13line search fails -1.218447 0.02216207 3.403561e-05 2.22703e-06 -2.493514e-08 -8.340967e-10 -8.505402e-13line search fails -1.196503 0.02681515 3.358411e-05 4.831317e-07 -2.361993e-08 2.530033e-10 -7.93132e-13line search fails -1.208201 0.0290211 2.05361e-05 5.358986e-07 -1.518184e-08 5.854011e-11 -3.117445e-13line search fails -1.179481 0.03499728 1.906537e-05 -3.641116e-07 -1.348548e-08 6.08327e-10 -2.573271e-13line search fails -1.219563 0.02561937 3.16366e-05 4.926815e-07 -2.322612e-08 1.883329e-10 -7.347027e-13line search fails -1.178074 0.03229758 2.913195e-05 -6.241981e-07 -2.000734e-08 8.939865e-10 -5.834106e-13line search fails -1.252625 0.01795047 2.904344e-05 1.634761e-06 -2.268051e-08 -6.298566e-10 -6.597497e-13line search fails -1.214123 0.03010989 2.925489e-05 9.733021e-07 -2.144719e-08 -3.768984e-11 -6.27472e-13line search fails -1.201378 0.04173499 3.737037e-05 -7.47342e-07 -2.62635e-08 1.343344e-09 -9.824807e-13line search fails -1.25465 0.01472227 2.483012e-05 1.339201e-06 -1.98156e-08 -5.390502e-10 -4.927455e-13line search fails -1.207647 0.0115819 2.928443e-05 1.168902e-06 -2.127085e-08 -4.753497e-10 -6.234602e-13line search fails -1.167524 0.02452659 2.076911e-05 -3.866146e-07 -1.425944e-08 5.101909e-10 -2.963532e-13line search fails -1.242803 0.0222568 2.074715e-05 9.389656e-07 -1.649038e-08 -2.403858e-10 -3.42354e-13line search fails -1.193034 0.0261005 2.099257e-05 5.22887e-07 -1.523945e-08 3.656331e-11 -3.19896e-13line search fails -1.160765 0.03473038 1.626879e-05 -3.909846e-07 -1.113784e-08 5.570222e-10 -1.81417e-13line search fails -1.235402 0.02218434 1.713381e-05 7.352467e-07 -1.34921e-08 -1.760932e-10 -2.313005e-13line search fails -1.169542 0.03181035 1.775799e-05 -3.694973e-07 -1.237122e-08 5.50464e-10 -2.198915e-13line search fails -1.243099 0.02314505 2.331203e-05 9.68095e-07 -1.830767e-08 -2.152684e-10 -4.269973e-13line search fails -1.168516 0.04081099 2.03897e-05 -5.349877e-07 -1.414981e-08 8.018379e-10 -2.889394e-13line search fails -1.204592 0.02481129 3.887283e-05 5.991046e-07 -2.23485e-08 1.830907e-10 -8.686397e-13Error in .performance.auc(fpr.stop = 1, predictions = numeric(0), labels = structure(integer(0), .Label = c("Neg",  : 
  Not enough distinct predictions to compute area under the ROC curve.
In addition: There were 50 or more warnings (use warnings() to see the first 50)
Error in aucMatrix[i, ] <- attr(BIOmotifvsnon_testpppred_auc, "y.values")[[1]][1] : 
  number of items to replace is not a multiple of replacement length
line search fails -1.209967 0.005371064 1.186645e-05 6.967732e-07 -9.244488e-09 -3.480587e-10 -1.099418e-13line search fails -1.164709 0.0125031 1.276664e-05 5.61238e-07 -9.130549e-09 -2.161622e-10 -1.166878e-13line search fails -1.132433 0.02687094 1.281184e-05 -7.803957e-08 -8.673899e-09 2.495308e-10 -1.111481e-13line search fails -1.201559 0.006395996 1.10032e-05 7.920062e-07 -8.475865e-09 -3.954719e-10 -9.357482e-14line search fails -1.16873 0.01871048 1.482663e-05 7.892066e-07 -1.054677e-08 -2.750057e-10 -1.565901e-13line search fails -1.131981 0.02112698 1.07441e-05 5.845316e-08 -7.252526e-09 1.024071e-10 -7.791584e-14line search fails -1.167685 0.006522056 1.229583e-05 7.895288e-07 -8.778622e-09 -3.937304e-10 -1.082513e-13line search fails -1.213305 0.006353377 1.138866e-05 6.472755e-07 -8.798211e-09 -3.164366e-10 -1.004046e-13line search fails -1.161303 0.01999972 1.154104e-05 2.367787e-07 -8.228639e-09 9.447748e-12 -9.496483e-14line search fails -1.143142 0.03219386 1.058458e-05 -5.484443e-08 -7.289474e-09 2.364172e-10 -7.716896e-14line search fails -1.226597 0.005054638 2.036699e-05 1.238812e-06 -1.584937e-08 -6.486169e-10 -3.236076e-13line search fails -1.18801 0.01308996 2.121268e-05 1.053707e-06 -1.53058e-08 -4.384962e-10 -3.251391e-13line search fails -1.136173 0.02005252 1.665908e-05 4.577087e-07 -1.112657e-08 -6.683725e-11 -1.853889e-13line search fails -1.151598 0.02873019 1.979308e-05 -2.915529e-08 -1.080392e-08 2.818873e-10 -2.138512e-13Error in .performance.auc(fpr.stop = 1, predictions = numeric(0), labels = structure(integer(0), .Label = c("Neg",  : 
  Not enough distinct predictions to compute area under the ROC curve.
In addition: There were 41 warnings (use warnings() to see them)
Error in aucMatrix[i, ] <- attr(BIOmotifvsnon_testpppred_auc, "y.values")[[1]][1] : 
  number of items to replace is not a multiple of replacement length
line search fails -1.236961 0.02052059 1.360673e-05 6.766945e-07 -1.078137e-08 -2.042154e-10 -1.468374e-13line search fails -1.190547 0.0319842 1.529007e-05 2.738567e-07 -1.110259e-08 1.433958e-10 -1.697201e-13line search fails -1.148952 0.02944876 1.082385e-05 -1.808036e-07 -7.44783e-09 2.936177e-10 -8.06673e-14line search fails -1.213554 0.01417987 1.035676e-05 6.66658e-07 -8.084721e-09 -2.783275e-10 -8.391708e-14line search fails -1.219835 0.02081161 1.352999e-05 1.037724e-06 -1.052289e-08 -4.042032e-10 -1.427941e-13line search fails -1.186009 0.02773285 1.523587e-05 5.764659e-07 -1.104863e-08 -6.712004e-11 -1.683741e-13line search fails -1.176321 0.03476577 1.965181e-05 -6.368938e-07 -1.382414e-08 7.692352e-10 -2.721592e-13line search fails -1.24441 0.01244246 1.600357e-05 1.33614e-06 -1.276506e-08 -6.296291e-10 -2.051278e-13line search fails -1.201857 0.01838573 1.769558e-05 9.662641e-07 -1.302831e-08 -3.496082e-10 -2.308813e-13line search fails -1.230373 0.01888851 1.550166e-05 9.899101e-07 -1.210853e-08 -3.772089e-10 -1.880757e-13line search fails -1.150298 0.03042897 1.506933e-05 -1.302993e-07 -1.025116e-08 3.410143e-10 -1.545225e-13line search fails -1.17262 0.03679285 2.489833e-05 -9.003457e-07 -1.386649e-08 8.46255e-10 -3.460143e-13Error in .performance.auc(fpr.stop = 1, predictions = numeric(0), labels = structure(integer(0), .Label = c("Neg",  : 
  Not enough distinct predictions to compute area under the ROC curve.
In addition: There were 35 warnings (use warnings() to see them)
Error in aucMatrix[i, ] <- attr(BIOmotifvsnon_testpppred_auc, "y.values")[[1]][1] : 
  number of items to replace is not a multiple of replacement length
line search fails -1.218392 0.02247923 1.224676e-05 7.117715e-07 -9.462869e-09 -2.258374e-10 -1.160502e-13line search fails -1.138379 0.03574338 1.040781e-05 -2.697495e-07 -7.0751e-09 3.713064e-10 -7.373646e-14line search fails -1.223731 0.02150145 1.593235e-05 8.197619e-07 -1.233834e-08 -2.391745e-10 -1.967748e-13line search fails -1.189484 0.02490219 2.039377e-05 2.231117e-07 -1.466949e-08 1.8825e-10 -2.991242e-13line search fails -1.190606 0.03633984 1.417905e-05 3.819153e-08 -1.039384e-08 2.978172e-10 -1.473633e-13line search fails -1.162124 0.0509454 1.329445e-05 -9.345814e-07 -9.340738e-09 9.320586e-10 -1.250511e-13line search fails -1.179458 0.02086271 1.061986e-05 2.614018e-07 -7.746981e-09 -5.806343e-12 -8.227339e-14line search fails -1.201913 0.02170202 1.684928e-05 6.230509e-07 -1.012251e-08 -9.630712e-11 -1.70617e-13Error in .performance.auc(fpr.stop = 1, predictions = numeric(0), labels = structure(integer(0), .Label = c("Neg",  : 
  Not enough distinct predictions to compute area under the ROC curve.
In addition: There were 23 warnings (use warnings() to see them)
Error in aucMatrix[i, ] <- attr(BIOmotifvsnon_testpppred_auc, "y.values")[[1]][1] : 
  number of items to replace is not a multiple of replacement length
line search fails -1.232997 0.009403388 2.209535e-05 1.178722e-06 -1.715004e-08 -5.383994e-10 -3.795709e-13line search fails -1.153305 0.02449473 2.236299e-05 -5.851991e-07 -1.509406e-08 6.562211e-10 -3.379324e-13line search fails -1.21261 0.01604461 1.260318e-05 7.779506e-07 -9.708791e-09 -3.065597e-10 -1.226001e-13line search fails -1.181192 0.02791949 1.715717e-05 2.703272e-07 -1.222191e-08 1.355041e-10 -2.096568e-13line search fails -1.145989 0.04114843 1.317837e-05 -4.379974e-07 -8.98474e-09 5.660987e-10 -1.186522e-13line search fails -1.177724 0.02195057 2.766747e-05 1.157702e-08 -1.920658e-08 3.545486e-10 -5.313934e-13line search fails -1.240437 0.016063 1.763756e-05 1.087151e-06 -1.388877e-08 -4.33377e-10 -2.454352e-13line search fails -1.191859 0.02478329 1.542547e-05 1.281271e-07 -1.119152e-08 1.625797e-10 -1.726137e-13line search fails -1.234068 0.01063329 2.229432e-05 1.823277e-06 -1.709666e-08 -8.934279e-10 -3.827875e-13line search fails -1.188205 0.02304765 2.303212e-05 1.133179e-06 -1.621195e-08 -3.352789e-10 -3.737755e-13line search fails -1.159154 0.03268132 1.936518e-05 3.858445e-08 -1.304383e-08 3.484852e-10 -2.525827e-13line search fails -1.235637 0.009780624 1.61093e-05 1.217548e-06 -1.263835e-08 -5.885222e-10 -2.043115e-13line search fails -1.199114 0.01672563 1.651875e-05 8.303336e-07 -1.203504e-08 -3.010038e-10 -1.990538e-13line search fails -1.234021 0.01532133 2.012985e-05 1.210722e-06 -1.570762e-08 -4.988462e-10 -3.167961e-13line search fails -1.202134 0.02971934 1.158094e-05 1.322083e-07 -8.428246e-09 1.293047e-10 -9.75899e-14line search fails -1.177073 0.03738227 2.198763e-05 -6.016567e-07 -1.538304e-08 8.255401e-10 -3.387333e-13line search fails -1.24157 0.004934191 1.421496e-05 9.692931e-07 -1.111376e-08 -5.070284e-10 -1.584732e-13line search fails -1.26081 0.03806997 3.39517e-05 1.082241e-06 -2.691567e-08 1.669383e-10 -9.136521e-13line search fails -1.20885 0.04522642 2.944676e-05 -2.978962e-07 -2.140956e-08 9.540936e-10 -6.307263e-13line search fails -1.175487 0.04784021 2.76999e-05 -2.081722e-06 -1.924602e-08 1.963114e-09 -5.371995e-13line search fails -1.255172 0.01826434 2.53769e-05 1.189851e-06 -2.02015e-08 -3.965325e-10 -5.131233e-13line search fails -1.174361 0.03688491 2.66622e-05 -5.807775e-07 -1.848314e-08 9.089337e-10 -4.933291e-13line search fails -1.161621 0.0338541 2.880446e-05 -1.035936e-06 -1.555095e-08 9.239151e-10 -4.488939e-13Error in .performance.auc(fpr.stop = 1, predictions = numeric(0), labels = structure(integer(0), .Label = c("Neg",  : 
  Not enough distinct predictions to compute area under the ROC curve.
In addition: There were 50 or more warnings (use warnings() to see the first 50)
Error in aucMatrix[i, ] <- attr(BIOmotifvsnon_testpppred_auc, "y.values")[[1]][1] : 
  number of items to replace is not a multiple of replacement length
line search fails -1.238887 0.01012238 2.645237e-05 1.564468e-06 -2.065838e-08 -7.372596e-10 -5.476165e-13line search fails -1.155161 0.01997924 2.121834e-05 -2.326957e-09 -1.448802e-08 2.499136e-10 -3.074123e-13line search fails -1.261467 0.002672187 3.379411e-05 2.625849e-06 -2.708424e-08 -1.471185e-09 -9.191509e-13line search fails -1.248622 0.000925727 3.087982e-05 2.274123e-06 -2.421431e-08 -1.302175e-09 -7.506949e-13line search fails -1.201225 0.01441703 3.074555e-05 1.447693e-06 -2.222759e-08 -5.715367e-10 -6.842269e-13line search fails -1.174088 0.02247404 3.38808e-05 7.248664e-08 -2.337181e-08 4.102086e-10 -7.918258e-13line search fails -1.192454 0.01609209 2.443224e-05 1.382567e-06 -1.758657e-08 -5.550344e-10 -4.304467e-13line search fails -1.164143 0.02243884 2.382982e-05 4.562815e-07 -1.630727e-08 5.566491e-11 -3.885739e-13line search fails -1.230036 -0.01102214 1.56326e-05 1.212352e-06 -1.23627e-08 -7.96577e-10 -1.942269e-13line search fails -1.199213 0.01214138 2.019765e-05 1.361497e-06 -1.484171e-08 -6.223278e-10 -3.00615e-13line search fails -1.179853 0.01590281 1.999815e-05 5.900584e-07 -1.413943e-08 -1.424706e-10 -2.828465e-13line search fails -1.188741 0.01367761 1.571647e-05 1.113679e-06 -1.156221e-08 -4.943189e-10 -1.822676e-13line search fails -1.158369 0.03035934 1.308487e-05 4.02698e-07 -9.217325e-09 1.795601e-11 -1.206003e-13line search fails -1.236869 -0.002626362 2.472688e-05 2.150084e-06 -1.934161e-08 -1.278594e-09 -4.810069e-13line search fails -1.200628 0.009187593 2.912445e-05 1.915438e-06 -2.115138e-08 -9.419124e-10 -6.178265e-13line search fails -1.173306 0.03107885 2.586795e-05 4.651371e-07 -1.792851e-08 2.082283e-10 -4.636771e-13line search fails -1.225381 0.01195288 1.208935e-05 7.02927e-07 -9.591047e-09 -2.986142e-10 -1.161594e-13line search fails -1.183635 0.02099336 1.371429e-05 5.578688e-07 -1.006943e-08 -1.317915e-10 -1.381686e-13line search fails -1.150373 0.02917642 1.179135e-05 -2.027582e-07 -8.212764e-09 3.262026e-10 -9.690575e-14line search fails -1.22073 0.01312789 1.511989e-05 7.477227e-07 -1.167086e-08 -3.009615e-10 -1.766872e-13line search fails -1.181462 0.02317395 1.424833e-05 5.057785e-07 -1.025897e-08 -8.851519e-11 -1.462179e-13line search fails -1.148851 0.02946784 1.321931e-05 -6.607905e-08 -9.103291e-09 2.707269e-10 -1.203571e-13Warning in preProcess.default(method = c("center", "scale"), x = c(0, 1,  :
  These variables have zero variances: V58, V61, V62, V63, V64, V65, V66, cumFreq_1
Warning in preProcess.default(thresh = 0.95, k = 5, freqCut = 19, uniqueCut = 10,  :
  These variables have zero variances: V58, V61, V62, V63, V64, V65, V66, cumFreq_1
Warning in preProcess.default(thresh = 0.95, k = 5, freqCut = 19, uniqueCut = 10,  :
  These variables have zero variances: V58, V61, V62, V63, V64, V65, V66, cumFreq_1
Warning in preProcess.default(thresh = 0.95, k = 5, freqCut = 19, uniqueCut = 10,  :
  These variables have zero variances: V58, V61, V62, V63, V64, V65, V66, cumFreq_1
Warning in preProcess.default(thresh = 0.95, k = 5, freqCut = 19, uniqueCut = 10,  :
  These variables have zero variances: V58, V61, V62, V63, V64, V65, V66, cumFreq_1
Warning in preProcess.default(thresh = 0.95, k = 5, freqCut = 19, uniqueCut = 10,  :
  These variables have zero variances: V58, V61, V62, V63, V64, V65, V66, cumFreq_1
Warning in preProcess.default(thresh = 0.95, k = 5, freqCut = 19, uniqueCut = 10,  :
  These variables have zero variances: V58, V61, V62, V63, V64, V65, V66, cumFreq_1
Warning in preProcess.default(thresh = 0.95, k = 5, freqCut = 19, uniqueCut = 10,  :
  These variables have zero variances: V58, V61, V62, V63, V64, V65, V66, cumFreq_1
Warning in preProcess.default(thresh = 0.95, k = 5, freqCut = 19, uniqueCut = 10,  :
  These variables have zero variances: V58, V61, V62, V63, V64, V65, V66, cumFreq_1
Warning in preProcess.default(thresh = 0.95, k = 5, freqCut = 19, uniqueCut = 10,  :
  These variables have zero variances: V58, V61, V62, V63, V64, V65, V66, cumFreq_1
Warning in preProcess.default(thresh = 0.95, k = 5, freqCut = 19, uniqueCut = 10,  :
  These variables have zero variances: V58, V61, V62, V63, V64, V65, V66, cumFreq_1
Warning in preProcess.default(thresh = 0.95, k = 5, freqCut = 19, uniqueCut = 10,  :
  These variables have zero variances: V58, V61, V62, V63, V64, V65, V66, cumFreq_1
Warning in preProcess.default(thresh = 0.95, k = 5, freqCut = 19, uniqueCut = 10,  :
  These variables have zero variances: V58, V61, V62, V63, V64, V65, V66, cumFreq_1
Warning in preProcess.default(thresh = 0.95, k = 5, freqCut = 19, uniqueCut = 10,  :
  These variables have zero variances: V58, V61, V62, V63, V64, V65, V66, cumFreq_1
Warning in preProcess.default(thresh = 0.95, k = 5, freqCut = 19, uniqueCut = 10,  :
  These variables have zero variances: V58, V61, V62, V63, V64, V65, V66, cumFreq_1
Warning in preProcess.default(thresh = 0.95, k = 5, freqCut = 19, uniqueCut = 10,  :
  These variables have zero variances: V58, V61, V62, V63, V64, V65, V66, cumFreq_1
Warning in preProcess.default(thresh = 0.95, k = 5, freqCut = 19, uniqueCut = 10,  :
  These variables have zero variances: V58, V61, V62, V63, V64, V65, V66, cumFreq_1
Warning in preProcess.default(method = c("center", "scale"), x = c(0, 0,  :
  These variables have zero variances: V58, V61, V62, V63, V64, V65, V66, cumFreq_1
Warning in preProcess.default(thresh = 0.95, k = 5, freqCut = 19, uniqueCut = 10,  :
  These variables have zero variances: V58, V61, V62, V63, V64, V65, V66, cumFreq_1
Warning in preProcess.default(thresh = 0.95, k = 5, freqCut = 19, uniqueCut = 10,  :
  These variables have zero variances: V58, V61, V62, V63, V64, V65, V66, cumFreq_1
Warning in preProcess.default(thresh = 0.95, k = 5, freqCut = 19, uniqueCut = 10,  :
  These variables have zero variances: V58, V61, V62, V63, V64, V65, V66, cumFreq_1
Warning in preProcess.default(thresh = 0.95, k = 5, freqCut = 19, uniqueCut = 10,  :
  These variables have zero variances: V58, V61, V62, V63, V64, V65, V66, cumFreq_1
Warning in preProcess.default(thresh = 0.95, k = 5, freqCut = 19, uniqueCut = 10,  :
  These variables have zero variances: V58, V61, V62, V63, V64, V65, V66, cumFreq_1
Warning in preProcess.default(thresh = 0.95, k = 5, freqCut = 19, uniqueCut = 10,  :
  These variables have zero variances: V58, V61, V62, V63, V64, V65, V66, cumFreq_1
Warning in preProcess.default(thresh = 0.95, k = 5, freqCut = 19, uniqueCut = 10,  :
  These variables have zero variances: V58, V61, V62, V63, V64, V65, V66, cumFreq_1
Warning in preProcess.default(thresh = 0.95, k = 5, freqCut = 19, uniqueCut = 10,  :
  These variables have zero variances: V58, V61, V62, V63, V64, V65, V66, cumFreq_1
Warning in preProcess.default(thresh = 0.95, k = 5, freqCut = 19, uniqueCut = 10,  :
  These variables have zero variances: V58, V61, V62, V63, V64, V65, V66, cumFreq_1
Warning in preProcess.default(thresh = 0.95, k = 5, freqCut = 19, uniqueCut = 10,  :
  These variables have zero variances: V58, V61, V62, V63, V64, V65, V66, cumFreq_1
Warning in preProcess.default(thresh = 0.95, k = 5, freqCut = 19, uniqueCut = 10,  :
  These variables have zero variances: V58, V61, V62, V63, V64, V65, V66, cumFreq_1
Warning in preProcess.default(thresh = 0.95, k = 5, freqCut = 19, uniqueCut = 10,  :
  These variables have zero variances: V58, V61, V62, V63, V64, V65, V66, cumFreq_1
Warning in preProcess.default(thresh = 0.95, k = 5, freqCut = 19, uniqueCut = 10,  :
  These variables have zero variances: V58, V61, V62, V63, V64, V65, V66, cumFreq_1
Warning in preProcess.default(thresh = 0.95, k = 5, freqCut = 19, uniqueCut = 10,  :
  These variables have zero variances: V58, V61, V62, V63, V64, V65, V66, cumFreq_1
Warning in preProcess.default(thresh = 0.95, k = 5, freqCut = 19, uniqueCut = 10,  :
  These variables have zero variances: V58, V61, V62, V63, V64, V65, V66, cumFreq_1
Warning in preProcess.default(thresh = 0.95, k = 5, freqCut = 19, uniqueCut = 10,  :
  These variables have zero variances: V58, V61, V62, V63, V64, V65, V66, cumFreq_1
Warning in preProcess.default(method = c("center", "scale"), x = c(1, 0,  :
  These variables have zero variances: V58, V61, V62, V63, V64, V65, V66, cumFreq_1
Warning in preProcess.default(thresh = 0.95, k = 5, freqCut = 19, uniqueCut = 10,  :
  These variables have zero variances: V58, V61, V62, V63, V64, V65, V66, cumFreq_1
Warning in preProcess.default(thresh = 0.95, k = 5, freqCut = 19, uniqueCut = 10,  :
  These variables have zero variances: V58, V61, V62, V63, V64, V65, V66, cumFreq_1
Warning in preProcess.default(thresh = 0.95, k = 5, freqCut = 19, uniqueCut = 10,  :
  These variables have zero variances: V58, V61, V62, V63, V64, V65, V66, cumFreq_1
Warning in preProcess.default(thresh = 0.95, k = 5, freqCut = 19, uniqueCut = 10,  :
  These variables have zero variances: V58, V61, V62, V63, V64, V65, V66, cumFreq_1
Warning in preProcess.default(thresh = 0.95, k = 5, freqCut = 19, uniqueCut = 10,  :
  These variables have zero variances: V58, V61, V62, V63, V64, V65, V66, cumFreq_1
Warning in preProcess.default(thresh = 0.95, k = 5, freqCut = 19, uniqueCut = 10,  :
  These variables have zero variances: V58, V61, V62, V63, V64, V65, V66, cumFreq_1
Warning in preProcess.default(thresh = 0.95, k = 5, freqCut = 19, uniqueCut = 10,  :
  These variables have zero variances: V58, V61, V62, V63, V64, V65, V66, cumFreq_1
Warning in preProcess.default(thresh = 0.95, k = 5, freqCut = 19, uniqueCut = 10,  :
  These variables have zero variances: V58, V61, V62, V63, V64, V65, V66, cumFreq_1
Warning in preProcess.default(thresh = 0.95, k = 5, freqCut = 19, uniqueCut = 10,  :
  These variables have zero variances: V58, V61, V62, V63, V64, V65, V66, cumFreq_1
Warning in preProcess.default(thresh = 0.95, k = 5, freqCut = 19, uniqueCut = 10,  :
  These variables have zero variances: V58, V61, V62, V63, V64, V65, V66, cumFreq_1
Warning in preProcess.default(thresh = 0.95, k = 5, freqCut = 19, uniqueCut = 10,  :
  These variables have zero variances: V58, V61, V62, V63, V64, V65, V66, cumFreq_1
Warning in preProcess.default(thresh = 0.95, k = 5, freqCut = 19, uniqueCut = 10,  :
  These variables have zero variances: V58, V61, V62, V63, V64, V65, V66, cumFreq_1
Warning in preProcess.default(thresh = 0.95, k = 5, freqCut = 19, uniqueCut = 10,  :
  These variables have zero variances: V58, V61, V62, V63, V64, V65, V66, cumFreq_1
Warning in preProcess.default(thresh = 0.95, k = 5, freqCut = 19, uniqueCut = 10,  :
  These variables have zero variances: V58, V61, V62, V63, V64, V65, V66, cumFreq_1
Warning in preProcess.default(thresh = 0.95, k = 5, freqCut = 19, uniqueCut = 10,  :
  These variables have zero variances: V58, V61, V62, V63, V64, V65, V66, cumFreq_1
Warning in preProcess.default(thresh = 0.95, k = 5, freqCut = 19, uniqueCut = 10,  :
  These variables have zero variances: V58, V61, V62, V63, V64, V65, V66, cumFreq_1
Warning in preProcess.default(method = c("center", "scale"), x = c(1, 0,  :
  These variables have zero variances: V58, V61, V62, V63, V64, V65, V66, cumFreq_1
Warning in preProcess.default(thresh = 0.95, k = 5, freqCut = 19, uniqueCut = 10,  :
  These variables have zero variances: V58, V61, V62, V63, V64, V65, V66, cumFreq_1
Warning in preProcess.default(thresh = 0.95, k = 5, freqCut = 19, uniqueCut = 10,  :
  These variables have zero variances: V58, V61, V62, V63, V64, V65, V66, cumFreq_1
Warning in preProcess.default(thresh = 0.95, k = 5, freqCut = 19, uniqueCut = 10,  :
  These variables have zero variances: V58, V61, V62, V63, V64, V65, V66, cumFreq_1
Warning in preProcess.default(thresh = 0.95, k = 5, freqCut = 19, uniqueCut = 10,  :
  These variables have zero variances: V58, V61, V62, V63, V64, V65, V66, cumFreq_1
Warning in preProcess.default(thresh = 0.95, k = 5, freqCut = 19, uniqueCut = 10,  :
  These variables have zero variances: V58, V61, V62, V63, V64, V65, V66, cumFreq_1
Warning in preProcess.default(thresh = 0.95, k = 5, freqCut = 19, uniqueCut = 10,  :
  These variables have zero variances: V58, V61, V62, V63, V64, V65, V66, cumFreq_1
Warning in preProcess.default(thresh = 0.95, k = 5, freqCut = 19, uniqueCut = 10,  :
  These variables have zero variances: V58, V61, V62, V63, V64, V65, V66, cumFreq_1
Warning in preProcess.default(thresh = 0.95, k = 5, freqCut = 19, uniqueCut = 10,  :
  These variables have zero variances: V58, V61, V62, V63, V64, V65, V66, cumFreq_1
Warning in preProcess.default(thresh = 0.95, k = 5, freqCut = 19, uniqueCut = 10,  :
  These variables have zero variances: V58, V61, V62, V63, V64, V65, V66, cumFreq_1
Warning in preProcess.default(thresh = 0.95, k = 5, freqCut = 19, uniqueCut = 10,  :
  These variables have zero variances: V58, V61, V62, V63, V64, V65, V66, cumFreq_1
Warning in preProcess.default(thresh = 0.95, k = 5, freqCut = 19, uniqueCut = 10,  :
  These variables have zero variances: V58, V61, V62, V63, V64, V65, V66, cumFreq_1
Warning in preProcess.default(thresh = 0.95, k = 5, freqCut = 19, uniqueCut = 10,  :
  These variables have zero variances: V58, V61, V62, V63, V64, V65, V66, cumFreq_1
Warning in preProcess.default(thresh = 0.95, k = 5, freqCut = 19, uniqueCut = 10,  :
  These variables have zero variances: V58, V61, V62, V63, V64, V65, V66, cumFreq_1
Warning in preProcess.default(thresh = 0.95, k = 5, freqCut = 19, uniqueCut = 10,  :
  These variables have zero variances: V58, V61, V62, V63, V64, V65, V66, cumFreq_1
Warning in preProcess.default(thresh = 0.95, k = 5, freqCut = 19, uniqueCut = 10,  :
  These variables have zero variances: V58, V61, V62, V63, V64, V65, V66, cumFreq_1
Warning in preProcess.default(thresh = 0.95, k = 5, freqCut = 19, uniqueCut = 10,  :
  These variables have zero variances: V58, V61, V62, V63, V64, V65, V66, cumFreq_1
Warning in preProcess.default(method = c("center", "scale"), x = c(0, 0,  :
  These variables have zero variances: V58, V61, V62, V63, V64, V65, V66, cumFreq_1
Warning in preProcess.default(thresh = 0.95, k = 5, freqCut = 19, uniqueCut = 10,  :
  These variables have zero variances: V58, V61, V62, V63, V64, V65, V66, cumFreq_1
Warning in preProcess.default(thresh = 0.95, k = 5, freqCut = 19, uniqueCut = 10,  :
  These variables have zero variances: V58, V61, V62, V63, V64, V65, V66, cumFreq_1
Warning in preProcess.default(thresh = 0.95, k = 5, freqCut = 19, uniqueCut = 10,  :
  These variables have zero variances: V58, V61, V62, V63, V64, V65, V66, cumFreq_1
Warning in preProcess.default(thresh = 0.95, k = 5, freqCut = 19, uniqueCut = 10,  :
  These variables have zero variances: V58, V61, V62, V63, V64, V65, V66, cumFreq_1
Warning in preProcess.default(thresh = 0.95, k = 5, freqCut = 19, uniqueCut = 10,  :
  These variables have zero variances: V58, V61, V62, V63, V64, V65, V66, cumFreq_1
Warning in preProcess.default(thresh = 0.95, k = 5, freqCut = 19, uniqueCut = 10,  :
  These variables have zero variances: V58, V61, V62, V63, V64, V65, V66, cumFreq_1
Warning in preProcess.default(thresh = 0.95, k = 5, freqCut = 19, uniqueCut = 10,  :
  These variables have zero variances: V58, V61, V62, V63, V64, V65, V66, cumFreq_1
Warning in preProcess.default(thresh = 0.95, k = 5, freqCut = 19, uniqueCut = 10,  :
  These variables have zero variances: V58, V61, V62, V63, V64, V65, V66, cumFreq_1
Warning in preProcess.default(thresh = 0.95, k = 5, freqCut = 19, uniqueCut = 10,  :
  These variables have zero variances: V58, V61, V62, V63, V64, V65, V66, cumFreq_1
Warning in preProcess.default(thresh = 0.95, k = 5, freqCut = 19, uniqueCut = 10,  :
  These variables have zero variances: V58, V61, V62, V63, V64, V65, V66, cumFreq_1
Warning in preProcess.default(thresh = 0.95, k = 5, freqCut = 19, uniqueCut = 10,  :
  These variables have zero variances: V58, V61, V62, V63, V64, V65, V66, cumFreq_1
Warning in preProcess.default(thresh = 0.95, k = 5, freqCut = 19, uniqueCut = 10,  :
  These variables have zero variances: V58, V61, V62, V63, V64, V65, V66, cumFreq_1
Warning in preProcess.default(thresh = 0.95, k = 5, freqCut = 19, uniqueCut = 10,  :
  These variables have zero variances: V58, V61, V62, V63, V64, V65, V66, cumFreq_1
Warning in preProcess.default(thresh = 0.95, k = 5, freqCut = 19, uniqueCut = 10,  :
  These variables have zero variances: V58, V61, V62, V63, V64, V65, V66, cumFreq_1
Warning in preProcess.default(thresh = 0.95, k = 5, freqCut = 19, uniqueCut = 10,  :
  These variables have zero variances: V58, V61, V62, V63, V64, V65, V66, cumFreq_1
Warning in preProcess.default(thresh = 0.95, k = 5, freqCut = 19, uniqueCut = 10,  :
  These variables have zero variances: V58, V61, V62, V63, V64, V65, V66, cumFreq_1
Warning in preProcess.default(method = c("center", "scale"), x = c(0, 0,  :
  These variables have zero variances: V58, V61, V62, V63, V64, V65, V66, cumFreq_1
Warning in preProcess.default(thresh = 0.95, k = 5, freqCut = 19, uniqueCut = 10,  :
  These variables have zero variances: V58, V61, V62, V63, V64, V65, V66, cumFreq_1
Warning in preProcess.default(thresh = 0.95, k = 5, freqCut = 19, uniqueCut = 10,  :
  These variables have zero variances: V58, V61, V62, V63, V64, V65, V66, cumFreq_1
Warning in preProcess.default(thresh = 0.95, k = 5, freqCut = 19, uniqueCut = 10,  :
  These variables have zero variances: V58, V61, V62, V63, V64, V65, V66, cumFreq_1
Warning in preProcess.default(thresh = 0.95, k = 5, freqCut = 19, uniqueCut = 10,  :
  These variables have zero variances: V58, V61, V62, V63, V64, V65, V66, cumFreq_1
Warning in preProcess.default(thresh = 0.95, k = 5, freqCut = 19, uniqueCut = 10,  :
  These variables have zero variances: V58, V61, V62, V63, V64, V65, V66, cumFreq_1
Warning in preProcess.default(thresh = 0.95, k = 5, freqCut = 19, uniqueCut = 10,  :
  These variables have zero variances: V58, V61, V62, V63, V64, V65, V66, cumFreq_1
Warning in preProcess.default(thresh = 0.95, k = 5, freqCut = 19, uniqueCut = 10,  :
  These variables have zero variances: V58, V61, V62, V63, V64, V65, V66, cumFreq_1
Warning in preProcess.default(thresh = 0.95, k = 5, freqCut = 19, uniqueCut = 10,  :
  These variables have zero variances: V58, V61, V62, V63, V64, V65, V66, cumFreq_1
Warning in preProcess.default(thresh = 0.95, k = 5, freqCut = 19, uniqueCut = 10,  :
  These variables have zero variances: V58, V61, V62, V63, V64, V65, V66, cumFreq_1
Warning in preProcess.default(thresh = 0.95, k = 5, freqCut = 19, uniqueCut = 10,  :
  These variables have zero variances: V58, V61, V62, V63, V64, V65, V66, cumFreq_1
Warning in preProcess.default(thresh = 0.95, k = 5, freqCut = 19, uniqueCut = 10,  :
  These variables have zero variances: V58, V61, V62, V63, V64, V65, V66, cumFreq_1
Warning in preProcess.default(thresh = 0.95, k = 5, freqCut = 19, uniqueCut = 10,  :
  These variables have zero variances: V58, V61, V62, V63, V64, V65, V66, cumFreq_1
Warning in preProcess.default(thresh = 0.95, k = 5, freqCut = 19, uniqueCut = 10,  :
  These variables have zero variances: V58, V61, V62, V63, V64, V65, V66, cumFreq_1
Warning in preProcess.default(thresh = 0.95, k = 5, freqCut = 19, uniqueCut = 10,  :
  These variables have zero variances: V58, V61, V62, V63, V64, V65, V66, cumFreq_1
Warning in preProcess.default(thresh = 0.95, k = 5, freqCut = 19, uniqueCut = 10,  :
  These variables have zero variances: V58, V61, V62, V63, V64, V65, V66, cumFreq_1
Warning in preProcess.default(thresh = 0.95, k = 5, freqCut = 19, uniqueCut = 10,  :
  These variables have zero variances: V58, V61, V62, V63, V64, V65, V66, cumFreq_1
Warning in preProcess.default(method = c("center", "scale"), x = c(0, 0,  :
  These variables have zero variances: V58, V61, V62, V63, V64, V65, V66, cumFreq_1
Warning in preProcess.default(thresh = 0.95, k = 5, freqCut = 19, uniqueCut = 10,  :
  These variables have zero variances: V58, V61, V62, V63, V64, V65, V66, cumFreq_1
Warning in preProcess.default(thresh = 0.95, k = 5, freqCut = 19, uniqueCut = 10,  :
  These variables have zero variances: V58, V61, V62, V63, V64, V65, V66, cumFreq_1
Warning in preProcess.default(thresh = 0.95, k = 5, freqCut = 19, uniqueCut = 10,  :
  These variables have zero variances: V58, V61, V62, V63, V64, V65, V66, cumFreq_1
Warning in preProcess.default(thresh = 0.95, k = 5, freqCut = 19, uniqueCut = 10,  :
  These variables have zero variances: V58, V61, V62, V63, V64, V65, V66, cumFreq_1
Warning in preProcess.default(thresh = 0.95, k = 5, freqCut = 19, uniqueCut = 10,  :
  These variables have zero variances: V58, V61, V62, V63, V64, V65, V66, cumFreq_1
Warning in preProcess.default(thresh = 0.95, k = 5, freqCut = 19, uniqueCut = 10,  :
  These variables have zero variances: V58, V61, V62, V63, V64, V65, V66, cumFreq_1
Warning in preProcess.default(thresh = 0.95, k = 5, freqCut = 19, uniqueCut = 10,  :
  These variables have zero variances: V58, V61, V62, V63, V64, V65, V66, cumFreq_1
Warning in preProcess.default(thresh = 0.95, k = 5, freqCut = 19, uniqueCut = 10,  :
  These variables have zero variances: V58, V61, V62, V63, V64, V65, V66, cumFreq_1
Warning in preProcess.default(thresh = 0.95, k = 5, freqCut = 19, uniqueCut = 10,  :
  These variables have zero variances: V58, V61, V62, V63, V64, V65, V66, cumFreq_1
Warning in preProcess.default(thresh = 0.95, k = 5, freqCut = 19, uniqueCut = 10,  :
  These variables have zero variances: V58, V61, V62, V63, V64, V65, V66, cumFreq_1
Warning in preProcess.default(thresh = 0.95, k = 5, freqCut = 19, uniqueCut = 10,  :
  These variables have zero variances: V58, V61, V62, V63, V64, V65, V66, cumFreq_1
Warning in preProcess.default(thresh = 0.95, k = 5, freqCut = 19, uniqueCut = 10,  :
  These variables have zero variances: V58, V61, V62, V63, V64, V65, V66, cumFreq_1
Warning in preProcess.default(thresh = 0.95, k = 5, freqCut = 19, uniqueCut = 10,  :
  These variables have zero variances: V58, V61, V62, V63, V64, V65, V66, cumFreq_1
Warning in preProcess.default(thresh = 0.95, k = 5, freqCut = 19, uniqueCut = 10,  :
  These variables have zero variances: V58, V61, V62, V63, V64, V65, V66, cumFreq_1
Warning in preProcess.default(thresh = 0.95, k = 5, freqCut = 19, uniqueCut = 10,  :
  These variables have zero variances: V58, V61, V62, V63, V64, V65, V66, cumFreq_1
Warning in preProcess.default(thresh = 0.95, k = 5, freqCut = 19, uniqueCut = 10,  :
  These variables have zero variances: V58, V61, V62, V63, V64, V65, V66, cumFreq_1
Warning in preProcess.default(method = c("center", "scale"), x = c(0, 0,  :
  These variables have zero variances: V58, V61, V62, V63, V64, V65, V66, cumFreq_1
Warning in preProcess.default(thresh = 0.95, k = 5, freqCut = 19, uniqueCut = 10,  :
  These variables have zero variances: V58, V61, V62, V63, V64, V65, V66, cumFreq_1
Warning in preProcess.default(thresh = 0.95, k = 5, freqCut = 19, uniqueCut = 10,  :
  These variables have zero variances: V58, V61, V62, V63, V64, V65, V66, cumFreq_1
Warning in preProcess.default(thresh = 0.95, k = 5, freqCut = 19, uniqueCut = 10,  :
  These variables have zero variances: V58, V61, V62, V63, V64, V65, V66, cumFreq_1
Warning in preProcess.default(thresh = 0.95, k = 5, freqCut = 19, uniqueCut = 10,  :
  These variables have zero variances: V58, V61, V62, V63, V64, V65, V66, cumFreq_1
Warning in preProcess.default(thresh = 0.95, k = 5, freqCut = 19, uniqueCut = 10,  :
  These variables have zero variances: V58, V61, V62, V63, V64, V65, V66, cumFreq_1
Warning in preProcess.default(thresh = 0.95, k = 5, freqCut = 19, uniqueCut = 10,  :
  These variables have zero variances: V58, V61, V62, V63, V64, V65, V66, cumFreq_1
Warning in preProcess.default(thresh = 0.95, k = 5, freqCut = 19, uniqueCut = 10,  :
  These variables have zero variances: V58, V61, V62, V63, V64, V65, V66, cumFreq_1
Warning in preProcess.default(thresh = 0.95, k = 5, freqCut = 19, uniqueCut = 10,  :
  These variables have zero variances: V58, V61, V62, V63, V64, V65, V66, cumFreq_1
Warning in preProcess.default(thresh = 0.95, k = 5, freqCut = 19, uniqueCut = 10,  :
  These variables have zero variances: V58, V61, V62, V63, V64, V65, V66, cumFreq_1
Warning in preProcess.default(thresh = 0.95, k = 5, freqCut = 19, uniqueCut = 10,  :
  These variables have zero variances: V58, V61, V62, V63, V64, V65, V66, cumFreq_1
Warning in preProcess.default(thresh = 0.95, k = 5, freqCut = 19, uniqueCut = 10,  :
  These variables have zero variances: V58, V61, V62, V63, V64, V65, V66, cumFreq_1
Warning in preProcess.default(thresh = 0.95, k = 5, freqCut = 19, uniqueCut = 10,  :
  These variables have zero variances: V58, V61, V62, V63, V64, V65, V66, cumFreq_1
Warning in preProcess.default(thresh = 0.95, k = 5, freqCut = 19, uniqueCut = 10,  :
  These variables have zero variances: V58, V61, V62, V63, V64, V65, V66, cumFreq_1
Warning in preProcess.default(thresh = 0.95, k = 5, freqCut = 19, uniqueCut = 10,  :
  These variables have zero variances: V58, V61, V62, V63, V64, V65, V66, cumFreq_1
Warning in preProcess.default(thresh = 0.95, k = 5, freqCut = 19, uniqueCut = 10,  :
  These variables have zero variances: V58, V61, V62, V63, V64, V65, V66, cumFreq_1
Warning in preProcess.default(thresh = 0.95, k = 5, freqCut = 19, uniqueCut = 10,  :
  These variables have zero variances: V58, V61, V62, V63, V64, V65, V66, cumFreq_1
Warning in preProcess.default(method = c("center", "scale"), x = c(0, 0,  :
  These variables have zero variances: V58, V61, V62, V63, V64, V65, V66, cumFreq_1
Warning in preProcess.default(thresh = 0.95, k = 5, freqCut = 19, uniqueCut = 10,  :
  These variables have zero variances: V58, V61, V62, V63, V64, V65, V66, cumFreq_1
Warning in preProcess.default(thresh = 0.95, k = 5, freqCut = 19, uniqueCut = 10,  :
  These variables have zero variances: V58, V61, V62, V63, V64, V65, V66, cumFreq_1
Warning in preProcess.default(thresh = 0.95, k = 5, freqCut = 19, uniqueCut = 10,  :
  These variables have zero variances: V58, V61, V62, V63, V64, V65, V66, cumFreq_1
Warning in preProcess.default(thresh = 0.95, k = 5, freqCut = 19, uniqueCut = 10,  :
  These variables have zero variances: V58, V61, V62, V63, V64, V65, V66, cumFreq_1
Warning in preProcess.default(thresh = 0.95, k = 5, freqCut = 19, uniqueCut = 10,  :
  These variables have zero variances: V58, V61, V62, V63, V64, V65, V66, cumFreq_1
Warning in preProcess.default(thresh = 0.95, k = 5, freqCut = 19, uniqueCut = 10,  :
  These variables have zero variances: V58, V61, V62, V63, V64, V65, V66, cumFreq_1
Warning in preProcess.default(thresh = 0.95, k = 5, freqCut = 19, uniqueCut = 10,  :
  These variables have zero variances: V58, V61, V62, V63, V64, V65, V66, cumFreq_1
Warning in preProcess.default(thresh = 0.95, k = 5, freqCut = 19, uniqueCut = 10,  :
  These variables have zero variances: V58, V61, V62, V63, V64, V65, V66, cumFreq_1
Warning in preProcess.default(thresh = 0.95, k = 5, freqCut = 19, uniqueCut = 10,  :
  These variables have zero variances: V58, V61, V62, V63, V64, V65, V66, cumFreq_1
Warning in preProcess.default(thresh = 0.95, k = 5, freqCut = 19, uniqueCut = 10,  :
  These variables have zero variances: V58, V61, V62, V63, V64, V65, V66, cumFreq_1
Warning in preProcess.default(thresh = 0.95, k = 5, freqCut = 19, uniqueCut = 10,  :
  These variables have zero variances: V58, V61, V62, V63, V64, V65, V66, cumFreq_1
Warning in preProcess.default(thresh = 0.95, k = 5, freqCut = 19, uniqueCut = 10,  :
  These variables have zero variances: V58, V61, V62, V63, V64, V65, V66, cumFreq_1
Warning in preProcess.default(thresh = 0.95, k = 5, freqCut = 19, uniqueCut = 10,  :
  These variables have zero variances: V58, V61, V62, V63, V64, V65, V66, cumFreq_1
Warning in preProcess.default(thresh = 0.95, k = 5, freqCut = 19, uniqueCut = 10,  :
  These variables have zero variances: V58, V61, V62, V63, V64, V65, V66, cumFreq_1
Warning in preProcess.default(thresh = 0.95, k = 5, freqCut = 19, uniqueCut = 10,  :
  These variables have zero variances: V58, V61, V62, V63, V64, V65, V66, cumFreq_1
Warning in preProcess.default(thresh = 0.95, k = 5, freqCut = 19, uniqueCut = 10,  :
  These variables have zero variances: V58, V61, V62, V63, V64, V65, V66, cumFreq_1
Warning in preProcess.default(method = c("center", "scale"), x = c(0, 0,  :
  These variables have zero variances: V58, V61, V62, V63, V64, V65, V66, cumFreq_1
Warning in preProcess.default(thresh = 0.95, k = 5, freqCut = 19, uniqueCut = 10,  :
  These variables have zero variances: V58, V61, V62, V63, V64, V65, V66, cumFreq_1
Warning in preProcess.default(thresh = 0.95, k = 5, freqCut = 19, uniqueCut = 10,  :
  These variables have zero variances: V58, V61, V62, V63, V64, V65, V66, cumFreq_1
Warning in preProcess.default(thresh = 0.95, k = 5, freqCut = 19, uniqueCut = 10,  :
  These variables have zero variances: V58, V61, V62, V63, V64, V65, V66, cumFreq_1
Warning in preProcess.default(thresh = 0.95, k = 5, freqCut = 19, uniqueCut = 10,  :
  These variables have zero variances: V58, V61, V62, V63, V64, V65, V66, cumFreq_1
Warning in preProcess.default(thresh = 0.95, k = 5, freqCut = 19, uniqueCut = 10,  :
  These variables have zero variances: V58, V61, V62, V63, V64, V65, V66, cumFreq_1
Warning in preProcess.default(thresh = 0.95, k = 5, freqCut = 19, uniqueCut = 10,  :
  These variables have zero variances: V58, V61, V62, V63, V64, V65, V66, cumFreq_1
Warning in preProcess.default(thresh = 0.95, k = 5, freqCut = 19, uniqueCut = 10,  :
  These variables have zero variances: V58, V61, V62, V63, V64, V65, V66, cumFreq_1
Warning in preProcess.default(thresh = 0.95, k = 5, freqCut = 19, uniqueCut = 10,  :
  These variables have zero variances: V58, V61, V62, V63, V64, V65, V66, cumFreq_1
Warning in preProcess.default(thresh = 0.95, k = 5, freqCut = 19, uniqueCut = 10,  :
  These variables have zero variances: V58, V61, V62, V63, V64, V65, V66, cumFreq_1
Warning in preProcess.default(thresh = 0.95, k = 5, freqCut = 19, uniqueCut = 10,  :
  These variables have zero variances: V58, V61, V62, V63, V64, V65, V66, cumFreq_1
Warning in preProcess.default(thresh = 0.95, k = 5, freqCut = 19, uniqueCut = 10,  :
  These variables have zero variances: V58, V61, V62, V63, V64, V65, V66, cumFreq_1
Warning in preProcess.default(thresh = 0.95, k = 5, freqCut = 19, uniqueCut = 10,  :
  These variables have zero variances: V58, V61, V62, V63, V64, V65, V66, cumFreq_1
Warning in preProcess.default(thresh = 0.95, k = 5, freqCut = 19, uniqueCut = 10,  :
  These variables have zero variances: V58, V61, V62, V63, V64, V65, V66, cumFreq_1
Warning in preProcess.default(thresh = 0.95, k = 5, freqCut = 19, uniqueCut = 10,  :
  These variables have zero variances: V58, V61, V62, V63, V64, V65, V66, cumFreq_1
Warning in preProcess.default(thresh = 0.95, k = 5, freqCut = 19, uniqueCut = 10,  :
  These variables have zero variances: V58, V61, V62, V63, V64, V65, V66, cumFreq_1
Warning in preProcess.default(thresh = 0.95, k = 5, freqCut = 19, uniqueCut = 10,  :
  These variables have zero variances: V58, V61, V62, V63, V64, V65, V66, cumFreq_1
There were 50 or more warnings (use warnings() to see the first 50)
