During startup - Warning message:
Setting LC_CTYPE failed, using "C" 
Loading required package: BSgenome
Loading required package: methods
Loading required package: BiocGenerics
Loading required package: parallel

Attaching package: 'BiocGenerics'

The following objects are masked from 'package:parallel':

    clusterApply, clusterApplyLB, clusterCall, clusterEvalQ,
    clusterExport, clusterMap, parApply, parCapply, parLapply,
    parLapplyLB, parRapply, parSapply, parSapplyLB

The following objects are masked from 'package:stats':

    IQR, mad, sd, var, xtabs

The following objects are masked from 'package:base':

    anyDuplicated, append, as.data.frame, cbind, colMeans, colnames,
    colSums, do.call, duplicated, eval, evalq, Filter, Find, get, grep,
    grepl, intersect, is.unsorted, lapply, lengths, Map, mapply, match,
    mget, order, paste, pmax, pmax.int, pmin, pmin.int, Position, rank,
    rbind, Reduce, rowMeans, rownames, rowSums, sapply, setdiff, sort,
    table, tapply, union, unique, unsplit, which, which.max, which.min

Loading required package: S4Vectors
Loading required package: stats4

Attaching package: 'S4Vectors'

The following object is masked from 'package:base':

    expand.grid

Loading required package: IRanges
Loading required package: GenomeInfoDb
Loading required package: GenomicRanges
Loading required package: Biostrings
Loading required package: XVector

Attaching package: 'Biostrings'

The following object is masked from 'package:base':

    strsplit

Loading required package: rtracklayer
Loading required package: GenomicFeatures
Loading required package: AnnotationDbi
Loading required package: Biobase
Welcome to Bioconductor

    Vignettes contain introductory material; view with
    'browseVignettes()'. To cite Bioconductor, see
    'citation("Biobase")', and for packages 'citation("pkgname")'.

Loading required package: gplots

Attaching package: 'gplots'

The following object is masked from 'package:rtracklayer':

    space

The following object is masked from 'package:IRanges':

    space

The following object is masked from 'package:S4Vectors':

    space

The following object is masked from 'package:stats':

    lowess

Type 'citation("pROC")' for a citation.

Attaching package: 'pROC'

The following objects are masked from 'package:IRanges':

    cov, var

The following objects are masked from 'package:S4Vectors':

    cov, var

The following object is masked from 'package:BiocGenerics':

    var

The following objects are masked from 'package:stats':

    cov, smooth, var


Attaching package: 'kernlab'

The following object is masked from 'package:Biostrings':

    type

GRanges object with 6916 ranges and 0 metadata columns:
         seqnames                 ranges strand
            <Rle>              <IRanges>  <Rle>
     [1]     chr1 [ 40704830,  40704834]      +
     [2]     chr6 [155143433, 155143437]      +
     [3]    chr12 [ 96793939,  96793943]      -
     [4]    chr11 [107677319, 107677323]      -
     [5]     chr8 [ 17424053,  17424057]      +
     ...      ...                    ...    ...
  [6912]    chr15   [31667650, 31667654]      +
  [6913]     chr3   [14170936, 14170940]      +
  [6914]     chr9   [34252165, 34252169]      +
  [6915]     chr8   [25203064, 25203068]      +
  [6916]    chr10   [73770863, 73770867]      +
  -------
  seqinfo: 93 sequences from an unspecified genome; no seqlengths
Loading required package: lattice
Loading required package: ggplot2

Attaching package: 'ggplot2'

The following object is masked from 'package:kernlab':

    alpha


Attaching package: 'matrixStats'

The following objects are masked from 'package:Biobase':

    anyMissing, rowMedians


Attaching package: 'dplyr'

The following object is masked from 'package:matrixStats':

    count

The following object is masked from 'package:AnnotationDbi':

    select

The following object is masked from 'package:Biobase':

    combine

The following objects are masked from 'package:Biostrings':

    collapse, intersect, setdiff, setequal, union

The following object is masked from 'package:XVector':

    slice

The following objects are masked from 'package:GenomicRanges':

    intersect, setdiff, union

The following object is masked from 'package:GenomeInfoDb':

    intersect

The following objects are masked from 'package:IRanges':

    collapse, desc, intersect, setdiff, slice, union

The following objects are masked from 'package:S4Vectors':

    first, intersect, rename, setdiff, setequal, union

The following objects are masked from 'package:BiocGenerics':

    combine, intersect, setdiff, union

The following objects are masked from 'package:stats':

    filter, lag

The following objects are masked from 'package:base':

    intersect, setdiff, setequal, union

line search fails -1.21583 0.01065632 1.396952e-05 8.411254e-07 -1.085707e-08 -3.784029e-10 -1.519863e-13line search fails -1.140905 0.02612816 1.318209e-05 -6.115255e-08 -9.021769e-09 2.415398e-10 -1.189405e-13line search fails -1.235318 0.004506174 2.352647e-05 1.620955e-06 -1.836629e-08 -8.686107e-10 -4.335019e-13line search fails -1.195954 0.01928454 2.378417e-05 9.419528e-07 -1.723469e-08 -2.646268e-10 -4.101621e-13line search fails -1.149817 0.03279588 1.738524e-05 -3.394636e-07 -1.186549e-08 5.313238e-10 -2.064648e-13line search fails -1.207442 0.01676867 1.298055e-05 5.7886e-07 -9.928001e-09 -1.881592e-10 -1.289799e-13line search fails -1.234392 0.004132658 1.972315e-05 1.611349e-06 -1.541651e-08 -8.661655e-10 -3.054578e-13line search fails -1.178364 0.01318295 1.822853e-05 1.104252e-06 -1.299999e-08 -4.81432e-10 -2.375025e-13line search fails -1.15375 0.02321029 1.633851e-05 2.317431e-07 -1.124404e-08 9.887791e-11 -1.836879e-13line search fails -1.224142 0.01308265 1.866563e-05 9.269045e-07 -1.448162e-08 -3.714297e-10 -2.706528e-13line search fails -1.172056 0.02255824 1.300023e-05 2.272124e-07 -7.276543e-09 3.603297e-11 -9.458858e-14Error in .performance.auc(fpr.stop = 1, predictions = numeric(0), labels = structure(integer(0), .Label = c("Neg",  : 
  Not enough distinct predictions to compute area under the ROC curve.
In addition: There were 32 warnings (use warnings() to see them)
Error in aucMatrix[i, ] <- attr(BIOmotifvsnon_testpppred_auc, "y.values")[[1]][1] : 
  number of items to replace is not a multiple of replacement length
line search fails -1.237123 0.01574036 1.609371e-05 9.202004e-07 -1.267716e-08 -3.599907e-10 -2.043538e-13line search fails -1.181154 0.0266364 1.621594e-05 2.615994e-07 -1.158109e-08 1.14091e-10 -1.877685e-13line search fails -1.178061 0.04030929 1.967314e-05 -5.980999e-07 -1.381192e-08 8.15476e-10 -2.722116e-13line search fails -1.249609 0.02357964 2.076826e-05 1.088986e-06 -1.647422e-08 -3.152584e-10 -3.424844e-13line search fails -1.204614 0.0354057 2.257936e-05 7.182473e-07 -1.647937e-08 6.934101e-11 -3.72044e-13line search fails -1.174094 0.0450402 2.249924e-05 -7.110575e-07 -1.56024e-08 1.004961e-09 -3.517567e-13line search fails -1.243988 0.0312191 2.319899e-05 9.587761e-07 -1.824725e-08 -1.110321e-10 -4.234242e-13line search fails -1.211643 0.03680356 2.811208e-05 3.537613e-07 -2.057217e-08 3.95438e-10 -5.781866e-13line search fails -1.17789 0.03625209 2.718196e-05 -7.323211e-07 -1.882645e-08 9.900647e-10 -5.124648e-13line search fails -1.255995 0.01854135 2.363865e-05 1.287136e-06 -1.886757e-08 -4.618186e-10 -4.465984e-13line search fails -1.174017 0.03263083 2.336418e-05 -5.845861e-07 -1.622111e-08 7.844204e-10 -3.794515e-13line search fails -1.210023 0.03753494 3.896163e-05 5.031073e-07 -2.245809e-08 4.569602e-10 -8.747741e-13Error in .performance.auc(fpr.stop = 1, predictions = numeric(0), labels = structure(integer(0), .Label = c("Neg",  : 
  Not enough distinct predictions to compute area under the ROC curve.
In addition: There were 35 warnings (use warnings() to see them)
Error in aucMatrix[i, ] <- attr(BIOmotifvsnon_testpppred_auc, "y.values")[[1]][1] : 
  number of items to replace is not a multiple of replacement length
line search fails -1.217083 0.02031746 1.147669e-05 5.584851e-07 -8.911487e-09 -1.639343e-10 -1.023659e-13line search fails -1.189977 0.02175324 1.431838e-05 3.912005e-07 -1.042759e-08 -3.032755e-11 -1.493181e-13line search fails -1.157648 0.03000154 1.33262e-05 -2.353907e-08 -9.236142e-09 2.542351e-10 -1.230886e-13line search fails -1.245165 0.01994741 2.490452e-05 8.571149e-07 -1.955511e-08 -1.872927e-10 -4.871711e-13line search fails -1.20956 0.03116749 3.081844e-05 2.792218e-07 -2.238218e-08 4.122341e-10 -6.89669e-13line search fails -1.174534 0.03135887 2.598509e-05 -1.082589e-06 -1.79459e-08 1.096936e-09 -4.675135e-13line search fails -1.203242 0.01924284 2.376848e-05 1.034128e-06 -1.719395e-08 -3.152836e-10 -4.09e-13line search fails -1.182433 0.02539946 2.944257e-05 5.246003e-07 -2.046053e-08 1.475381e-10 -6.023333e-13line search fails -1.200978 0.02398213 2.076367e-05 5.864797e-07 -1.511128e-08 -3.134838e-11 -3.13784e-13line search fails -1.164728 0.02553049 1.998203e-05 -4.572569e-07 -1.3802e-08 5.609467e-10 -2.760485e-13line search fails -1.219465 0.0280306 1.596849e-05 4.658808e-07 -1.23175e-08 1.69481e-11 -1.966839e-13line search fails -1.191265 0.03321052 2.009509e-05 1.208934e-09 -1.453183e-08 4.002254e-10 -2.92018e-13line search fails -1.195996 0.006916484 1.35612e-05 8.37973e-07 -9.781187e-09 -4.246041e-10 -1.330005e-13line search fails -1.156032 0.02498181 1.701151e-05 5.162385e-07 -1.158345e-08 -3.894458e-11 -1.970721e-13line search fails -1.205481 -0.007882994 1.228907e-05 1.059193e-06 -9.44901e-09 -6.5288e-10 -1.168111e-13line search fails -1.151218 0.007821425 1.06165e-05 6.328406e-07 -7.488216e-09 -3.021558e-10 -7.968985e-14line search fails -1.184561 0.01875826 1.264181e-05 3.33881e-07 -9.281317e-09 -4.176867e-11 -1.173466e-13line search fails -1.226307 0.002643235 1.813914e-05 1.2283e-06 -1.42051e-08 -6.695015e-10 -2.584906e-13line search fails -1.174178 0.008049944 1.623927e-05 8.197861e-07 -1.16976e-08 -3.859516e-10 -1.902768e-13line search fails -1.153968 0.02141345 1.664395e-05 -4.147382e-08 -1.148343e-08 2.30312e-10 -1.911391e-13line search fails -1.216178 0.007746043 1.772033e-05 1.088506e-06 -1.35786e-08 -5.310988e-10 -2.411954e-13line search fails -1.181385 0.02006462 1.620973e-05 6.496097e-07 -1.160321e-08 -1.735604e-10 -1.881976e-13line search fails -1.143396 0.02858607 1.558253e-05 1.287659e-07 -1.051033e-08 1.889523e-10 -1.637532e-13line search fails -1.133007 0.02671732 1.406962e-05 -1.087014e-07 -7.476049e-09 2.256765e-10 -1.052097e-13Error in .performance.auc(fpr.stop = 1, predictions = numeric(0), labels = structure(integer(0), .Label = c("Neg",  : 
  Not enough distinct predictions to compute area under the ROC curve.
In addition: There were 50 or more warnings (use warnings() to see the first 50)
Error in aucMatrix[i, ] <- attr(BIOmotifvsnon_testpppred_auc, "y.values")[[1]][1] : 
  number of items to replace is not a multiple of replacement length
line search fails -1.217494 0.01757287 1.165706e-05 7.667019e-07 -9.087408e-09 -3.011681e-10 -1.061634e-13line search fails -1.178208 0.02778912 1.144647e-05 3.228585e-07 -8.308241e-09 1.174012e-11 -9.509623e-14line search fails -1.148712 0.02928208 1.069587e-05 -1.870275e-07 -7.389254e-09 2.922837e-10 -7.908915e-14line search fails -1.237135 0.01362484 1.527791e-05 1.095217e-06 -1.208153e-08 -4.855195e-10 -1.851123e-13line search fails -1.204549 0.01667444 1.002759e-05 3.763471e-07 -7.392914e-09 -1.120955e-10 -7.417526e-14line search fails -1.158472 0.02754649 1.576548e-05 -3.757276e-07 -1.088316e-08 4.741216e-10 -1.717563e-13line search fails -1.18799 0.02449887 1.307661e-05 4.533001e-07 -9.545073e-09 -5.854444e-11 -1.248438e-13line search fails -1.232541 0.01750928 1.243212e-05 7.392552e-07 -9.815586e-09 -2.776795e-10 -1.222338e-13line search fails -1.192705 0.02547205 1.431383e-05 3.774669e-07 -1.043663e-08 6.184936e-12 -1.493858e-13line search fails -1.224262 0.01973405 1.24829e-05 8.213788e-07 -9.804624e-09 -3.035197e-10 -1.226395e-13line search fails -1.182385 0.02653545 1.467933e-05 4.663033e-07 -1.060817e-08 -2.751419e-11 -1.557337e-13line search fails -1.143604 0.03471762 1.005355e-05 -2.926159e-07 -6.911207e-09 3.71522e-10 -6.959088e-14line search fails -1.167732 0.04180401 2.58047e-05 -9.833395e-07 -1.437132e-08 9.635267e-10 -3.717952e-13Error in .performance.auc(fpr.stop = 1, predictions = numeric(0), labels = structure(integer(0), .Label = c("Neg",  : 
  Not enough distinct predictions to compute area under the ROC curve.
In addition: There were 38 warnings (use warnings() to see them)
Error in aucMatrix[i, ] <- attr(BIOmotifvsnon_testpppred_auc, "y.values")[[1]][1] : 
  number of items to replace is not a multiple of replacement length
line search fails -1.218445 0.02163844 1.239815e-05 6.528406e-07 -9.630251e-09 -1.920148e-10 -1.195227e-13line search fails -1.189497 0.02896616 1.506828e-05 1.050856e-07 -1.098576e-08 2.106195e-10 -1.655144e-13line search fails -1.15016 0.0449479 1.142142e-05 -5.247374e-07 -7.849837e-09 6.016195e-10 -8.997196e-14line search fails -1.210985 0.01355347 1.064164e-05 4.992715e-07 -8.257914e-09 -1.832581e-10 -8.796922e-14line search fails -1.172776 0.03108284 1.283029e-05 -1.952956e-07 -9.235589e-09 3.534115e-10 -1.185643e-13line search fails -1.170683 0.03236409 1.340455e-05 2.87152e-10 -9.555709e-09 2.648978e-10 -1.280899e-13line search fails -1.150579 0.0417581 1.468778e-05 -9.374199e-07 -1.007745e-08 8.950474e-10 -1.488543e-13line search fails -1.21537 0.01553447 1.223817e-05 8.326681e-07 -9.465632e-09 -3.461567e-10 -1.161303e-13line search fails -1.151555 0.03938821 1.352731e-05 -6.364582e-07 -9.237125e-09 6.743699e-10 -1.253827e-13line search fails -1.173503 0.028534 1.093409e-05 1.384039e-07 -7.870184e-09 1.141815e-10 -8.603753e-14line search fails -1.146161 0.04377319 1.655562e-05 -1.248923e-06 -8.985165e-09 9.043545e-10 -1.498845e-13Error in .performance.auc(fpr.stop = 1, predictions = numeric(0), labels = structure(integer(0), .Label = c("Neg",  : 
  Not enough distinct predictions to compute area under the ROC curve.
In addition: There were 32 warnings (use warnings() to see them)
Error in aucMatrix[i, ] <- attr(BIOmotifvsnon_testpppred_auc, "y.values")[[1]][1] : 
  number of items to replace is not a multiple of replacement length
line search fails -1.180411 0.02197416 1.616853e-05 4.640852e-07 -1.159051e-08 -4.568246e-11 -1.874228e-13line search fails -1.149865 0.02642102 1.50833e-05 -3.618872e-07 -1.029611e-08 4.377932e-10 -1.554578e-13line search fails -1.194474 0.02611379 2.473426e-05 1.299133e-06 -1.768718e-08 -3.555301e-10 -4.379411e-13line search fails -1.240771 0.01636019 1.876433e-05 1.230983e-06 -1.480115e-08 -5.023376e-10 -2.78352e-13line search fails -1.157983 0.02336369 1.901752e-05 -1.669289e-07 -1.296623e-08 3.552254e-10 -2.466449e-13line search fails -1.233737 0.009489642 1.915203e-05 1.173036e-06 -1.486302e-08 -5.500133e-10 -2.853022e-13line search fails -1.185745 0.01698916 1.660158e-05 5.126904e-07 -1.198732e-08 -1.166685e-10 -1.990682e-13line search fails -1.152068 0.03280882 1.313356e-05 -1.274562e-07 -8.962989e-09 3.276279e-10 -1.177577e-13line search fails -1.243942 0.02267544 2.013137e-05 9.084242e-07 -1.57989e-08 -2.29309e-10 -3.18262e-13line search fails -1.186815 0.02439626 1.838271e-05 5.25408e-07 -1.314426e-08 -2.446683e-11 -2.4164e-13line search fails -1.171187 0.03593077 1.946026e-05 -6.85428e-07 -1.344689e-08 8.018092e-10 -2.622295e-13line search fails -1.225558 0.01194151 2.780174e-05 1.715059e-06 -1.686341e-08 -6.204584e-10 -4.698961e-13Error in .performance.auc(fpr.stop = 1, predictions = numeric(0), labels = structure(integer(0), .Label = c("Neg",  : 
  Not enough distinct predictions to compute area under the ROC curve.
In addition: There were 35 warnings (use warnings() to see them)
Error in aucMatrix[i, ] <- attr(BIOmotifvsnon_testpppred_auc, "y.values")[[1]][1] : 
  number of items to replace is not a multiple of replacement length
line search fails -1.198192 0.03440561 1.121038e-05 1.225748e-07 -8.129503e-09 1.608059e-10 -9.111514e-14line search fails -1.207737 0.03051618 2.081159e-05 6.717452e-07 -1.543408e-08 2.446191e-12 -3.212061e-13line search fails -1.150115 0.04107476 1.315753e-05 -2.782311e-07 -9.006133e-09 4.758209e-10 -1.186309e-13line search fails -1.24966 0.02451847 1.802362e-05 5.409234e-07 -1.429238e-08 -3.103399e-11 -2.576172e-13line search fails -1.203638 0.03242758 1.920497e-05 1.21093e-08 -1.411247e-08 3.660829e-10 -2.710251e-13line search fails -1.175492 0.03730039 2.354925e-05 -1.19711e-06 -1.642275e-08 1.199774e-09 -3.881797e-13line search fails -1.249798 0.006634292 2.146219e-05 1.273301e-06 -1.696423e-08 -6.421159e-10 -3.64907e-13line search fails -1.198511 0.01934136 2.322926e-05 7.345561e-07 -1.67945e-08 -1.530747e-10 -3.902363e-13line search fails -1.185895 0.02208922 2.983699e-05 -2.846331e-07 -2.085983e-08 5.465776e-10 -6.225503e-13line search fails -1.228909 0.02363974 1.102248e-05 4.664645e-07 -8.708177e-09 -9.36882e-11 -9.602941e-14line search fails -1.179327 0.02579055 1.217819e-05 3.68556e-08 -8.820745e-09 1.706279e-10 -1.074144e-13line search fails -1.149026 0.03458971 1.099397e-05 -5.851944e-07 -7.629902e-09 5.552011e-10 -8.420778e-14line search fails -1.215034 0.01782645 2.195981e-05 1.160705e-06 -1.325188e-08 -3.345153e-10 -2.913971e-13Error in .performance.auc(fpr.stop = 1, predictions = numeric(0), labels = structure(integer(0), .Label = c("Neg",  : 
  Not enough distinct predictions to compute area under the ROC curve.
In addition: There were 38 warnings (use warnings() to see them)
Error in aucMatrix[i, ] <- attr(BIOmotifvsnon_testpppred_auc, "y.values")[[1]][1] : 
  number of items to replace is not a multiple of replacement length
line search fails -1.242779 0.01423168 2.62777e-05 1.663314e-06 -2.080695e-08 -7.164193e-10 -5.479503e-13line search fails -1.210413 0.01825972 2.902236e-05 1.311815e-06 -2.142402e-08 -4.313132e-10 -6.223415e-13line search fails -1.23012 0.005467494 2.285909e-05 1.535831e-06 -1.773258e-08 -8.099229e-10 -4.065945e-13line search fails -1.173527 0.02338032 2.803542e-05 5.309722e-07 -1.95152e-08 7.476342e-11 -5.470771e-13line search fails -1.24172 0.01650668 2.344958e-05 9.490245e-07 -1.835465e-08 -3.058964e-10 -4.306991e-13line search fails -1.176801 0.03620517 2.600647e-05 -3.666711e-07 -1.807233e-08 7.657422e-10 -4.702781e-13line search fails -1.190248 0.02606188 3.94912e-05 1.297792e-06 -2.235075e-08 -1.142116e-10 -8.828061e-13Error in .performance.auc(fpr.stop = 1, predictions = numeric(0), labels = structure(integer(0), .Label = c("Neg",  : 
  Not enough distinct predictions to compute area under the ROC curve.
In addition: There were 20 warnings (use warnings() to see them)
Error in aucMatrix[i, ] <- attr(BIOmotifvsnon_testpppred_auc, "y.values")[[1]][1] : 
  number of items to replace is not a multiple of replacement length
line search fails -1.217315 0.001640334 1.403194e-05 9.756104e-07 -1.093156e-08 -5.334424e-10 -1.539115e-13line search fails -1.153311 0.03069662 1.584041e-05 7.116329e-08 -1.091744e-08 2.507793e-10 -1.729189e-13line search fails -1.220066 0.007074056 1.478664e-05 1.048877e-06 -1.154198e-08 -5.200896e-10 -1.712127e-13line search fails -1.194313 0.01696843 1.826499e-05 7.486772e-07 -1.334189e-08 -2.323305e-10 -2.438634e-13line search fails -1.157321 0.01254998 1.385959e-05 1.094691e-07 -9.642179e-09 4.626559e-11 -1.336316e-13line search fails -1.217102 0.0003819978 1.359729e-05 1.038754e-06 -1.055745e-08 -5.787176e-10 -1.441538e-13line search fails -1.180458 0.01781815 1.567951e-05 7.79888e-07 -1.130918e-08 -2.642669e-10 -1.775284e-13line search fails -1.222473 0.006429958 1.403579e-05 1.108816e-06 -1.097045e-08 -5.675972e-10 -1.546084e-13line search fails -1.190533 0.01154273 1.70465e-05 8.741298e-07 -1.249525e-08 -3.742847e-10 -2.133275e-13line search fails -1.152191 0.03004093 1.309142e-05 9.624027e-08 -9.028916e-09 1.815064e-10 -1.181839e-13line search fails -1.195212 0.01792221 2.020946e-05 1.247455e-06 -1.472958e-08 -4.914417e-10 -2.982899e-13line search fails -1.164934 0.02198101 1.735084e-05 4.296346e-07 -1.201096e-08 -2.044101e-11 -2.08409e-13line search fails -1.156024 0.02403117 2.073301e-05 -1.031055e-07 -1.136217e-08 2.851807e-10 -2.356014e-13Error in .performance.auc(fpr.stop = 1, predictions = numeric(0), labels = structure(integer(0), .Label = c("Neg",  : 
  Not enough distinct predictions to compute area under the ROC curve.
In addition: There were 38 warnings (use warnings() to see them)
Error in aucMatrix[i, ] <- attr(BIOmotifvsnon_testpppred_auc, "y.values")[[1]][1] : 
  number of items to replace is not a multiple of replacement length
Warning in preProcess.default(method = c("center", "scale"), x = c(0, 1,  :
  These variables have zero variances: V58, V61, V62, V63, V64, V65, V66, cumFreq_1
Warning in preProcess.default(thresh = 0.95, k = 5, freqCut = 19, uniqueCut = 10,  :
  These variables have zero variances: V58, V61, V62, V63, V64, V65, V66, cumFreq_1
Warning in preProcess.default(thresh = 0.95, k = 5, freqCut = 19, uniqueCut = 10,  :
  These variables have zero variances: V58, V61, V62, V63, V64, V65, V66, cumFreq_1
Warning in preProcess.default(thresh = 0.95, k = 5, freqCut = 19, uniqueCut = 10,  :
  These variables have zero variances: V58, V61, V62, V63, V64, V65, V66, cumFreq_1
Warning in preProcess.default(thresh = 0.95, k = 5, freqCut = 19, uniqueCut = 10,  :
  These variables have zero variances: V58, V61, V62, V63, V64, V65, V66, cumFreq_1
Warning in preProcess.default(thresh = 0.95, k = 5, freqCut = 19, uniqueCut = 10,  :
  These variables have zero variances: V58, V61, V62, V63, V64, V65, V66, cumFreq_1
Warning in preProcess.default(thresh = 0.95, k = 5, freqCut = 19, uniqueCut = 10,  :
  These variables have zero variances: V58, V61, V62, V63, V64, V65, V66, cumFreq_1
Warning in preProcess.default(thresh = 0.95, k = 5, freqCut = 19, uniqueCut = 10,  :
  These variables have zero variances: V58, V61, V62, V63, V64, V65, V66, cumFreq_1
Warning in preProcess.default(thresh = 0.95, k = 5, freqCut = 19, uniqueCut = 10,  :
  These variables have zero variances: V58, V61, V62, V63, V64, V65, V66, cumFreq_1
Warning in preProcess.default(thresh = 0.95, k = 5, freqCut = 19, uniqueCut = 10,  :
  These variables have zero variances: V58, V61, V62, V63, V64, V65, V66, cumFreq_1
Warning in preProcess.default(thresh = 0.95, k = 5, freqCut = 19, uniqueCut = 10,  :
  These variables have zero variances: V58, V61, V62, V63, V64, V65, V66, cumFreq_1
Warning in preProcess.default(thresh = 0.95, k = 5, freqCut = 19, uniqueCut = 10,  :
  These variables have zero variances: V58, V61, V62, V63, V64, V65, V66, cumFreq_1
Warning in preProcess.default(thresh = 0.95, k = 5, freqCut = 19, uniqueCut = 10,  :
  These variables have zero variances: V58, V61, V62, V63, V64, V65, V66, cumFreq_1
Warning in preProcess.default(thresh = 0.95, k = 5, freqCut = 19, uniqueCut = 10,  :
  These variables have zero variances: V58, V61, V62, V63, V64, V65, V66, cumFreq_1
Warning in preProcess.default(thresh = 0.95, k = 5, freqCut = 19, uniqueCut = 10,  :
  These variables have zero variances: V58, V61, V62, V63, V64, V65, V66, cumFreq_1
Warning in preProcess.default(thresh = 0.95, k = 5, freqCut = 19, uniqueCut = 10,  :
  These variables have zero variances: V58, V61, V62, V63, V64, V65, V66, cumFreq_1
Warning in preProcess.default(thresh = 0.95, k = 5, freqCut = 19, uniqueCut = 10,  :
  These variables have zero variances: V58, V61, V62, V63, V64, V65, V66, cumFreq_1
Warning in preProcess.default(method = c("center", "scale"), x = c(0, 1,  :
  These variables have zero variances: V58, V61, V62, V63, V64, V65, V66, cumFreq_1
Warning in preProcess.default(thresh = 0.95, k = 5, freqCut = 19, uniqueCut = 10,  :
  These variables have zero variances: V58, V61, V62, V63, V64, V65, V66, cumFreq_1
Warning in preProcess.default(thresh = 0.95, k = 5, freqCut = 19, uniqueCut = 10,  :
  These variables have zero variances: V58, V61, V62, V63, V64, V65, V66, cumFreq_1
Warning in preProcess.default(thresh = 0.95, k = 5, freqCut = 19, uniqueCut = 10,  :
  These variables have zero variances: V58, V61, V62, V63, V64, V65, V66, cumFreq_1
Warning in preProcess.default(thresh = 0.95, k = 5, freqCut = 19, uniqueCut = 10,  :
  These variables have zero variances: V58, V61, V62, V63, V64, V65, V66, cumFreq_1
Warning in preProcess.default(thresh = 0.95, k = 5, freqCut = 19, uniqueCut = 10,  :
  These variables have zero variances: V58, V61, V62, V63, V64, V65, V66, cumFreq_1
Warning in preProcess.default(thresh = 0.95, k = 5, freqCut = 19, uniqueCut = 10,  :
  These variables have zero variances: V58, V61, V62, V63, V64, V65, V66, cumFreq_1
Warning in preProcess.default(thresh = 0.95, k = 5, freqCut = 19, uniqueCut = 10,  :
  These variables have zero variances: V58, V61, V62, V63, V64, V65, V66, cumFreq_1
Warning in preProcess.default(thresh = 0.95, k = 5, freqCut = 19, uniqueCut = 10,  :
  These variables have zero variances: V58, V61, V62, V63, V64, V65, V66, cumFreq_1
Warning in preProcess.default(thresh = 0.95, k = 5, freqCut = 19, uniqueCut = 10,  :
  These variables have zero variances: V58, V61, V62, V63, V64, V65, V66, cumFreq_1
Warning in preProcess.default(thresh = 0.95, k = 5, freqCut = 19, uniqueCut = 10,  :
  These variables have zero variances: V58, V61, V62, V63, V64, V65, V66, cumFreq_1
Warning in preProcess.default(thresh = 0.95, k = 5, freqCut = 19, uniqueCut = 10,  :
  These variables have zero variances: V58, V61, V62, V63, V64, V65, V66, cumFreq_1
Warning in preProcess.default(thresh = 0.95, k = 5, freqCut = 19, uniqueCut = 10,  :
  These variables have zero variances: V58, V61, V62, V63, V64, V65, V66, cumFreq_1
Warning in preProcess.default(thresh = 0.95, k = 5, freqCut = 19, uniqueCut = 10,  :
  These variables have zero variances: V58, V61, V62, V63, V64, V65, V66, cumFreq_1
Warning in preProcess.default(thresh = 0.95, k = 5, freqCut = 19, uniqueCut = 10,  :
  These variables have zero variances: V58, V61, V62, V63, V64, V65, V66, cumFreq_1
Warning in preProcess.default(thresh = 0.95, k = 5, freqCut = 19, uniqueCut = 10,  :
  These variables have zero variances: V58, V61, V62, V63, V64, V65, V66, cumFreq_1
Warning in preProcess.default(thresh = 0.95, k = 5, freqCut = 19, uniqueCut = 10,  :
  These variables have zero variances: V58, V61, V62, V63, V64, V65, V66, cumFreq_1
Warning in preProcess.default(method = c("center", "scale"), x = c(1, 0,  :
  These variables have zero variances: V58, V61, V62, V63, V64, V65, V66, cumFreq_1
Warning in preProcess.default(thresh = 0.95, k = 5, freqCut = 19, uniqueCut = 10,  :
  These variables have zero variances: V58, V61, V62, V63, V64, V65, V66, cumFreq_1
Warning in preProcess.default(thresh = 0.95, k = 5, freqCut = 19, uniqueCut = 10,  :
  These variables have zero variances: V58, V61, V62, V63, V64, V65, V66, cumFreq_1
Warning in preProcess.default(thresh = 0.95, k = 5, freqCut = 19, uniqueCut = 10,  :
  These variables have zero variances: V58, V61, V62, V63, V64, V65, V66, cumFreq_1
Warning in preProcess.default(thresh = 0.95, k = 5, freqCut = 19, uniqueCut = 10,  :
  These variables have zero variances: V58, V61, V62, V63, V64, V65, V66, cumFreq_1
Warning in preProcess.default(thresh = 0.95, k = 5, freqCut = 19, uniqueCut = 10,  :
  These variables have zero variances: V58, V61, V62, V63, V64, V65, V66, cumFreq_1
Warning in preProcess.default(thresh = 0.95, k = 5, freqCut = 19, uniqueCut = 10,  :
  These variables have zero variances: V58, V61, V62, V63, V64, V65, V66, cumFreq_1
Warning in preProcess.default(thresh = 0.95, k = 5, freqCut = 19, uniqueCut = 10,  :
  These variables have zero variances: V58, V61, V62, V63, V64, V65, V66, cumFreq_1
Warning in preProcess.default(thresh = 0.95, k = 5, freqCut = 19, uniqueCut = 10,  :
  These variables have zero variances: V58, V61, V62, V63, V64, V65, V66, cumFreq_1
Warning in preProcess.default(thresh = 0.95, k = 5, freqCut = 19, uniqueCut = 10,  :
  These variables have zero variances: V58, V61, V62, V63, V64, V65, V66, cumFreq_1
Warning in preProcess.default(thresh = 0.95, k = 5, freqCut = 19, uniqueCut = 10,  :
  These variables have zero variances: V58, V61, V62, V63, V64, V65, V66, cumFreq_1
Warning in preProcess.default(thresh = 0.95, k = 5, freqCut = 19, uniqueCut = 10,  :
  These variables have zero variances: V58, V61, V62, V63, V64, V65, V66, cumFreq_1
Warning in preProcess.default(thresh = 0.95, k = 5, freqCut = 19, uniqueCut = 10,  :
  These variables have zero variances: V58, V61, V62, V63, V64, V65, V66, cumFreq_1
Warning in preProcess.default(thresh = 0.95, k = 5, freqCut = 19, uniqueCut = 10,  :
  These variables have zero variances: V58, V61, V62, V63, V64, V65, V66, cumFreq_1
Warning in preProcess.default(thresh = 0.95, k = 5, freqCut = 19, uniqueCut = 10,  :
  These variables have zero variances: V58, V61, V62, V63, V64, V65, V66, cumFreq_1
Warning in preProcess.default(thresh = 0.95, k = 5, freqCut = 19, uniqueCut = 10,  :
  These variables have zero variances: V58, V61, V62, V63, V64, V65, V66, cumFreq_1
Warning in preProcess.default(thresh = 0.95, k = 5, freqCut = 19, uniqueCut = 10,  :
  These variables have zero variances: V58, V61, V62, V63, V64, V65, V66, cumFreq_1
Warning in preProcess.default(method = c("center", "scale"), x = c(1, 0,  :
  These variables have zero variances: V58, V61, V62, V63, V64, V65, V66, cumFreq_1
Warning in preProcess.default(thresh = 0.95, k = 5, freqCut = 19, uniqueCut = 10,  :
  These variables have zero variances: V58, V61, V62, V63, V64, V65, V66, cumFreq_1
Warning in preProcess.default(thresh = 0.95, k = 5, freqCut = 19, uniqueCut = 10,  :
  These variables have zero variances: V58, V61, V62, V63, V64, V65, V66, cumFreq_1
Warning in preProcess.default(thresh = 0.95, k = 5, freqCut = 19, uniqueCut = 10,  :
  These variables have zero variances: V58, V61, V62, V63, V64, V65, V66, cumFreq_1
Warning in preProcess.default(thresh = 0.95, k = 5, freqCut = 19, uniqueCut = 10,  :
  These variables have zero variances: V58, V61, V62, V63, V64, V65, V66, cumFreq_1
Warning in preProcess.default(thresh = 0.95, k = 5, freqCut = 19, uniqueCut = 10,  :
  These variables have zero variances: V58, V61, V62, V63, V64, V65, V66, cumFreq_1
Warning in preProcess.default(thresh = 0.95, k = 5, freqCut = 19, uniqueCut = 10,  :
  These variables have zero variances: V58, V61, V62, V63, V64, V65, V66, cumFreq_1
Warning in preProcess.default(thresh = 0.95, k = 5, freqCut = 19, uniqueCut = 10,  :
  These variables have zero variances: V58, V61, V62, V63, V64, V65, V66, cumFreq_1
Warning in preProcess.default(thresh = 0.95, k = 5, freqCut = 19, uniqueCut = 10,  :
  These variables have zero variances: V58, V61, V62, V63, V64, V65, V66, cumFreq_1
Warning in preProcess.default(thresh = 0.95, k = 5, freqCut = 19, uniqueCut = 10,  :
  These variables have zero variances: V58, V61, V62, V63, V64, V65, V66, cumFreq_1
Warning in preProcess.default(thresh = 0.95, k = 5, freqCut = 19, uniqueCut = 10,  :
  These variables have zero variances: V58, V61, V62, V63, V64, V65, V66, cumFreq_1
Warning in preProcess.default(thresh = 0.95, k = 5, freqCut = 19, uniqueCut = 10,  :
  These variables have zero variances: V58, V61, V62, V63, V64, V65, V66, cumFreq_1
Warning in preProcess.default(thresh = 0.95, k = 5, freqCut = 19, uniqueCut = 10,  :
  These variables have zero variances: V58, V61, V62, V63, V64, V65, V66, cumFreq_1
Warning in preProcess.default(thresh = 0.95, k = 5, freqCut = 19, uniqueCut = 10,  :
  These variables have zero variances: V58, V61, V62, V63, V64, V65, V66, cumFreq_1
Warning in preProcess.default(thresh = 0.95, k = 5, freqCut = 19, uniqueCut = 10,  :
  These variables have zero variances: V58, V61, V62, V63, V64, V65, V66, cumFreq_1
Warning in preProcess.default(thresh = 0.95, k = 5, freqCut = 19, uniqueCut = 10,  :
  These variables have zero variances: V58, V61, V62, V63, V64, V65, V66, cumFreq_1
Warning in preProcess.default(thresh = 0.95, k = 5, freqCut = 19, uniqueCut = 10,  :
  These variables have zero variances: V58, V61, V62, V63, V64, V65, V66, cumFreq_1
Warning in preProcess.default(method = c("center", "scale"), x = c(1, 1,  :
  These variables have zero variances: V58, V61, V62, V63, V64, V65, V66, cumFreq_1
Warning in preProcess.default(thresh = 0.95, k = 5, freqCut = 19, uniqueCut = 10,  :
  These variables have zero variances: V58, V61, V62, V63, V64, V65, V66, cumFreq_1
Warning in preProcess.default(thresh = 0.95, k = 5, freqCut = 19, uniqueCut = 10,  :
  These variables have zero variances: V58, V61, V62, V63, V64, V65, V66, cumFreq_1
Warning in preProcess.default(thresh = 0.95, k = 5, freqCut = 19, uniqueCut = 10,  :
  These variables have zero variances: V58, V61, V62, V63, V64, V65, V66, cumFreq_1
Warning in preProcess.default(thresh = 0.95, k = 5, freqCut = 19, uniqueCut = 10,  :
  These variables have zero variances: V58, V61, V62, V63, V64, V65, V66, cumFreq_1
Warning in preProcess.default(thresh = 0.95, k = 5, freqCut = 19, uniqueCut = 10,  :
  These variables have zero variances: V58, V61, V62, V63, V64, V65, V66, cumFreq_1
Warning in preProcess.default(thresh = 0.95, k = 5, freqCut = 19, uniqueCut = 10,  :
  These variables have zero variances: V58, V61, V62, V63, V64, V65, V66, cumFreq_1
Warning in preProcess.default(thresh = 0.95, k = 5, freqCut = 19, uniqueCut = 10,  :
  These variables have zero variances: V58, V61, V62, V63, V64, V65, V66, cumFreq_1
Warning in preProcess.default(thresh = 0.95, k = 5, freqCut = 19, uniqueCut = 10,  :
  These variables have zero variances: V58, V61, V62, V63, V64, V65, V66, cumFreq_1
Warning in preProcess.default(thresh = 0.95, k = 5, freqCut = 19, uniqueCut = 10,  :
  These variables have zero variances: V58, V61, V62, V63, V64, V65, V66, cumFreq_1
Warning in preProcess.default(thresh = 0.95, k = 5, freqCut = 19, uniqueCut = 10,  :
  These variables have zero variances: V58, V61, V62, V63, V64, V65, V66, cumFreq_1
Warning in preProcess.default(thresh = 0.95, k = 5, freqCut = 19, uniqueCut = 10,  :
  These variables have zero variances: V58, V61, V62, V63, V64, V65, V66, cumFreq_1
Warning in preProcess.default(thresh = 0.95, k = 5, freqCut = 19, uniqueCut = 10,  :
  These variables have zero variances: V58, V61, V62, V63, V64, V65, V66, cumFreq_1
Warning in preProcess.default(thresh = 0.95, k = 5, freqCut = 19, uniqueCut = 10,  :
  These variables have zero variances: V58, V61, V62, V63, V64, V65, V66, cumFreq_1
Warning in preProcess.default(thresh = 0.95, k = 5, freqCut = 19, uniqueCut = 10,  :
  These variables have zero variances: V58, V61, V62, V63, V64, V65, V66, cumFreq_1
Warning in preProcess.default(thresh = 0.95, k = 5, freqCut = 19, uniqueCut = 10,  :
  These variables have zero variances: V58, V61, V62, V63, V64, V65, V66, cumFreq_1
Warning in preProcess.default(thresh = 0.95, k = 5, freqCut = 19, uniqueCut = 10,  :
  These variables have zero variances: V58, V61, V62, V63, V64, V65, V66, cumFreq_1
Warning in preProcess.default(method = c("center", "scale"), x = c(0, 0,  :
  These variables have zero variances: V58, V61, V62, V63, V64, V65, V66, cumFreq_1
Warning in preProcess.default(thresh = 0.95, k = 5, freqCut = 19, uniqueCut = 10,  :
  These variables have zero variances: V58, V61, V62, V63, V64, V65, V66, cumFreq_1
Warning in preProcess.default(thresh = 0.95, k = 5, freqCut = 19, uniqueCut = 10,  :
  These variables have zero variances: V58, V61, V62, V63, V64, V65, V66, cumFreq_1
Warning in preProcess.default(thresh = 0.95, k = 5, freqCut = 19, uniqueCut = 10,  :
  These variables have zero variances: V58, V61, V62, V63, V64, V65, V66, cumFreq_1
Warning in preProcess.default(thresh = 0.95, k = 5, freqCut = 19, uniqueCut = 10,  :
  These variables have zero variances: V58, V61, V62, V63, V64, V65, V66, cumFreq_1
Warning in preProcess.default(thresh = 0.95, k = 5, freqCut = 19, uniqueCut = 10,  :
  These variables have zero variances: V58, V61, V62, V63, V64, V65, V66, cumFreq_1
Warning in preProcess.default(thresh = 0.95, k = 5, freqCut = 19, uniqueCut = 10,  :
  These variables have zero variances: V58, V61, V62, V63, V64, V65, V66, cumFreq_1
Warning in preProcess.default(thresh = 0.95, k = 5, freqCut = 19, uniqueCut = 10,  :
  These variables have zero variances: V58, V61, V62, V63, V64, V65, V66, cumFreq_1
Warning in preProcess.default(thresh = 0.95, k = 5, freqCut = 19, uniqueCut = 10,  :
  These variables have zero variances: V58, V61, V62, V63, V64, V65, V66, cumFreq_1
Warning in preProcess.default(thresh = 0.95, k = 5, freqCut = 19, uniqueCut = 10,  :
  These variables have zero variances: V58, V61, V62, V63, V64, V65, V66, cumFreq_1
Warning in preProcess.default(thresh = 0.95, k = 5, freqCut = 19, uniqueCut = 10,  :
  These variables have zero variances: V58, V61, V62, V63, V64, V65, V66, cumFreq_1
Warning in preProcess.default(thresh = 0.95, k = 5, freqCut = 19, uniqueCut = 10,  :
  These variables have zero variances: V58, V61, V62, V63, V64, V65, V66, cumFreq_1
Warning in preProcess.default(thresh = 0.95, k = 5, freqCut = 19, uniqueCut = 10,  :
  These variables have zero variances: V58, V61, V62, V63, V64, V65, V66, cumFreq_1
Warning in preProcess.default(thresh = 0.95, k = 5, freqCut = 19, uniqueCut = 10,  :
  These variables have zero variances: V58, V61, V62, V63, V64, V65, V66, cumFreq_1
Warning in preProcess.default(thresh = 0.95, k = 5, freqCut = 19, uniqueCut = 10,  :
  These variables have zero variances: V58, V61, V62, V63, V64, V65, V66, cumFreq_1
Warning in preProcess.default(thresh = 0.95, k = 5, freqCut = 19, uniqueCut = 10,  :
  These variables have zero variances: V58, V61, V62, V63, V64, V65, V66, cumFreq_1
Warning in preProcess.default(thresh = 0.95, k = 5, freqCut = 19, uniqueCut = 10,  :
  These variables have zero variances: V58, V61, V62, V63, V64, V65, V66, cumFreq_1
Warning in preProcess.default(method = c("center", "scale"), x = c(0, 0,  :
  These variables have zero variances: V58, V61, V62, V63, V64, V65, V66, cumFreq_1
Warning in preProcess.default(thresh = 0.95, k = 5, freqCut = 19, uniqueCut = 10,  :
  These variables have zero variances: V58, V61, V62, V63, V64, V65, V66, cumFreq_1
Warning in preProcess.default(thresh = 0.95, k = 5, freqCut = 19, uniqueCut = 10,  :
  These variables have zero variances: V58, V61, V62, V63, V64, V65, V66, cumFreq_1
Warning in preProcess.default(thresh = 0.95, k = 5, freqCut = 19, uniqueCut = 10,  :
  These variables have zero variances: V58, V61, V62, V63, V64, V65, V66, cumFreq_1
Warning in preProcess.default(thresh = 0.95, k = 5, freqCut = 19, uniqueCut = 10,  :
  These variables have zero variances: V58, V61, V62, V63, V64, V65, V66, cumFreq_1
Warning in preProcess.default(thresh = 0.95, k = 5, freqCut = 19, uniqueCut = 10,  :
  These variables have zero variances: V58, V61, V62, V63, V64, V65, V66, cumFreq_1
Warning in preProcess.default(thresh = 0.95, k = 5, freqCut = 19, uniqueCut = 10,  :
  These variables have zero variances: V58, V61, V62, V63, V64, V65, V66, cumFreq_1
Warning in preProcess.default(thresh = 0.95, k = 5, freqCut = 19, uniqueCut = 10,  :
  These variables have zero variances: V58, V61, V62, V63, V64, V65, V66, cumFreq_1
Warning in preProcess.default(thresh = 0.95, k = 5, freqCut = 19, uniqueCut = 10,  :
  These variables have zero variances: V58, V61, V62, V63, V64, V65, V66, cumFreq_1
Warning in preProcess.default(thresh = 0.95, k = 5, freqCut = 19, uniqueCut = 10,  :
  These variables have zero variances: V58, V61, V62, V63, V64, V65, V66, cumFreq_1
Warning in preProcess.default(thresh = 0.95, k = 5, freqCut = 19, uniqueCut = 10,  :
  These variables have zero variances: V58, V61, V62, V63, V64, V65, V66, cumFreq_1
Warning in preProcess.default(thresh = 0.95, k = 5, freqCut = 19, uniqueCut = 10,  :
  These variables have zero variances: V58, V61, V62, V63, V64, V65, V66, cumFreq_1
Warning in preProcess.default(thresh = 0.95, k = 5, freqCut = 19, uniqueCut = 10,  :
  These variables have zero variances: V58, V61, V62, V63, V64, V65, V66, cumFreq_1
Warning in preProcess.default(thresh = 0.95, k = 5, freqCut = 19, uniqueCut = 10,  :
  These variables have zero variances: V58, V61, V62, V63, V64, V65, V66, cumFreq_1
Warning in preProcess.default(thresh = 0.95, k = 5, freqCut = 19, uniqueCut = 10,  :
  These variables have zero variances: V58, V61, V62, V63, V64, V65, V66, cumFreq_1
Warning in preProcess.default(thresh = 0.95, k = 5, freqCut = 19, uniqueCut = 10,  :
  These variables have zero variances: V58, V61, V62, V63, V64, V65, V66, cumFreq_1
Warning in preProcess.default(thresh = 0.95, k = 5, freqCut = 19, uniqueCut = 10,  :
  These variables have zero variances: V58, V61, V62, V63, V64, V65, V66, cumFreq_1
Warning in preProcess.default(method = c("center", "scale"), x = c(0, 0,  :
  These variables have zero variances: V58, V61, V62, V63, V64, V65, V66, cumFreq_1
Warning in preProcess.default(thresh = 0.95, k = 5, freqCut = 19, uniqueCut = 10,  :
  These variables have zero variances: V58, V61, V62, V63, V64, V65, V66, cumFreq_1
Warning in preProcess.default(thresh = 0.95, k = 5, freqCut = 19, uniqueCut = 10,  :
  These variables have zero variances: V58, V61, V62, V63, V64, V65, V66, cumFreq_1
Warning in preProcess.default(thresh = 0.95, k = 5, freqCut = 19, uniqueCut = 10,  :
  These variables have zero variances: V58, V61, V62, V63, V64, V65, V66, cumFreq_1
Warning in preProcess.default(thresh = 0.95, k = 5, freqCut = 19, uniqueCut = 10,  :
  These variables have zero variances: V58, V61, V62, V63, V64, V65, V66, cumFreq_1
Warning in preProcess.default(thresh = 0.95, k = 5, freqCut = 19, uniqueCut = 10,  :
  These variables have zero variances: V58, V61, V62, V63, V64, V65, V66, cumFreq_1
Warning in preProcess.default(thresh = 0.95, k = 5, freqCut = 19, uniqueCut = 10,  :
  These variables have zero variances: V58, V61, V62, V63, V64, V65, V66, cumFreq_1
Warning in preProcess.default(thresh = 0.95, k = 5, freqCut = 19, uniqueCut = 10,  :
  These variables have zero variances: V58, V61, V62, V63, V64, V65, V66, cumFreq_1
Warning in preProcess.default(thresh = 0.95, k = 5, freqCut = 19, uniqueCut = 10,  :
  These variables have zero variances: V58, V61, V62, V63, V64, V65, V66, cumFreq_1
Warning in preProcess.default(thresh = 0.95, k = 5, freqCut = 19, uniqueCut = 10,  :
  These variables have zero variances: V58, V61, V62, V63, V64, V65, V66, cumFreq_1
Warning in preProcess.default(thresh = 0.95, k = 5, freqCut = 19, uniqueCut = 10,  :
  These variables have zero variances: V58, V61, V62, V63, V64, V65, V66, cumFreq_1
Warning in preProcess.default(thresh = 0.95, k = 5, freqCut = 19, uniqueCut = 10,  :
  These variables have zero variances: V58, V61, V62, V63, V64, V65, V66, cumFreq_1
Warning in preProcess.default(thresh = 0.95, k = 5, freqCut = 19, uniqueCut = 10,  :
  These variables have zero variances: V58, V61, V62, V63, V64, V65, V66, cumFreq_1
Warning in preProcess.default(thresh = 0.95, k = 5, freqCut = 19, uniqueCut = 10,  :
  These variables have zero variances: V58, V61, V62, V63, V64, V65, V66, cumFreq_1
Warning in preProcess.default(thresh = 0.95, k = 5, freqCut = 19, uniqueCut = 10,  :
  These variables have zero variances: V58, V61, V62, V63, V64, V65, V66, cumFreq_1
Warning in preProcess.default(thresh = 0.95, k = 5, freqCut = 19, uniqueCut = 10,  :
  These variables have zero variances: V58, V61, V62, V63, V64, V65, V66, cumFreq_1
Warning in preProcess.default(thresh = 0.95, k = 5, freqCut = 19, uniqueCut = 10,  :
  These variables have zero variances: V58, V61, V62, V63, V64, V65, V66, cumFreq_1
Warning in preProcess.default(method = c("center", "scale"), x = c(1, 0,  :
  These variables have zero variances: V58, V61, V62, V63, V64, V65, V66, cumFreq_1
Warning in preProcess.default(thresh = 0.95, k = 5, freqCut = 19, uniqueCut = 10,  :
  These variables have zero variances: V58, V61, V62, V63, V64, V65, V66, cumFreq_1
Warning in preProcess.default(thresh = 0.95, k = 5, freqCut = 19, uniqueCut = 10,  :
  These variables have zero variances: V58, V61, V62, V63, V64, V65, V66, cumFreq_1
Warning in preProcess.default(thresh = 0.95, k = 5, freqCut = 19, uniqueCut = 10,  :
  These variables have zero variances: V58, V61, V62, V63, V64, V65, V66, cumFreq_1
Warning in preProcess.default(thresh = 0.95, k = 5, freqCut = 19, uniqueCut = 10,  :
  These variables have zero variances: V58, V61, V62, V63, V64, V65, V66, cumFreq_1
Warning in preProcess.default(thresh = 0.95, k = 5, freqCut = 19, uniqueCut = 10,  :
  These variables have zero variances: V58, V61, V62, V63, V64, V65, V66, cumFreq_1
Warning in preProcess.default(thresh = 0.95, k = 5, freqCut = 19, uniqueCut = 10,  :
  These variables have zero variances: V58, V61, V62, V63, V64, V65, V66, cumFreq_1
Warning in preProcess.default(thresh = 0.95, k = 5, freqCut = 19, uniqueCut = 10,  :
  These variables have zero variances: V58, V61, V62, V63, V64, V65, V66, cumFreq_1
Warning in preProcess.default(thresh = 0.95, k = 5, freqCut = 19, uniqueCut = 10,  :
  These variables have zero variances: V58, V61, V62, V63, V64, V65, V66, cumFreq_1
Warning in preProcess.default(thresh = 0.95, k = 5, freqCut = 19, uniqueCut = 10,  :
  These variables have zero variances: V58, V61, V62, V63, V64, V65, V66, cumFreq_1
Warning in preProcess.default(thresh = 0.95, k = 5, freqCut = 19, uniqueCut = 10,  :
  These variables have zero variances: V58, V61, V62, V63, V64, V65, V66, cumFreq_1
Warning in preProcess.default(thresh = 0.95, k = 5, freqCut = 19, uniqueCut = 10,  :
  These variables have zero variances: V58, V61, V62, V63, V64, V65, V66, cumFreq_1
Warning in preProcess.default(thresh = 0.95, k = 5, freqCut = 19, uniqueCut = 10,  :
  These variables have zero variances: V58, V61, V62, V63, V64, V65, V66, cumFreq_1
Warning in preProcess.default(thresh = 0.95, k = 5, freqCut = 19, uniqueCut = 10,  :
  These variables have zero variances: V58, V61, V62, V63, V64, V65, V66, cumFreq_1
Warning in preProcess.default(thresh = 0.95, k = 5, freqCut = 19, uniqueCut = 10,  :
  These variables have zero variances: V58, V61, V62, V63, V64, V65, V66, cumFreq_1
Warning in preProcess.default(thresh = 0.95, k = 5, freqCut = 19, uniqueCut = 10,  :
  These variables have zero variances: V58, V61, V62, V63, V64, V65, V66, cumFreq_1
Warning in preProcess.default(thresh = 0.95, k = 5, freqCut = 19, uniqueCut = 10,  :
  These variables have zero variances: V58, V61, V62, V63, V64, V65, V66, cumFreq_1
Warning in preProcess.default(method = c("center", "scale"), x = c(1, 1,  :
  These variables have zero variances: V58, V61, V62, V63, V64, V65, V66, cumFreq_1
Warning in preProcess.default(thresh = 0.95, k = 5, freqCut = 19, uniqueCut = 10,  :
  These variables have zero variances: V58, V61, V62, V63, V64, V65, V66, cumFreq_1
Warning in preProcess.default(thresh = 0.95, k = 5, freqCut = 19, uniqueCut = 10,  :
  These variables have zero variances: V58, V61, V62, V63, V64, V65, V66, cumFreq_1
Warning in preProcess.default(thresh = 0.95, k = 5, freqCut = 19, uniqueCut = 10,  :
  These variables have zero variances: V58, V61, V62, V63, V64, V65, V66, cumFreq_1
Warning in preProcess.default(thresh = 0.95, k = 5, freqCut = 19, uniqueCut = 10,  :
  These variables have zero variances: V58, V61, V62, V63, V64, V65, V66, cumFreq_1
Warning in preProcess.default(thresh = 0.95, k = 5, freqCut = 19, uniqueCut = 10,  :
  These variables have zero variances: V58, V61, V62, V63, V64, V65, V66, cumFreq_1
Warning in preProcess.default(thresh = 0.95, k = 5, freqCut = 19, uniqueCut = 10,  :
  These variables have zero variances: V58, V61, V62, V63, V64, V65, V66, cumFreq_1
Warning in preProcess.default(thresh = 0.95, k = 5, freqCut = 19, uniqueCut = 10,  :
  These variables have zero variances: V58, V61, V62, V63, V64, V65, V66, cumFreq_1
Warning in preProcess.default(thresh = 0.95, k = 5, freqCut = 19, uniqueCut = 10,  :
  These variables have zero variances: V58, V61, V62, V63, V64, V65, V66, cumFreq_1
Warning in preProcess.default(thresh = 0.95, k = 5, freqCut = 19, uniqueCut = 10,  :
  These variables have zero variances: V58, V61, V62, V63, V64, V65, V66, cumFreq_1
Warning in preProcess.default(thresh = 0.95, k = 5, freqCut = 19, uniqueCut = 10,  :
  These variables have zero variances: V58, V61, V62, V63, V64, V65, V66, cumFreq_1
Warning in preProcess.default(thresh = 0.95, k = 5, freqCut = 19, uniqueCut = 10,  :
  These variables have zero variances: V58, V61, V62, V63, V64, V65, V66, cumFreq_1
Warning in preProcess.default(thresh = 0.95, k = 5, freqCut = 19, uniqueCut = 10,  :
  These variables have zero variances: V58, V61, V62, V63, V64, V65, V66, cumFreq_1
Warning in preProcess.default(thresh = 0.95, k = 5, freqCut = 19, uniqueCut = 10,  :
  These variables have zero variances: V58, V61, V62, V63, V64, V65, V66, cumFreq_1
Warning in preProcess.default(thresh = 0.95, k = 5, freqCut = 19, uniqueCut = 10,  :
  These variables have zero variances: V58, V61, V62, V63, V64, V65, V66, cumFreq_1
Warning in preProcess.default(thresh = 0.95, k = 5, freqCut = 19, uniqueCut = 10,  :
  These variables have zero variances: V58, V61, V62, V63, V64, V65, V66, cumFreq_1
Warning in preProcess.default(thresh = 0.95, k = 5, freqCut = 19, uniqueCut = 10,  :
  These variables have zero variances: V58, V61, V62, V63, V64, V65, V66, cumFreq_1
There were 50 or more warnings (use warnings() to see the first 50)
