During startup - Warning message:
Setting LC_CTYPE failed, using "C" 
Loading required package: BSgenome
Loading required package: methods
Loading required package: BiocGenerics
Loading required package: parallel

Attaching package: 'BiocGenerics'

The following objects are masked from 'package:parallel':

    clusterApply, clusterApplyLB, clusterCall, clusterEvalQ,
    clusterExport, clusterMap, parApply, parCapply, parLapply,
    parLapplyLB, parRapply, parSapply, parSapplyLB

The following objects are masked from 'package:stats':

    IQR, mad, sd, var, xtabs

The following objects are masked from 'package:base':

    anyDuplicated, append, as.data.frame, cbind, colMeans, colnames,
    colSums, do.call, duplicated, eval, evalq, Filter, Find, get, grep,
    grepl, intersect, is.unsorted, lapply, lengths, Map, mapply, match,
    mget, order, paste, pmax, pmax.int, pmin, pmin.int, Position, rank,
    rbind, Reduce, rowMeans, rownames, rowSums, sapply, setdiff, sort,
    table, tapply, union, unique, unsplit, which, which.max, which.min

Loading required package: S4Vectors
Loading required package: stats4

Attaching package: 'S4Vectors'

The following object is masked from 'package:base':

    expand.grid

Loading required package: IRanges
Loading required package: GenomeInfoDb
Loading required package: GenomicRanges
Loading required package: Biostrings
Loading required package: XVector

Attaching package: 'Biostrings'

The following object is masked from 'package:base':

    strsplit

Loading required package: rtracklayer
Loading required package: GenomicFeatures
Loading required package: AnnotationDbi
Loading required package: Biobase
Welcome to Bioconductor

    Vignettes contain introductory material; view with
    'browseVignettes()'. To cite Bioconductor, see
    'citation("Biobase")', and for packages 'citation("pkgname")'.

Loading required package: gplots

Attaching package: 'gplots'

The following object is masked from 'package:rtracklayer':

    space

The following object is masked from 'package:IRanges':

    space

The following object is masked from 'package:S4Vectors':

    space

The following object is masked from 'package:stats':

    lowess

Type 'citation("pROC")' for a citation.

Attaching package: 'pROC'

The following objects are masked from 'package:IRanges':

    cov, var

The following objects are masked from 'package:S4Vectors':

    cov, var

The following object is masked from 'package:BiocGenerics':

    var

The following objects are masked from 'package:stats':

    cov, smooth, var


Attaching package: 'kernlab'

The following object is masked from 'package:Biostrings':

    type

Loading required package: lattice
Loading required package: ggplot2

Attaching package: 'ggplot2'

The following object is masked from 'package:kernlab':

    alpha


Attaching package: 'matrixStats'

The following objects are masked from 'package:Biobase':

    anyMissing, rowMedians


Attaching package: 'dplyr'

The following object is masked from 'package:matrixStats':

    count

The following object is masked from 'package:AnnotationDbi':

    select

The following object is masked from 'package:Biobase':

    combine

The following objects are masked from 'package:Biostrings':

    collapse, intersect, setdiff, setequal, union

The following object is masked from 'package:XVector':

    slice

The following objects are masked from 'package:GenomicRanges':

    intersect, setdiff, union

The following object is masked from 'package:GenomeInfoDb':

    intersect

The following objects are masked from 'package:IRanges':

    collapse, desc, intersect, setdiff, slice, union

The following objects are masked from 'package:S4Vectors':

    first, intersect, rename, setdiff, setequal, union

The following objects are masked from 'package:BiocGenerics':

    combine, intersect, setdiff, union

The following objects are masked from 'package:stats':

    filter, lag

The following objects are masked from 'package:base':

    intersect, setdiff, setequal, union

Warning in preProcess.default(method = c("center", "scale"), x = c(0, 0,  :
  These variables have zero variances: V58, V61, V62, V63, V64, V65, V66, cumFreq_1
Warning in preProcess.default(thresh = 0.95, k = 5, freqCut = 19, uniqueCut = 10,  :
  These variables have zero variances: V58, V61, V62, V63, V64, V65, V66, cumFreq_1
Warning in preProcess.default(thresh = 0.95, k = 5, freqCut = 19, uniqueCut = 10,  :
  These variables have zero variances: V58, V61, V62, V63, V64, V65, V66, cumFreq_1
Warning in preProcess.default(thresh = 0.95, k = 5, freqCut = 19, uniqueCut = 10,  :
  These variables have zero variances: V58, V61, V62, V63, V64, V65, V66, cumFreq_1
Warning in preProcess.default(thresh = 0.95, k = 5, freqCut = 19, uniqueCut = 10,  :
  These variables have zero variances: V58, V61, V62, V63, V64, V65, V66, cumFreq_1
Warning in preProcess.default(thresh = 0.95, k = 5, freqCut = 19, uniqueCut = 10,  :
  These variables have zero variances: V58, V61, V62, V63, V64, V65, V66, cumFreq_1
line search fails -1.470105 0.005749445 1.026056e-05 -1.628885e-07 -3.367311e-08 4.276554e-10 -3.455747e-13Warning in preProcess.default(thresh = 0.95, k = 5, freqCut = 19, uniqueCut = 10,  :
  These variables have zero variances: V58, V61, V62, V63, V64, V65, V66, cumFreq_1
Warning in preProcess.default(thresh = 0.95, k = 5, freqCut = 19, uniqueCut = 10,  :
  These variables have zero variances: V58, V61, V62, V63, V64, V65, V66, cumFreq_1
Warning in preProcess.default(thresh = 0.95, k = 5, freqCut = 19, uniqueCut = 10,  :
  These variables have zero variances: V58, V61, V62, V63, V64, V65, V66, cumFreq_1
Warning in preProcess.default(thresh = 0.95, k = 5, freqCut = 19, uniqueCut = 10,  :
  These variables have zero variances: V58, V61, V62, V63, V64, V65, V66, cumFreq_1
Warning in preProcess.default(thresh = 0.95, k = 5, freqCut = 19, uniqueCut = 10,  :
  These variables have zero variances: V58, V61, V62, V63, V64, V65, V66, cumFreq_1
Warning in preProcess.default(thresh = 0.95, k = 5, freqCut = 19, uniqueCut = 10,  :
  These variables have zero variances: V58, V61, V62, V63, V64, V65, V66, cumFreq_1
Warning in preProcess.default(thresh = 0.95, k = 5, freqCut = 19, uniqueCut = 10,  :
  These variables have zero variances: V58, V61, V62, V63, V64, V65, V66, cumFreq_1
Warning in preProcess.default(thresh = 0.95, k = 5, freqCut = 19, uniqueCut = 10,  :
  These variables have zero variances: V58, V61, V62, V63, V64, V65, V66, cumFreq_1
Warning in preProcess.default(thresh = 0.95, k = 5, freqCut = 19, uniqueCut = 10,  :
  These variables have zero variances: V58, V61, V62, V63, V64, V65, V66, cumFreq_1
Warning in preProcess.default(thresh = 0.95, k = 5, freqCut = 19, uniqueCut = 10,  :
  These variables have zero variances: V58, V61, V62, V63, V64, V65, V66, cumFreq_1
Warning in preProcess.default(thresh = 0.95, k = 5, freqCut = 19, uniqueCut = 10,  :
  These variables have zero variances: V58, V61, V62, V63, V64, V65, V66, cumFreq_1
Warning in preProcess.default(method = c("center", "scale"), x = c(1, 1,  :
  These variables have zero variances: V58, V61, V62, V63, V64, V65, V66, cumFreq_1
Warning in preProcess.default(thresh = 0.95, k = 5, freqCut = 19, uniqueCut = 10,  :
  These variables have zero variances: V58, V61, V62, V63, V64, V65, V66, cumFreq_1
Warning in preProcess.default(thresh = 0.95, k = 5, freqCut = 19, uniqueCut = 10,  :
  These variables have zero variances: V58, V61, V62, V63, V64, V65, V66, cumFreq_1
Warning in preProcess.default(thresh = 0.95, k = 5, freqCut = 19, uniqueCut = 10,  :
  These variables have zero variances: V58, V61, V62, V63, V64, V65, V66, cumFreq_1
Warning in preProcess.default(thresh = 0.95, k = 5, freqCut = 19, uniqueCut = 10,  :
  These variables have zero variances: V58, V61, V62, V63, V64, V65, V66, cumFreq_1
Warning in preProcess.default(thresh = 0.95, k = 5, freqCut = 19, uniqueCut = 10,  :
  These variables have zero variances: V58, V61, V62, V63, V64, V65, V66, cumFreq_1
Warning in preProcess.default(thresh = 0.95, k = 5, freqCut = 19, uniqueCut = 10,  :
  These variables have zero variances: V58, V61, V62, V63, V64, V65, V66, cumFreq_1
Warning in preProcess.default(thresh = 0.95, k = 5, freqCut = 19, uniqueCut = 10,  :
  These variables have zero variances: V58, V61, V62, V63, V64, V65, V66, cumFreq_1
Warning in preProcess.default(thresh = 0.95, k = 5, freqCut = 19, uniqueCut = 10,  :
  These variables have zero variances: V58, V61, V62, V63, V64, V65, V66, cumFreq_1
Warning in preProcess.default(thresh = 0.95, k = 5, freqCut = 19, uniqueCut = 10,  :
  These variables have zero variances: V58, V61, V62, V63, V64, V65, V66, cumFreq_1
Warning in preProcess.default(thresh = 0.95, k = 5, freqCut = 19, uniqueCut = 10,  :
  These variables have zero variances: V58, V61, V62, V63, V64, V65, V66, cumFreq_1
Warning in preProcess.default(thresh = 0.95, k = 5, freqCut = 19, uniqueCut = 10,  :
  These variables have zero variances: V58, V61, V62, V63, V64, V65, V66, cumFreq_1
Warning in preProcess.default(thresh = 0.95, k = 5, freqCut = 19, uniqueCut = 10,  :
  These variables have zero variances: V58, V61, V62, V63, V64, V65, V66, cumFreq_1
Warning in preProcess.default(thresh = 0.95, k = 5, freqCut = 19, uniqueCut = 10,  :
  These variables have zero variances: V58, V61, V62, V63, V64, V65, V66, cumFreq_1
Warning in preProcess.default(thresh = 0.95, k = 5, freqCut = 19, uniqueCut = 10,  :
  These variables have zero variances: V58, V61, V62, V63, V64, V65, V66, cumFreq_1
Warning in preProcess.default(thresh = 0.95, k = 5, freqCut = 19, uniqueCut = 10,  :
  These variables have zero variances: V58, V61, V62, V63, V64, V65, V66, cumFreq_1
Warning in preProcess.default(thresh = 0.95, k = 5, freqCut = 19, uniqueCut = 10,  :
  These variables have zero variances: V58, V61, V62, V63, V64, V65, V66, cumFreq_1
Warning in preProcess.default(method = c("center", "scale"), x = c(0, 1,  :
  These variables have zero variances: V58, V61, V62, V63, V64, V65, V66, cumFreq_1
Warning in preProcess.default(thresh = 0.95, k = 5, freqCut = 19, uniqueCut = 10,  :
  These variables have zero variances: V58, V61, V62, V63, V64, V65, V66, cumFreq_1
Warning in preProcess.default(thresh = 0.95, k = 5, freqCut = 19, uniqueCut = 10,  :
  These variables have zero variances: V58, V61, V62, V63, V64, V65, V66, cumFreq_1
Warning in preProcess.default(thresh = 0.95, k = 5, freqCut = 19, uniqueCut = 10,  :
  These variables have zero variances: V58, V61, V62, V63, V64, V65, V66, cumFreq_1
Warning in preProcess.default(thresh = 0.95, k = 5, freqCut = 19, uniqueCut = 10,  :
  These variables have zero variances: V58, V61, V62, V63, V64, V65, V66, cumFreq_1
Warning in preProcess.default(thresh = 0.95, k = 5, freqCut = 19, uniqueCut = 10,  :
  These variables have zero variances: V58, V61, V62, V63, V64, V65, V66, cumFreq_1
Warning in preProcess.default(thresh = 0.95, k = 5, freqCut = 19, uniqueCut = 10,  :
  These variables have zero variances: V58, V61, V62, V63, V64, V65, V66, cumFreq_1
Warning in preProcess.default(thresh = 0.95, k = 5, freqCut = 19, uniqueCut = 10,  :
  These variables have zero variances: V58, V61, V62, V63, V64, V65, V66, cumFreq_1
Warning in preProcess.default(thresh = 0.95, k = 5, freqCut = 19, uniqueCut = 10,  :
  These variables have zero variances: V58, V61, V62, V63, V64, V65, V66, cumFreq_1
Warning in preProcess.default(thresh = 0.95, k = 5, freqCut = 19, uniqueCut = 10,  :
  These variables have zero variances: V58, V61, V62, V63, V64, V65, V66, cumFreq_1
Warning in preProcess.default(thresh = 0.95, k = 5, freqCut = 19, uniqueCut = 10,  :
  These variables have zero variances: V58, V61, V62, V63, V64, V65, V66, cumFreq_1
line search fails -1.663151 0.0231114 1.127645e-05 -2.689692e-07 -4.5552e-08 1.126321e-09 -5.139676e-13Warning in preProcess.default(thresh = 0.95, k = 5, freqCut = 19, uniqueCut = 10,  :
  These variables have zero variances: V58, V61, V62, V63, V64, V65, V66, cumFreq_1
Warning in preProcess.default(thresh = 0.95, k = 5, freqCut = 19, uniqueCut = 10,  :
  These variables have zero variances: V58, V61, V62, V63, V64, V65, V66, cumFreq_1
Warning in preProcess.default(thresh = 0.95, k = 5, freqCut = 19, uniqueCut = 10,  :
  These variables have zero variances: V58, V61, V62, V63, V64, V65, V66, cumFreq_1
Warning in preProcess.default(thresh = 0.95, k = 5, freqCut = 19, uniqueCut = 10,  :
  These variables have zero variances: V58, V61, V62, V63, V64, V65, V66, cumFreq_1
Warning in preProcess.default(thresh = 0.95, k = 5, freqCut = 19, uniqueCut = 10,  :
  These variables have zero variances: V58, V61, V62, V63, V64, V65, V66, cumFreq_1
Warning in preProcess.default(thresh = 0.95, k = 5, freqCut = 19, uniqueCut = 10,  :
  These variables have zero variances: V58, V61, V62, V63, V64, V65, V66, cumFreq_1
Warning in preProcess.default(method = c("center", "scale"), x = c(0, 0,  :
  These variables have zero variances: V58, V61, V62, V63, V64, V65, V66, cumFreq_1
Warning in preProcess.default(thresh = 0.95, k = 5, freqCut = 19, uniqueCut = 10,  :
  These variables have zero variances: V58, V61, V62, V63, V64, V65, V66, cumFreq_1
Warning in preProcess.default(thresh = 0.95, k = 5, freqCut = 19, uniqueCut = 10,  :
  These variables have zero variances: V58, V61, V62, V63, V64, V65, V66, cumFreq_1
Warning in preProcess.default(thresh = 0.95, k = 5, freqCut = 19, uniqueCut = 10,  :
  These variables have zero variances: V58, V61, V62, V63, V64, V65, V66, cumFreq_1
Warning in preProcess.default(thresh = 0.95, k = 5, freqCut = 19, uniqueCut = 10,  :
  These variables have zero variances: V58, V61, V62, V63, V64, V65, V66, cumFreq_1
Warning in preProcess.default(thresh = 0.95, k = 5, freqCut = 19, uniqueCut = 10,  :
  These variables have zero variances: V58, V61, V62, V63, V64, V65, V66, cumFreq_1
Warning in preProcess.default(thresh = 0.95, k = 5, freqCut = 19, uniqueCut = 10,  :
  These variables have zero variances: V58, V61, V62, V63, V64, V65, V66, cumFreq_1
Warning in preProcess.default(thresh = 0.95, k = 5, freqCut = 19, uniqueCut = 10,  :
  These variables have zero variances: V58, V61, V62, V63, V64, V65, V66, cumFreq_1
Warning in preProcess.default(thresh = 0.95, k = 5, freqCut = 19, uniqueCut = 10,  :
  These variables have zero variances: V58, V61, V62, V63, V64, V65, V66, cumFreq_1
Warning in preProcess.default(thresh = 0.95, k = 5, freqCut = 19, uniqueCut = 10,  :
  These variables have zero variances: V58, V61, V62, V63, V64, V65, V66, cumFreq_1
Warning in preProcess.default(thresh = 0.95, k = 5, freqCut = 19, uniqueCut = 10,  :
  These variables have zero variances: V58, V61, V62, V63, V64, V65, V66, cumFreq_1
Warning in preProcess.default(thresh = 0.95, k = 5, freqCut = 19, uniqueCut = 10,  :
  These variables have zero variances: V58, V61, V62, V63, V64, V65, V66, cumFreq_1
Warning in preProcess.default(thresh = 0.95, k = 5, freqCut = 19, uniqueCut = 10,  :
  These variables have zero variances: V58, V61, V62, V63, V64, V65, V66, cumFreq_1
Warning in preProcess.default(thresh = 0.95, k = 5, freqCut = 19, uniqueCut = 10,  :
  These variables have zero variances: V58, V61, V62, V63, V64, V65, V66, cumFreq_1
Warning in preProcess.default(thresh = 0.95, k = 5, freqCut = 19, uniqueCut = 10,  :
  These variables have zero variances: V58, V61, V62, V63, V64, V65, V66, cumFreq_1
Warning in preProcess.default(thresh = 0.95, k = 5, freqCut = 19, uniqueCut = 10,  :
  These variables have zero variances: V58, V61, V62, V63, V64, V65, V66, cumFreq_1
Warning in preProcess.default(thresh = 0.95, k = 5, freqCut = 19, uniqueCut = 10,  :
  These variables have zero variances: V58, V61, V62, V63, V64, V65, V66, cumFreq_1
line search fails -1.357688 0.02352211 1.322102e-05 -7.914214e-07 -2.94266e-08 1.632213e-09 -3.903414e-13Error in .performance.auc(fpr.stop = 1, predictions = numeric(0), labels = structure(integer(0), .Label = c("Neg",  : 
  Not enough distinct predictions to compute area under the ROC curve.
In addition: There were 50 or more warnings (use warnings() to see the first 50)
Error in aucMatrix[i, ] <- attr(BIOmotifvsnon_testpppred_auc, "y.values")[[1]][1] : 
  number of items to replace is not a multiple of replacement length
Warning in preProcess.default(method = c("center", "scale"), x = c(0, 0,  :
  These variables have zero variances: V58, V61, V62, V63, V64, V65, V66, cumFreq_1
Warning in preProcess.default(thresh = 0.95, k = 5, freqCut = 19, uniqueCut = 10,  :
  These variables have zero variances: V58, V61, V62, V63, V64, V65, V66, cumFreq_1
Warning in preProcess.default(thresh = 0.95, k = 5, freqCut = 19, uniqueCut = 10,  :
  These variables have zero variances: V58, V61, V62, V63, V64, V65, V66, cumFreq_1
Warning in preProcess.default(thresh = 0.95, k = 5, freqCut = 19, uniqueCut = 10,  :
  These variables have zero variances: V58, V61, V62, V63, V64, V65, V66, cumFreq_1
Warning in preProcess.default(thresh = 0.95, k = 5, freqCut = 19, uniqueCut = 10,  :
  These variables have zero variances: V58, V61, V62, V63, V64, V65, V66, cumFreq_1
Warning in preProcess.default(thresh = 0.95, k = 5, freqCut = 19, uniqueCut = 10,  :
  These variables have zero variances: V58, V61, V62, V63, V64, V65, V66, cumFreq_1
Warning in preProcess.default(thresh = 0.95, k = 5, freqCut = 19, uniqueCut = 10,  :
  These variables have zero variances: V58, V61, V62, V63, V64, V65, V66, cumFreq_1
Warning in preProcess.default(thresh = 0.95, k = 5, freqCut = 19, uniqueCut = 10,  :
  These variables have zero variances: V58, V61, V62, V63, V64, V65, V66, cumFreq_1
Warning in preProcess.default(thresh = 0.95, k = 5, freqCut = 19, uniqueCut = 10,  :
  These variables have zero variances: V58, V61, V62, V63, V64, V65, V66, cumFreq_1
Warning in preProcess.default(thresh = 0.95, k = 5, freqCut = 19, uniqueCut = 10,  :
  These variables have zero variances: V58, V61, V62, V63, V64, V65, V66, cumFreq_1
Warning in preProcess.default(thresh = 0.95, k = 5, freqCut = 19, uniqueCut = 10,  :
  These variables have zero variances: V58, V61, V62, V63, V64, V65, V66, cumFreq_1
Warning in preProcess.default(thresh = 0.95, k = 5, freqCut = 19, uniqueCut = 10,  :
  These variables have zero variances: V58, V61, V62, V63, V64, V65, V66, cumFreq_1
Warning in preProcess.default(thresh = 0.95, k = 5, freqCut = 19, uniqueCut = 10,  :
  These variables have zero variances: V58, V61, V62, V63, V64, V65, V66, cumFreq_1
Warning in preProcess.default(thresh = 0.95, k = 5, freqCut = 19, uniqueCut = 10,  :
  These variables have zero variances: V58, V61, V62, V63, V64, V65, V66, cumFreq_1
Warning in preProcess.default(thresh = 0.95, k = 5, freqCut = 19, uniqueCut = 10,  :
  These variables have zero variances: V58, V61, V62, V63, V64, V65, V66, cumFreq_1
line search fails -1.493381 0.004944878 1.011773e-05 -1.005637e-07 -3.438549e-08 2.732735e-10 -3.479304e-13Warning in preProcess.default(thresh = 0.95, k = 5, freqCut = 19, uniqueCut = 10,  :
  These variables have zero variances: V58, V61, V62, V63, V64, V65, V66, cumFreq_1
Warning in preProcess.default(thresh = 0.95, k = 5, freqCut = 19, uniqueCut = 10,  :
  These variables have zero variances: V58, V61, V62, V63, V64, V65, V66, cumFreq_1
line search fails -1.412395 0.01864794 2.104564e-05 -3.20985e-07 -4.96846e-08 1.107784e-09 -1.046e-12Error in .performance.auc(fpr.stop = 1, predictions = numeric(0), labels = structure(integer(0), .Label = c("Neg",  : 
  Not enough distinct predictions to compute area under the ROC curve.
In addition: There were 22 warnings (use warnings() to see them)
Error in aucMatrix[i, ] <- attr(BIOmotifvsnon_testpppred_auc, "y.values")[[1]][1] : 
  number of items to replace is not a multiple of replacement length
Warning in preProcess.default(method = c("center", "scale"), x = c(0, 0,  :
  These variables have zero variances: V58, V61, V62, V63, V64, V65, V66, cumFreq_1
Warning in preProcess.default(thresh = 0.95, k = 5, freqCut = 19, uniqueCut = 10,  :
  These variables have zero variances: V58, V61, V62, V63, V64, V65, V66, cumFreq_1
Warning in preProcess.default(thresh = 0.95, k = 5, freqCut = 19, uniqueCut = 10,  :
  These variables have zero variances: V58, V61, V62, V63, V64, V65, V66, cumFreq_1
Warning in preProcess.default(thresh = 0.95, k = 5, freqCut = 19, uniqueCut = 10,  :
  These variables have zero variances: V58, V61, V62, V63, V64, V65, V66, cumFreq_1
Warning in preProcess.default(thresh = 0.95, k = 5, freqCut = 19, uniqueCut = 10,  :
  These variables have zero variances: V58, V61, V62, V63, V64, V65, V66, cumFreq_1
line search fails -1.671762 0.01162077 1.052192e-05 -3.407346e-07 -4.407519e-08 9.066537e-10 -4.640644e-13Warning in preProcess.default(thresh = 0.95, k = 5, freqCut = 19, uniqueCut = 10,  :
  These variables have zero variances: V58, V61, V62, V63, V64, V65, V66, cumFreq_1
Warning in preProcess.default(thresh = 0.95, k = 5, freqCut = 19, uniqueCut = 10,  :
  These variables have zero variances: V58, V61, V62, V63, V64, V65, V66, cumFreq_1
Warning in preProcess.default(thresh = 0.95, k = 5, freqCut = 19, uniqueCut = 10,  :
  These variables have zero variances: V58, V61, V62, V63, V64, V65, V66, cumFreq_1
Warning in preProcess.default(thresh = 0.95, k = 5, freqCut = 19, uniqueCut = 10,  :
  These variables have zero variances: V58, V61, V62, V63, V64, V65, V66, cumFreq_1
Warning in preProcess.default(thresh = 0.95, k = 5, freqCut = 19, uniqueCut = 10,  :
  These variables have zero variances: V58, V61, V62, V63, V64, V65, V66, cumFreq_1
Warning in preProcess.default(thresh = 0.95, k = 5, freqCut = 19, uniqueCut = 10,  :
  These variables have zero variances: V58, V61, V62, V63, V64, V65, V66, cumFreq_1
Warning in preProcess.default(thresh = 0.95, k = 5, freqCut = 19, uniqueCut = 10,  :
  These variables have zero variances: V58, V61, V62, V63, V64, V65, V66, cumFreq_1
Warning in preProcess.default(thresh = 0.95, k = 5, freqCut = 19, uniqueCut = 10,  :
  These variables have zero variances: V58, V61, V62, V63, V64, V65, V66, cumFreq_1
Warning in preProcess.default(thresh = 0.95, k = 5, freqCut = 19, uniqueCut = 10,  :
  These variables have zero variances: V58, V61, V62, V63, V64, V65, V66, cumFreq_1
Warning in preProcess.default(thresh = 0.95, k = 5, freqCut = 19, uniqueCut = 10,  :
  These variables have zero variances: V58, V61, V62, V63, V64, V65, V66, cumFreq_1
Warning in preProcess.default(thresh = 0.95, k = 5, freqCut = 19, uniqueCut = 10,  :
  These variables have zero variances: V58, V61, V62, V63, V64, V65, V66, cumFreq_1
Warning in preProcess.default(thresh = 0.95, k = 5, freqCut = 19, uniqueCut = 10,  :
  These variables have zero variances: V58, V61, V62, V63, V64, V65, V66, cumFreq_1
Warning in preProcess.default(method = c("center", "scale"), x = c(0, 0,  :
  These variables have zero variances: V58, V61, V62, V63, V64, V65, V66, cumFreq_1
Warning in preProcess.default(thresh = 0.95, k = 5, freqCut = 19, uniqueCut = 10,  :
  These variables have zero variances: V58, V61, V62, V63, V64, V65, V66, cumFreq_1
Warning in preProcess.default(thresh = 0.95, k = 5, freqCut = 19, uniqueCut = 10,  :
  These variables have zero variances: V58, V61, V62, V63, V64, V65, V66, cumFreq_1
Warning in preProcess.default(thresh = 0.95, k = 5, freqCut = 19, uniqueCut = 10,  :
  These variables have zero variances: V58, V61, V62, V63, V64, V65, V66, cumFreq_1
Warning in preProcess.default(thresh = 0.95, k = 5, freqCut = 19, uniqueCut = 10,  :
  These variables have zero variances: V58, V61, V62, V63, V64, V65, V66, cumFreq_1
Warning in preProcess.default(thresh = 0.95, k = 5, freqCut = 19, uniqueCut = 10,  :
  These variables have zero variances: V58, V61, V62, V63, V64, V65, V66, cumFreq_1
Warning in preProcess.default(thresh = 0.95, k = 5, freqCut = 19, uniqueCut = 10,  :
  These variables have zero variances: V58, V61, V62, V63, V64, V65, V66, cumFreq_1
Warning in preProcess.default(thresh = 0.95, k = 5, freqCut = 19, uniqueCut = 10,  :
  These variables have zero variances: V58, V61, V62, V63, V64, V65, V66, cumFreq_1
Warning in preProcess.default(thresh = 0.95, k = 5, freqCut = 19, uniqueCut = 10,  :
  These variables have zero variances: V58, V61, V62, V63, V64, V65, V66, cumFreq_1
Warning in preProcess.default(thresh = 0.95, k = 5, freqCut = 19, uniqueCut = 10,  :
  These variables have zero variances: V58, V61, V62, V63, V64, V65, V66, cumFreq_1
Warning in preProcess.default(thresh = 0.95, k = 5, freqCut = 19, uniqueCut = 10,  :
  These variables have zero variances: V58, V61, V62, V63, V64, V65, V66, cumFreq_1
Warning in preProcess.default(thresh = 0.95, k = 5, freqCut = 19, uniqueCut = 10,  :
  These variables have zero variances: V58, V61, V62, V63, V64, V65, V66, cumFreq_1
Warning in preProcess.default(thresh = 0.95, k = 5, freqCut = 19, uniqueCut = 10,  :
  These variables have zero variances: V58, V61, V62, V63, V64, V65, V66, cumFreq_1
Warning in preProcess.default(thresh = 0.95, k = 5, freqCut = 19, uniqueCut = 10,  :
  These variables have zero variances: V58, V61, V62, V63, V64, V65, V66, cumFreq_1
Warning in preProcess.default(thresh = 0.95, k = 5, freqCut = 19, uniqueCut = 10,  :
  These variables have zero variances: V58, V61, V62, V63, V64, V65, V66, cumFreq_1
Warning in preProcess.default(thresh = 0.95, k = 5, freqCut = 19, uniqueCut = 10,  :
  These variables have zero variances: V58, V61, V62, V63, V64, V65, V66, cumFreq_1
Warning in preProcess.default(thresh = 0.95, k = 5, freqCut = 19, uniqueCut = 10,  :
  These variables have zero variances: V58, V61, V62, V63, V64, V65, V66, cumFreq_1
line search fails -1.421735 0.002837518 2.565548e-05 -3.144318e-07 -5.950566e-08 5.522772e-10 -1.52682e-12Error in .performance.auc(fpr.stop = 1, predictions = numeric(0), labels = structure(integer(0), .Label = c("Neg",  : 
  Not enough distinct predictions to compute area under the ROC curve.
In addition: There were 39 warnings (use warnings() to see them)
Error in aucMatrix[i, ] <- attr(BIOmotifvsnon_testpppred_auc, "y.values")[[1]][1] : 
  number of items to replace is not a multiple of replacement length
Warning in preProcess.default(method = c("center", "scale"), x = c(0, 0,  :
  These variables have zero variances: V58, V61, V62, V63, V64, V65, V66, cumFreq_1
Warning in preProcess.default(thresh = 0.95, k = 5, freqCut = 19, uniqueCut = 10,  :
  These variables have zero variances: V58, V61, V62, V63, V64, V65, V66, cumFreq_1
Warning in preProcess.default(thresh = 0.95, k = 5, freqCut = 19, uniqueCut = 10,  :
  These variables have zero variances: V58, V61, V62, V63, V64, V65, V66, cumFreq_1
Warning in preProcess.default(thresh = 0.95, k = 5, freqCut = 19, uniqueCut = 10,  :
  These variables have zero variances: V58, V61, V62, V63, V64, V65, V66, cumFreq_1
Warning in preProcess.default(thresh = 0.95, k = 5, freqCut = 19, uniqueCut = 10,  :
  These variables have zero variances: V58, V61, V62, V63, V64, V65, V66, cumFreq_1
Warning in preProcess.default(thresh = 0.95, k = 5, freqCut = 19, uniqueCut = 10,  :
  These variables have zero variances: V58, V61, V62, V63, V64, V65, V66, cumFreq_1
Warning in preProcess.default(thresh = 0.95, k = 5, freqCut = 19, uniqueCut = 10,  :
  These variables have zero variances: V58, V61, V62, V63, V64, V65, V66, cumFreq_1
Warning in preProcess.default(thresh = 0.95, k = 5, freqCut = 19, uniqueCut = 10,  :
  These variables have zero variances: V58, V61, V62, V63, V64, V65, V66, cumFreq_1
Warning in preProcess.default(thresh = 0.95, k = 5, freqCut = 19, uniqueCut = 10,  :
  These variables have zero variances: V58, V61, V62, V63, V64, V65, V66, cumFreq_1
Warning in preProcess.default(thresh = 0.95, k = 5, freqCut = 19, uniqueCut = 10,  :
  These variables have zero variances: V58, V61, V62, V63, V64, V65, V66, cumFreq_1
Warning in preProcess.default(thresh = 0.95, k = 5, freqCut = 19, uniqueCut = 10,  :
  These variables have zero variances: V58, V61, V62, V63, V64, V65, V66, cumFreq_1
Warning in preProcess.default(thresh = 0.95, k = 5, freqCut = 19, uniqueCut = 10,  :
  These variables have zero variances: V58, V61, V62, V63, V64, V65, V66, cumFreq_1
Warning in preProcess.default(thresh = 0.95, k = 5, freqCut = 19, uniqueCut = 10,  :
  These variables have zero variances: V58, V61, V62, V63, V64, V65, V66, cumFreq_1
Warning in preProcess.default(thresh = 0.95, k = 5, freqCut = 19, uniqueCut = 10,  :
  These variables have zero variances: V58, V61, V62, V63, V64, V65, V66, cumFreq_1
Warning in preProcess.default(thresh = 0.95, k = 5, freqCut = 19, uniqueCut = 10,  :
  These variables have zero variances: V58, V61, V62, V63, V64, V65, V66, cumFreq_1
line search fails -1.476378 0.0282587 1.184981e-05 -2.344412e-07 -3.851953e-08 1.133584e-09 -4.567148e-13Warning in preProcess.default(thresh = 0.95, k = 5, freqCut = 19, uniqueCut = 10,  :
  These variables have zero variances: V58, V61, V62, V63, V64, V65, V66, cumFreq_1
Warning in preProcess.default(thresh = 0.95, k = 5, freqCut = 19, uniqueCut = 10,  :
  These variables have zero variances: V58, V61, V62, V63, V64, V65, V66, cumFreq_1
line search fails -1.358786 0.006669725 1.374969e-05 -1.593118e-07 -3.003768e-08 3.545213e-10 -4.130652e-13Error in .performance.auc(fpr.stop = 1, predictions = numeric(0), labels = structure(integer(0), .Label = c("Neg",  : 
  Not enough distinct predictions to compute area under the ROC curve.
In addition: There were 22 warnings (use warnings() to see them)
Error in aucMatrix[i, ] <- attr(BIOmotifvsnon_testpppred_auc, "y.values")[[1]][1] : 
  number of items to replace is not a multiple of replacement length
Warning in preProcess.default(method = c("center", "scale"), x = c(0, 0,  :
  These variables have zero variances: V58, V61, V62, V63, V64, V65, V66, cumFreq_1
Warning in preProcess.default(thresh = 0.95, k = 5, freqCut = 19, uniqueCut = 10,  :
  These variables have zero variances: V58, V61, V62, V63, V64, V65, V66, cumFreq_1
Warning in preProcess.default(thresh = 0.95, k = 5, freqCut = 19, uniqueCut = 10,  :
  These variables have zero variances: V58, V61, V62, V63, V64, V65, V66, cumFreq_1
Warning in preProcess.default(thresh = 0.95, k = 5, freqCut = 19, uniqueCut = 10,  :
  These variables have zero variances: V58, V61, V62, V63, V64, V65, V66, cumFreq_1
Warning in preProcess.default(thresh = 0.95, k = 5, freqCut = 19, uniqueCut = 10,  :
  These variables have zero variances: V58, V61, V62, V63, V64, V65, V66, cumFreq_1
Warning in preProcess.default(thresh = 0.95, k = 5, freqCut = 19, uniqueCut = 10,  :
  These variables have zero variances: V58, V61, V62, V63, V64, V65, V66, cumFreq_1
Warning in preProcess.default(thresh = 0.95, k = 5, freqCut = 19, uniqueCut = 10,  :
  These variables have zero variances: V58, V61, V62, V63, V64, V65, V66, cumFreq_1
Warning in preProcess.default(thresh = 0.95, k = 5, freqCut = 19, uniqueCut = 10,  :
  These variables have zero variances: V58, V61, V62, V63, V64, V65, V66, cumFreq_1
Warning in preProcess.default(thresh = 0.95, k = 5, freqCut = 19, uniqueCut = 10,  :
  These variables have zero variances: V58, V61, V62, V63, V64, V65, V66, cumFreq_1
Warning in preProcess.default(thresh = 0.95, k = 5, freqCut = 19, uniqueCut = 10,  :
  These variables have zero variances: V58, V61, V62, V63, V64, V65, V66, cumFreq_1
Warning in preProcess.default(thresh = 0.95, k = 5, freqCut = 19, uniqueCut = 10,  :
  These variables have zero variances: V58, V61, V62, V63, V64, V65, V66, cumFreq_1
Warning in preProcess.default(thresh = 0.95, k = 5, freqCut = 19, uniqueCut = 10,  :
  These variables have zero variances: V58, V61, V62, V63, V64, V65, V66, cumFreq_1
line search fails -1.497906 0.04955062 1.194852e-05 -1.144105e-06 -4.089869e-08 3.369915e-09 -4.925344e-13Warning in preProcess.default(thresh = 0.95, k = 5, freqCut = 19, uniqueCut = 10,  :
  These variables have zero variances: V58, V61, V62, V63, V64, V65, V66, cumFreq_1
Warning in preProcess.default(thresh = 0.95, k = 5, freqCut = 19, uniqueCut = 10,  :
  These variables have zero variances: V58, V61, V62, V63, V64, V65, V66, cumFreq_1
Warning in preProcess.default(thresh = 0.95, k = 5, freqCut = 19, uniqueCut = 10,  :
  These variables have zero variances: V58, V61, V62, V63, V64, V65, V66, cumFreq_1
Warning in preProcess.default(thresh = 0.95, k = 5, freqCut = 19, uniqueCut = 10,  :
  These variables have zero variances: V58, V61, V62, V63, V64, V65, V66, cumFreq_1
Warning in preProcess.default(thresh = 0.95, k = 5, freqCut = 19, uniqueCut = 10,  :
  These variables have zero variances: V58, V61, V62, V63, V64, V65, V66, cumFreq_1
Warning in preProcess.default(method = c("center", "scale"), x = c(0, 0,  :
  These variables have zero variances: V58, V61, V62, V63, V64, V65, V66, cumFreq_1
Warning in preProcess.default(thresh = 0.95, k = 5, freqCut = 19, uniqueCut = 10,  :
  These variables have zero variances: V58, V61, V62, V63, V64, V65, V66, cumFreq_1
Warning in preProcess.default(thresh = 0.95, k = 5, freqCut = 19, uniqueCut = 10,  :
  These variables have zero variances: V58, V61, V62, V63, V64, V65, V66, cumFreq_1
Warning in preProcess.default(thresh = 0.95, k = 5, freqCut = 19, uniqueCut = 10,  :
  These variables have zero variances: V58, V61, V62, V63, V64, V65, V66, cumFreq_1
Warning in preProcess.default(thresh = 0.95, k = 5, freqCut = 19, uniqueCut = 10,  :
  These variables have zero variances: V58, V61, V62, V63, V64, V65, V66, cumFreq_1
Warning in preProcess.default(thresh = 0.95, k = 5, freqCut = 19, uniqueCut = 10,  :
  These variables have zero variances: V58, V61, V62, V63, V64, V65, V66, cumFreq_1
Warning in preProcess.default(thresh = 0.95, k = 5, freqCut = 19, uniqueCut = 10,  :
  These variables have zero variances: V58, V61, V62, V63, V64, V65, V66, cumFreq_1
Warning in preProcess.default(thresh = 0.95, k = 5, freqCut = 19, uniqueCut = 10,  :
  These variables have zero variances: V58, V61, V62, V63, V64, V65, V66, cumFreq_1
Warning in preProcess.default(thresh = 0.95, k = 5, freqCut = 19, uniqueCut = 10,  :
  These variables have zero variances: V58, V61, V62, V63, V64, V65, V66, cumFreq_1
Warning in preProcess.default(thresh = 0.95, k = 5, freqCut = 19, uniqueCut = 10,  :
  These variables have zero variances: V58, V61, V62, V63, V64, V65, V66, cumFreq_1
Warning in preProcess.default(thresh = 0.95, k = 5, freqCut = 19, uniqueCut = 10,  :
  These variables have zero variances: V58, V61, V62, V63, V64, V65, V66, cumFreq_1
Warning in preProcess.default(thresh = 0.95, k = 5, freqCut = 19, uniqueCut = 10,  :
  These variables have zero variances: V58, V61, V62, V63, V64, V65, V66, cumFreq_1
Warning in preProcess.default(thresh = 0.95, k = 5, freqCut = 19, uniqueCut = 10,  :
  These variables have zero variances: V58, V61, V62, V63, V64, V65, V66, cumFreq_1
Warning in preProcess.default(thresh = 0.95, k = 5, freqCut = 19, uniqueCut = 10,  :
  These variables have zero variances: V58, V61, V62, V63, V64, V65, V66, cumFreq_1
Warning in preProcess.default(thresh = 0.95, k = 5, freqCut = 19, uniqueCut = 10,  :
  These variables have zero variances: V58, V61, V62, V63, V64, V65, V66, cumFreq_1
Warning in preProcess.default(thresh = 0.95, k = 5, freqCut = 19, uniqueCut = 10,  :
  These variables have zero variances: V58, V61, V62, V63, V64, V65, V66, cumFreq_1
Warning in preProcess.default(thresh = 0.95, k = 5, freqCut = 19, uniqueCut = 10,  :
  These variables have zero variances: V58, V61, V62, V63, V64, V65, V66, cumFreq_1
line search fails -1.348966 0.03525601 1.009185e-05 -2.6071e-07 -2.194664e-08 9.088845e-10 -2.217192e-13Error in .performance.auc(fpr.stop = 1, predictions = numeric(0), labels = structure(integer(0), .Label = c("Neg",  : 
  Not enough distinct predictions to compute area under the ROC curve.
In addition: There were 39 warnings (use warnings() to see them)
Error in aucMatrix[i, ] <- attr(BIOmotifvsnon_testpppred_auc, "y.values")[[1]][1] : 
  number of items to replace is not a multiple of replacement length
line search fails -1.231888 0.009152413 1.175526e-05 3.996565e-07 -2.945487e-08 -5.176005e-10 -3.464565e-13line search fails -1.332617 0.01031344 1.581567e-05 1.471896e-07 -4.630273e-08 6.227883e-11 -7.322994e-13line search fails -1.302126 0.003555734 1.336717e-05 6.299058e-07 -3.851029e-08 -1.052703e-09 -5.154367e-13[1] 1
[1] 2
[1] 3
[1] 4
[1] 5
[1] 6
[1] 7
[1] 8
[1] 9
[1] 10
[1] 11
[1] 12
[1] 13
[1] 14
[1] 15
[1] 16
[1] 17
[1] 18
[1] 19
[1] 20
[1] 21
[1] 22
[1] 23
[1] 24
[1] 25
[1] 26
[1] 27
[1] 28
[1] 29
[1] 30
[1] 31
[1] 32
[1] 33
[1] 34
[1] 35
[1] 36
[1] 37
[1] 38
[1] 39
[1] 40
[1] 41
[1] 1
[1] 2
[1] 3
[1] 4
[1] 5
[1] 6
[1] 7
[1] 8
[1] 9
[1] 10
[1] 11
[1] 12
[1] 13
[1] 14
[1] 15
[1] 16
[1] 17
[1] 18
[1] 19
[1] 20
[1] 21
[1] 22
[1] 23
[1] 24
[1] 25
[1] 26
[1] 27
[1] 28
[1] 29
[1] 30
[1] 31
[1] 32
[1] 33
[1] 34
[1] 35
[1] 36
[1] 37
[1] 38
[1] 39
[1] 40
[1] 41
Warning in preProcess.default(method = c("center", "scale"), x = c(0, 0,  :
  These variables have zero variances: V74, V78, V80, V81, V82, V83, V84, V85, V86, V87, V88, V91
Warning in preProcess.default(thresh = 0.95, k = 5, freqCut = 19, uniqueCut = 10,  :
  These variables have zero variances: V74, V78, V80, V81, V82, V83, V84, V85, V86, V87, V88, V91
Warning in preProcess.default(thresh = 0.95, k = 5, freqCut = 19, uniqueCut = 10,  :
  These variables have zero variances: V74, V78, V80, V81, V82, V83, V84, V85, V86, V87, V88, V91
Warning in preProcess.default(thresh = 0.95, k = 5, freqCut = 19, uniqueCut = 10,  :
  These variables have zero variances: V74, V78, V80, V81, V82, V83, V84, V85, V86, V87, V88, V91
Warning in preProcess.default(thresh = 0.95, k = 5, freqCut = 19, uniqueCut = 10,  :
  These variables have zero variances: V74, V78, V80, V81, V82, V83, V84, V85, V86, V87, V88, V91
Warning in preProcess.default(thresh = 0.95, k = 5, freqCut = 19, uniqueCut = 10,  :
  These variables have zero variances: V74, V78, V80, V81, V82, V83, V84, V85, V86, V87, V88, V91
Warning in preProcess.default(thresh = 0.95, k = 5, freqCut = 19, uniqueCut = 10,  :
  These variables have zero variances: V74, V78, V80, V81, V82, V83, V84, V85, V86, V87, V88, V91
Warning in preProcess.default(thresh = 0.95, k = 5, freqCut = 19, uniqueCut = 10,  :
  These variables have zero variances: V74, V78, V80, V81, V82, V83, V84, V85, V86, V87, V88, V91
Warning in preProcess.default(thresh = 0.95, k = 5, freqCut = 19, uniqueCut = 10,  :
  These variables have zero variances: V74, V78, V80, V81, V82, V83, V84, V85, V86, V87, V88, V91
Warning in preProcess.default(thresh = 0.95, k = 5, freqCut = 19, uniqueCut = 10,  :
  These variables have zero variances: V74, V78, V80, V81, V82, V83, V84, V85, V86, V87, V88, V91
Warning in preProcess.default(thresh = 0.95, k = 5, freqCut = 19, uniqueCut = 10,  :
  These variables have zero variances: V74, V78, V80, V81, V82, V83, V84, V85, V86, V87, V88, V91
Warning in preProcess.default(thresh = 0.95, k = 5, freqCut = 19, uniqueCut = 10,  :
  These variables have zero variances: V74, V78, V80, V81, V82, V83, V84, V85, V86, V87, V88, V91
Warning in preProcess.default(thresh = 0.95, k = 5, freqCut = 19, uniqueCut = 10,  :
  These variables have zero variances: V74, V78, V80, V81, V82, V83, V84, V85, V86, V87, V88, V91
Warning in preProcess.default(thresh = 0.95, k = 5, freqCut = 19, uniqueCut = 10,  :
  These variables have zero variances: V74, V78, V80, V81, V82, V83, V84, V85, V86, V87, V88, V91
Warning in preProcess.default(thresh = 0.95, k = 5, freqCut = 19, uniqueCut = 10,  :
  These variables have zero variances: V74, V78, V80, V81, V82, V83, V84, V85, V86, V87, V88, V91
Warning in preProcess.default(thresh = 0.95, k = 5, freqCut = 19, uniqueCut = 10,  :
  These variables have zero variances: V74, V78, V80, V81, V82, V83, V84, V85, V86, V87, V88, V91
Warning in preProcess.default(thresh = 0.95, k = 5, freqCut = 19, uniqueCut = 10,  :
  These variables have zero variances: V74, V78, V80, V81, V82, V83, V84, V85, V86, V87, V88, V91
[1] 1
[1] 2
[1] 3
[1] 4
[1] 5
[1] 6
[1] 7
[1] 8
[1] 9
[1] 10
[1] 11
[1] 12
[1] 13
[1] 14
[1] 15
[1] 16
[1] 17
[1] 18
[1] 19
[1] 20
[1] 21
[1] 22
[1] 23
[1] 24
[1] 25
[1] 26
[1] 27
[1] 28
[1] 29
[1] 30
[1] 31
[1] 32
[1] 33
[1] 34
[1] 35
[1] 36
[1] 37
[1] 38
[1] 39
[1] 40
[1] 41
[1] 1
[1] 2
[1] 3
[1] 4
[1] 5
[1] 6
[1] 7
[1] 8
[1] 9
[1] 10
[1] 11
[1] 12
[1] 13
[1] 14
[1] 15
[1] 16
[1] 17
[1] 18
[1] 19
[1] 20
[1] 21
[1] 22
[1] 23
[1] 24
[1] 25
[1] 26
[1] 27
[1] 28
[1] 29
[1] 30
[1] 31
[1] 32
[1] 33
[1] 34
[1] 35
[1] 36
[1] 37
[1] 38
[1] 39
[1] 40
[1] 41
Warning in preProcess.default(method = c("center", "scale"), x = c(1, 0,  :
  These variables have zero variances: V74, V78, V80, V81, V82, V83, V84, V85, V86, V87, V88, V91
Warning in preProcess.default(thresh = 0.95, k = 5, freqCut = 19, uniqueCut = 10,  :
  These variables have zero variances: V74, V78, V80, V81, V82, V83, V84, V85, V86, V87, V88, V91
Warning in preProcess.default(thresh = 0.95, k = 5, freqCut = 19, uniqueCut = 10,  :
  These variables have zero variances: V74, V78, V80, V81, V82, V83, V84, V85, V86, V87, V88, V91
Warning in preProcess.default(thresh = 0.95, k = 5, freqCut = 19, uniqueCut = 10,  :
  These variables have zero variances: V74, V78, V80, V81, V82, V83, V84, V85, V86, V87, V88, V91
Warning in preProcess.default(thresh = 0.95, k = 5, freqCut = 19, uniqueCut = 10,  :
  These variables have zero variances: V74, V78, V80, V81, V82, V83, V84, V85, V86, V87, V88, V91
Warning in preProcess.default(thresh = 0.95, k = 5, freqCut = 19, uniqueCut = 10,  :
  These variables have zero variances: V74, V78, V80, V81, V82, V83, V84, V85, V86, V87, V88, V91
Warning in preProcess.default(thresh = 0.95, k = 5, freqCut = 19, uniqueCut = 10,  :
  These variables have zero variances: V74, V78, V80, V81, V82, V83, V84, V85, V86, V87, V88, V91
Warning in preProcess.default(thresh = 0.95, k = 5, freqCut = 19, uniqueCut = 10,  :
  These variables have zero variances: V74, V78, V80, V81, V82, V83, V84, V85, V86, V87, V88, V91
Warning in preProcess.default(thresh = 0.95, k = 5, freqCut = 19, uniqueCut = 10,  :
  These variables have zero variances: V74, V78, V80, V81, V82, V83, V84, V85, V86, V87, V88, V91
Warning in preProcess.default(thresh = 0.95, k = 5, freqCut = 19, uniqueCut = 10,  :
  These variables have zero variances: V74, V78, V80, V81, V82, V83, V84, V85, V86, V87, V88, V91
Warning in preProcess.default(thresh = 0.95, k = 5, freqCut = 19, uniqueCut = 10,  :
  These variables have zero variances: V74, V78, V80, V81, V82, V83, V84, V85, V86, V87, V88, V91
Warning in preProcess.default(thresh = 0.95, k = 5, freqCut = 19, uniqueCut = 10,  :
  These variables have zero variances: V74, V78, V80, V81, V82, V83, V84, V85, V86, V87, V88, V91
Warning in preProcess.default(thresh = 0.95, k = 5, freqCut = 19, uniqueCut = 10,  :
  These variables have zero variances: V74, V78, V80, V81, V82, V83, V84, V85, V86, V87, V88, V91
Warning in preProcess.default(thresh = 0.95, k = 5, freqCut = 19, uniqueCut = 10,  :
  These variables have zero variances: V74, V78, V80, V81, V82, V83, V84, V85, V86, V87, V88, V91
Warning in preProcess.default(thresh = 0.95, k = 5, freqCut = 19, uniqueCut = 10,  :
  These variables have zero variances: V74, V78, V80, V81, V82, V83, V84, V85, V86, V87, V88, V91
Warning in preProcess.default(thresh = 0.95, k = 5, freqCut = 19, uniqueCut = 10,  :
  These variables have zero variances: V74, V78, V80, V81, V82, V83, V84, V85, V86, V87, V88, V91
Warning in preProcess.default(thresh = 0.95, k = 5, freqCut = 19, uniqueCut = 10,  :
  These variables have zero variances: V74, V78, V80, V81, V82, V83, V84, V85, V86, V87, V88, V91
[1] 1
[1] 2
[1] 3
[1] 4
[1] 5
[1] 6
[1] 7
[1] 8
[1] 9
[1] 10
[1] 11
[1] 12
[1] 13
[1] 14
[1] 15
[1] 16
[1] 17
[1] 18
[1] 19
[1] 20
[1] 21
[1] 22
[1] 23
[1] 24
[1] 25
[1] 26
[1] 27
[1] 28
[1] 29
[1] 30
[1] 31
[1] 32
[1] 33
[1] 34
[1] 35
[1] 36
[1] 37
[1] 38
[1] 39
[1] 40
[1] 41
[1] 1
[1] 2
[1] 3
[1] 4
[1] 5
[1] 6
[1] 7
[1] 8
[1] 9
[1] 10
[1] 11
[1] 12
[1] 13
[1] 14
[1] 15
[1] 16
[1] 17
[1] 18
[1] 19
[1] 20
[1] 21
[1] 22
[1] 23
[1] 24
[1] 25
[1] 26
[1] 27
[1] 28
[1] 29
[1] 30
[1] 31
[1] 32
[1] 33
[1] 34
[1] 35
[1] 36
[1] 37
[1] 38
[1] 39
[1] 40
[1] 41
Warning in preProcess.default(method = c("center", "scale"), x = c(0, 1,  :
  These variables have zero variances: V74, V78, V80, V81, V82, V83, V84, V85, V86, V87, V88, V91
Warning in preProcess.default(thresh = 0.95, k = 5, freqCut = 19, uniqueCut = 10,  :
  These variables have zero variances: V74, V78, V80, V81, V82, V83, V84, V85, V86, V87, V88, V91
Warning in preProcess.default(thresh = 0.95, k = 5, freqCut = 19, uniqueCut = 10,  :
  These variables have zero variances: V74, V78, V80, V81, V82, V83, V84, V85, V86, V87, V88, V91
Warning in preProcess.default(thresh = 0.95, k = 5, freqCut = 19, uniqueCut = 10,  :
  These variables have zero variances: V74, V78, V80, V81, V82, V83, V84, V85, V86, V87, V88, V91
Warning in preProcess.default(thresh = 0.95, k = 5, freqCut = 19, uniqueCut = 10,  :
  These variables have zero variances: V74, V78, V80, V81, V82, V83, V84, V85, V86, V87, V88, V91
Warning in preProcess.default(thresh = 0.95, k = 5, freqCut = 19, uniqueCut = 10,  :
  These variables have zero variances: V74, V78, V80, V81, V82, V83, V84, V85, V86, V87, V88, V91
Warning in preProcess.default(thresh = 0.95, k = 5, freqCut = 19, uniqueCut = 10,  :
  These variables have zero variances: V74, V78, V80, V81, V82, V83, V84, V85, V86, V87, V88, V91
Warning in preProcess.default(thresh = 0.95, k = 5, freqCut = 19, uniqueCut = 10,  :
  These variables have zero variances: V74, V78, V80, V81, V82, V83, V84, V85, V86, V87, V88, V91
Warning in preProcess.default(thresh = 0.95, k = 5, freqCut = 19, uniqueCut = 10,  :
  These variables have zero variances: V74, V78, V80, V81, V82, V83, V84, V85, V86, V87, V88, V91
Warning in preProcess.default(thresh = 0.95, k = 5, freqCut = 19, uniqueCut = 10,  :
  These variables have zero variances: V74, V78, V80, V81, V82, V83, V84, V85, V86, V87, V88, V91
Warning in preProcess.default(thresh = 0.95, k = 5, freqCut = 19, uniqueCut = 10,  :
  These variables have zero variances: V74, V78, V80, V81, V82, V83, V84, V85, V86, V87, V88, V91
Warning in preProcess.default(thresh = 0.95, k = 5, freqCut = 19, uniqueCut = 10,  :
  These variables have zero variances: V74, V78, V80, V81, V82, V83, V84, V85, V86, V87, V88, V91
Warning in preProcess.default(thresh = 0.95, k = 5, freqCut = 19, uniqueCut = 10,  :
  These variables have zero variances: V74, V78, V80, V81, V82, V83, V84, V85, V86, V87, V88, V91
Warning in preProcess.default(thresh = 0.95, k = 5, freqCut = 19, uniqueCut = 10,  :
  These variables have zero variances: V74, V78, V80, V81, V82, V83, V84, V85, V86, V87, V88, V91
Warning in preProcess.default(thresh = 0.95, k = 5, freqCut = 19, uniqueCut = 10,  :
  These variables have zero variances: V74, V78, V80, V81, V82, V83, V84, V85, V86, V87, V88, V91
Warning in preProcess.default(thresh = 0.95, k = 5, freqCut = 19, uniqueCut = 10,  :
  These variables have zero variances: V74, V78, V80, V81, V82, V83, V84, V85, V86, V87, V88, V91
Warning in preProcess.default(thresh = 0.95, k = 5, freqCut = 19, uniqueCut = 10,  :
  These variables have zero variances: V74, V78, V80, V81, V82, V83, V84, V85, V86, V87, V88, V91
[1] 1
[1] 2
[1] 3
[1] 4
[1] 5
[1] 6
[1] 7
[1] 8
[1] 9
[1] 10
[1] 11
[1] 12
[1] 13
[1] 14
[1] 15
[1] 16
[1] 17
[1] 18
[1] 19
[1] 20
[1] 21
[1] 22
[1] 23
[1] 24
[1] 25
[1] 26
[1] 27
[1] 28
[1] 29
[1] 30
[1] 31
[1] 32
[1] 33
[1] 34
[1] 35
[1] 36
[1] 37
[1] 38
[1] 39
[1] 40
[1] 41
[1] 1
[1] 2
[1] 3
[1] 4
[1] 5
[1] 6
[1] 7
[1] 8
[1] 9
[1] 10
[1] 11
[1] 12
[1] 13
[1] 14
[1] 15
[1] 16
[1] 17
[1] 18
[1] 19
[1] 20
[1] 21
[1] 22
[1] 23
[1] 24
[1] 25
[1] 26
[1] 27
[1] 28
[1] 29
[1] 30
[1] 31
[1] 32
[1] 33
[1] 34
[1] 35
[1] 36
[1] 37
[1] 38
[1] 39
[1] 40
[1] 41
Warning in preProcess.default(method = c("center", "scale"), x = c(0, 0,  :
  These variables have zero variances: V74, V78, V80, V81, V82, V83, V84, V85, V86, V87, V88, V91
Warning in preProcess.default(thresh = 0.95, k = 5, freqCut = 19, uniqueCut = 10,  :
  These variables have zero variances: V74, V78, V80, V81, V82, V83, V84, V85, V86, V87, V88, V91
line search fails -1.674417 0.01792809 1.019452e-05 -1.303263e-08 -4.466039e-08 4.718034e-10 -4.552975e-13Warning in preProcess.default(thresh = 0.95, k = 5, freqCut = 19, uniqueCut = 10,  :
  These variables have zero variances: V74, V78, V80, V81, V82, V83, V84, V85, V86, V87, V88, V91
Warning in preProcess.default(thresh = 0.95, k = 5, freqCut = 19, uniqueCut = 10,  :
  These variables have zero variances: V74, V78, V80, V81, V82, V83, V84, V85, V86, V87, V88, V91
Warning in preProcess.default(thresh = 0.95, k = 5, freqCut = 19, uniqueCut = 10,  :
  These variables have zero variances: V74, V78, V80, V81, V82, V83, V84, V85, V86, V87, V88, V91
Warning in preProcess.default(thresh = 0.95, k = 5, freqCut = 19, uniqueCut = 10,  :
  These variables have zero variances: V74, V78, V80, V81, V82, V83, V84, V85, V86, V87, V88, V91
Warning in preProcess.default(thresh = 0.95, k = 5, freqCut = 19, uniqueCut = 10,  :
  These variables have zero variances: V74, V78, V80, V81, V82, V83, V84, V85, V86, V87, V88, V91
Warning in preProcess.default(thresh = 0.95, k = 5, freqCut = 19, uniqueCut = 10,  :
  These variables have zero variances: V74, V78, V80, V81, V82, V83, V84, V85, V86, V87, V88, V91
Warning in preProcess.default(thresh = 0.95, k = 5, freqCut = 19, uniqueCut = 10,  :
  These variables have zero variances: V74, V78, V80, V81, V82, V83, V84, V85, V86, V87, V88, V91
Warning in preProcess.default(thresh = 0.95, k = 5, freqCut = 19, uniqueCut = 10,  :
  These variables have zero variances: V74, V78, V80, V81, V82, V83, V84, V85, V86, V87, V88, V91
Warning in preProcess.default(thresh = 0.95, k = 5, freqCut = 19, uniqueCut = 10,  :
  These variables have zero variances: V74, V78, V80, V81, V82, V83, V84, V85, V86, V87, V88, V91
Warning in preProcess.default(thresh = 0.95, k = 5, freqCut = 19, uniqueCut = 10,  :
  These variables have zero variances: V74, V78, V80, V81, V82, V83, V84, V85, V86, V87, V88, V91
Warning in preProcess.default(thresh = 0.95, k = 5, freqCut = 19, uniqueCut = 10,  :
  These variables have zero variances: V74, V78, V80, V81, V82, V83, V84, V85, V86, V87, V88, V91
Warning in preProcess.default(thresh = 0.95, k = 5, freqCut = 19, uniqueCut = 10,  :
  These variables have zero variances: V74, V78, V80, V81, V82, V83, V84, V85, V86, V87, V88, V91
Warning in preProcess.default(thresh = 0.95, k = 5, freqCut = 19, uniqueCut = 10,  :
  These variables have zero variances: V74, V78, V80, V81, V82, V83, V84, V85, V86, V87, V88, V91
Warning in preProcess.default(thresh = 0.95, k = 5, freqCut = 19, uniqueCut = 10,  :
  These variables have zero variances: V74, V78, V80, V81, V82, V83, V84, V85, V86, V87, V88, V91
line search fails -1.388971 0.003533046 1.231102e-05 -6.953766e-07 -3.677289e-08 1.300403e-09 -4.536158e-13Warning in preProcess.default(thresh = 0.95, k = 5, freqCut = 19, uniqueCut = 10,  :
  These variables have zero variances: V74, V78, V80, V81, V82, V83, V84, V85, V86, V87, V88, V91
[1] 1
[1] 2
[1] 3
[1] 4
[1] 5
[1] 6
[1] 7
[1] 8
[1] 9
[1] 10
[1] 11
[1] 12
[1] 13
[1] 14
[1] 15
[1] 16
[1] 17
[1] 18
[1] 19
[1] 20
[1] 21
[1] 22
[1] 23
[1] 24
[1] 25
[1] 26
[1] 27
[1] 28
[1] 29
[1] 30
[1] 31
[1] 32
[1] 33
[1] 34
[1] 35
[1] 36
[1] 37
[1] 38
[1] 39
[1] 40
[1] 41
[1] 1
[1] 2
[1] 3
[1] 4
[1] 5
[1] 6
[1] 7
[1] 8
[1] 9
[1] 10
[1] 11
[1] 12
[1] 13
[1] 14
[1] 15
[1] 16
[1] 17
[1] 18
[1] 19
[1] 20
[1] 21
[1] 22
[1] 23
[1] 24
[1] 25
[1] 26
[1] 27
[1] 28
[1] 29
[1] 30
[1] 31
[1] 32
[1] 33
[1] 34
[1] 35
[1] 36
[1] 37
[1] 38
[1] 39
[1] 40
[1] 41
Warning in preProcess.default(method = c("center", "scale"), x = c(0, 0,  :
  These variables have zero variances: V74, V78, V80, V81, V82, V83, V84, V85, V86, V87, V88, V91
Warning in preProcess.default(thresh = 0.95, k = 5, freqCut = 19, uniqueCut = 10,  :
  These variables have zero variances: V74, V78, V80, V81, V82, V83, V84, V85, V86, V87, V88, V91
Warning in preProcess.default(thresh = 0.95, k = 5, freqCut = 19, uniqueCut = 10,  :
  These variables have zero variances: V74, V78, V80, V81, V82, V83, V84, V85, V86, V87, V88, V91
Warning in preProcess.default(thresh = 0.95, k = 5, freqCut = 19, uniqueCut = 10,  :
  These variables have zero variances: V74, V78, V80, V81, V82, V83, V84, V85, V86, V87, V88, V91
Warning in preProcess.default(thresh = 0.95, k = 5, freqCut = 19, uniqueCut = 10,  :
  These variables have zero variances: V74, V78, V80, V81, V82, V83, V84, V85, V86, V87, V88, V91
Warning in preProcess.default(thresh = 0.95, k = 5, freqCut = 19, uniqueCut = 10,  :
  These variables have zero variances: V74, V78, V80, V81, V82, V83, V84, V85, V86, V87, V88, V91
Warning in preProcess.default(thresh = 0.95, k = 5, freqCut = 19, uniqueCut = 10,  :
  These variables have zero variances: V74, V78, V80, V81, V82, V83, V84, V85, V86, V87, V88, V91
Warning in preProcess.default(thresh = 0.95, k = 5, freqCut = 19, uniqueCut = 10,  :
  These variables have zero variances: V74, V78, V80, V81, V82, V83, V84, V85, V86, V87, V88, V91
Warning in preProcess.default(thresh = 0.95, k = 5, freqCut = 19, uniqueCut = 10,  :
  These variables have zero variances: V74, V78, V80, V81, V82, V83, V84, V85, V86, V87, V88, V91
Warning in preProcess.default(thresh = 0.95, k = 5, freqCut = 19, uniqueCut = 10,  :
  These variables have zero variances: V74, V78, V80, V81, V82, V83, V84, V85, V86, V87, V88, V91
Warning in preProcess.default(thresh = 0.95, k = 5, freqCut = 19, uniqueCut = 10,  :
  These variables have zero variances: V74, V78, V80, V81, V82, V83, V84, V85, V86, V87, V88, V91
Warning in preProcess.default(thresh = 0.95, k = 5, freqCut = 19, uniqueCut = 10,  :
  These variables have zero variances: V74, V78, V80, V81, V82, V83, V84, V85, V86, V87, V88, V91
Warning in preProcess.default(thresh = 0.95, k = 5, freqCut = 19, uniqueCut = 10,  :
  These variables have zero variances: V74, V78, V80, V81, V82, V83, V84, V85, V86, V87, V88, V91
Warning in preProcess.default(thresh = 0.95, k = 5, freqCut = 19, uniqueCut = 10,  :
  These variables have zero variances: V74, V78, V80, V81, V82, V83, V84, V85, V86, V87, V88, V91
line search fails -1.669778 0.02132419 1.064182e-05 -7.055045e-07 -4.640485e-08 1.850152e-09 -4.951372e-13Warning in preProcess.default(thresh = 0.95, k = 5, freqCut = 19, uniqueCut = 10,  :
  These variables have zero variances: V74, V78, V80, V81, V82, V83, V84, V85, V86, V87, V88, V91
Warning in preProcess.default(thresh = 0.95, k = 5, freqCut = 19, uniqueCut = 10,  :
  These variables have zero variances: V74, V78, V80, V81, V82, V83, V84, V85, V86, V87, V88, V91
Warning in preProcess.default(thresh = 0.95, k = 5, freqCut = 19, uniqueCut = 10,  :
  These variables have zero variances: V74, V78, V80, V81, V82, V83, V84, V85, V86, V87, V88, V91
[1] 1
[1] 2
[1] 3
[1] 4
[1] 5
[1] 6
[1] 7
[1] 8
[1] 9
[1] 10
[1] 11
[1] 12
[1] 13
[1] 14
[1] 15
[1] 16
[1] 17
[1] 18
[1] 19
[1] 20
[1] 21
[1] 22
[1] 23
[1] 24
[1] 25
[1] 26
[1] 27
[1] 28
[1] 29
[1] 30
[1] 31
[1] 32
[1] 33
[1] 34
[1] 35
[1] 36
[1] 37
[1] 38
[1] 39
[1] 40
[1] 41
[1] 1
[1] 2
[1] 3
[1] 4
[1] 5
[1] 6
[1] 7
[1] 8
[1] 9
[1] 10
[1] 11
[1] 12
[1] 13
[1] 14
[1] 15
[1] 16
[1] 17
[1] 18
[1] 19
[1] 20
[1] 21
[1] 22
[1] 23
[1] 24
[1] 25
[1] 26
[1] 27
[1] 28
[1] 29
[1] 30
[1] 31
[1] 32
[1] 33
[1] 34
[1] 35
[1] 36
[1] 37
[1] 38
[1] 39
[1] 40
[1] 41
Warning in preProcess.default(method = c("center", "scale"), x = c(0, 0,  :
  These variables have zero variances: V74, V78, V80, V81, V82, V83, V84, V85, V86, V87, V88, V91
Warning in preProcess.default(thresh = 0.95, k = 5, freqCut = 19, uniqueCut = 10,  :
  These variables have zero variances: V74, V78, V80, V81, V82, V83, V84, V85, V86, V87, V88, V91
Warning in preProcess.default(thresh = 0.95, k = 5, freqCut = 19, uniqueCut = 10,  :
  These variables have zero variances: V74, V78, V80, V81, V82, V83, V84, V85, V86, V87, V88, V91
Warning in preProcess.default(thresh = 0.95, k = 5, freqCut = 19, uniqueCut = 10,  :
  These variables have zero variances: V74, V78, V80, V81, V82, V83, V84, V85, V86, V87, V88, V91
Warning in preProcess.default(thresh = 0.95, k = 5, freqCut = 19, uniqueCut = 10,  :
  These variables have zero variances: V74, V78, V80, V81, V82, V83, V84, V85, V86, V87, V88, V91
Warning in preProcess.default(thresh = 0.95, k = 5, freqCut = 19, uniqueCut = 10,  :
  These variables have zero variances: V74, V78, V80, V81, V82, V83, V84, V85, V86, V87, V88, V91
Warning in preProcess.default(thresh = 0.95, k = 5, freqCut = 19, uniqueCut = 10,  :
  These variables have zero variances: V74, V78, V80, V81, V82, V83, V84, V85, V86, V87, V88, V91
Warning in preProcess.default(thresh = 0.95, k = 5, freqCut = 19, uniqueCut = 10,  :
  These variables have zero variances: V74, V78, V80, V81, V82, V83, V84, V85, V86, V87, V88, V91
Warning in preProcess.default(thresh = 0.95, k = 5, freqCut = 19, uniqueCut = 10,  :
  These variables have zero variances: V74, V78, V80, V81, V82, V83, V84, V85, V86, V87, V88, V91
Warning in preProcess.default(thresh = 0.95, k = 5, freqCut = 19, uniqueCut = 10,  :
  These variables have zero variances: V74, V78, V80, V81, V82, V83, V84, V85, V86, V87, V88, V91
Warning in preProcess.default(thresh = 0.95, k = 5, freqCut = 19, uniqueCut = 10,  :
  These variables have zero variances: V74, V78, V80, V81, V82, V83, V84, V85, V86, V87, V88, V91
Warning in preProcess.default(thresh = 0.95, k = 5, freqCut = 19, uniqueCut = 10,  :
  These variables have zero variances: V74, V78, V80, V81, V82, V83, V84, V85, V86, V87, V88, V91
Warning in preProcess.default(thresh = 0.95, k = 5, freqCut = 19, uniqueCut = 10,  :
  These variables have zero variances: V74, V78, V80, V81, V82, V83, V84, V85, V86, V87, V88, V91
Warning in preProcess.default(thresh = 0.95, k = 5, freqCut = 19, uniqueCut = 10,  :
  These variables have zero variances: V74, V78, V80, V81, V82, V83, V84, V85, V86, V87, V88, V91
Warning in preProcess.default(thresh = 0.95, k = 5, freqCut = 19, uniqueCut = 10,  :
  These variables have zero variances: V74, V78, V80, V81, V82, V83, V84, V85, V86, V87, V88, V91
Warning in preProcess.default(thresh = 0.95, k = 5, freqCut = 19, uniqueCut = 10,  :
  These variables have zero variances: V74, V78, V80, V81, V82, V83, V84, V85, V86, V87, V88, V91
Warning in preProcess.default(thresh = 0.95, k = 5, freqCut = 19, uniqueCut = 10,  :
  These variables have zero variances: V74, V78, V80, V81, V82, V83, V84, V85, V86, V87, V88, V91
[1] 1
[1] 2
[1] 3
[1] 4
[1] 5
[1] 6
[1] 7
[1] 8
[1] 9
[1] 10
[1] 11
[1] 12
[1] 13
[1] 14
[1] 15
[1] 16
[1] 17
[1] 18
[1] 19
[1] 20
[1] 21
[1] 22
[1] 23
[1] 24
[1] 25
[1] 26
[1] 27
[1] 28
[1] 29
[1] 30
[1] 31
[1] 32
[1] 33
[1] 34
[1] 35
[1] 36
[1] 37
[1] 38
[1] 39
[1] 40
[1] 41
[1] 1
[1] 2
[1] 3
[1] 4
[1] 5
[1] 6
[1] 7
[1] 8
[1] 9
[1] 10
[1] 11
[1] 12
[1] 13
[1] 14
[1] 15
[1] 16
[1] 17
[1] 18
[1] 19
[1] 20
[1] 21
[1] 22
[1] 23
[1] 24
[1] 25
[1] 26
[1] 27
[1] 28
[1] 29
[1] 30
[1] 31
[1] 32
[1] 33
[1] 34
[1] 35
[1] 36
[1] 37
[1] 38
[1] 39
[1] 40
[1] 41
Warning in preProcess.default(method = c("center", "scale"), x = c(0, 0,  :
  These variables have zero variances: V74, V78, V80, V81, V82, V83, V84, V85, V86, V87, V88, V91
Warning in preProcess.default(thresh = 0.95, k = 5, freqCut = 19, uniqueCut = 10,  :
  These variables have zero variances: V74, V78, V80, V81, V82, V83, V84, V85, V86, V87, V88, V91
Warning in preProcess.default(thresh = 0.95, k = 5, freqCut = 19, uniqueCut = 10,  :
  These variables have zero variances: V74, V78, V80, V81, V82, V83, V84, V85, V86, V87, V88, V91
Warning in preProcess.default(thresh = 0.95, k = 5, freqCut = 19, uniqueCut = 10,  :
  These variables have zero variances: V74, V78, V80, V81, V82, V83, V84, V85, V86, V87, V88, V91
line search fails -1.393151 0.006534056 1.251171e-05 -2.53664e-07 -3.684546e-08 5.840265e-10 -4.611477e-13Warning in preProcess.default(thresh = 0.95, k = 5, freqCut = 19, uniqueCut = 10,  :
  These variables have zero variances: V74, V78, V80, V81, V82, V83, V84, V85, V86, V87, V88, V91
Warning in preProcess.default(thresh = 0.95, k = 5, freqCut = 19, uniqueCut = 10,  :
  These variables have zero variances: V74, V78, V80, V81, V82, V83, V84, V85, V86, V87, V88, V91
Warning in preProcess.default(thresh = 0.95, k = 5, freqCut = 19, uniqueCut = 10,  :
  These variables have zero variances: V74, V78, V80, V81, V82, V83, V84, V85, V86, V87, V88, V91
Warning in preProcess.default(thresh = 0.95, k = 5, freqCut = 19, uniqueCut = 10,  :
  These variables have zero variances: V74, V78, V80, V81, V82, V83, V84, V85, V86, V87, V88, V91
Warning in preProcess.default(thresh = 0.95, k = 5, freqCut = 19, uniqueCut = 10,  :
  These variables have zero variances: V74, V78, V80, V81, V82, V83, V84, V85, V86, V87, V88, V91
Warning in preProcess.default(thresh = 0.95, k = 5, freqCut = 19, uniqueCut = 10,  :
  These variables have zero variances: V74, V78, V80, V81, V82, V83, V84, V85, V86, V87, V88, V91
Warning in preProcess.default(thresh = 0.95, k = 5, freqCut = 19, uniqueCut = 10,  :
  These variables have zero variances: V74, V78, V80, V81, V82, V83, V84, V85, V86, V87, V88, V91
Warning in preProcess.default(thresh = 0.95, k = 5, freqCut = 19, uniqueCut = 10,  :
  These variables have zero variances: V74, V78, V80, V81, V82, V83, V84, V85, V86, V87, V88, V91
Warning in preProcess.default(thresh = 0.95, k = 5, freqCut = 19, uniqueCut = 10,  :
  These variables have zero variances: V74, V78, V80, V81, V82, V83, V84, V85, V86, V87, V88, V91
Warning in preProcess.default(thresh = 0.95, k = 5, freqCut = 19, uniqueCut = 10,  :
  These variables have zero variances: V74, V78, V80, V81, V82, V83, V84, V85, V86, V87, V88, V91
Warning in preProcess.default(thresh = 0.95, k = 5, freqCut = 19, uniqueCut = 10,  :
  These variables have zero variances: V74, V78, V80, V81, V82, V83, V84, V85, V86, V87, V88, V91
Warning in preProcess.default(thresh = 0.95, k = 5, freqCut = 19, uniqueCut = 10,  :
  These variables have zero variances: V74, V78, V80, V81, V82, V83, V84, V85, V86, V87, V88, V91
Warning in preProcess.default(thresh = 0.95, k = 5, freqCut = 19, uniqueCut = 10,  :
  These variables have zero variances: V74, V78, V80, V81, V82, V83, V84, V85, V86, V87, V88, V91
[1] 1
[1] 2
[1] 3
[1] 4
[1] 5
[1] 6
[1] 7
[1] 8
[1] 9
[1] 10
[1] 11
[1] 12
[1] 13
[1] 14
[1] 15
[1] 16
[1] 17
[1] 18
[1] 19
[1] 20
[1] 21
[1] 22
[1] 23
[1] 24
[1] 25
[1] 26
[1] 27
[1] 28
[1] 29
[1] 30
[1] 31
[1] 32
[1] 33
[1] 34
[1] 35
[1] 36
[1] 37
[1] 38
[1] 39
[1] 40
[1] 41
[1] 1
[1] 2
[1] 3
[1] 4
[1] 5
[1] 6
[1] 7
[1] 8
[1] 9
[1] 10
[1] 11
[1] 12
[1] 13
[1] 14
[1] 15
[1] 16
[1] 17
[1] 18
[1] 19
[1] 20
[1] 21
[1] 22
[1] 23
[1] 24
[1] 25
[1] 26
[1] 27
[1] 28
[1] 29
[1] 30
[1] 31
[1] 32
[1] 33
[1] 34
[1] 35
[1] 36
[1] 37
[1] 38
[1] 39
[1] 40
[1] 41
Warning in preProcess.default(method = c("center", "scale"), x = c(0, 0,  :
  These variables have zero variances: V74, V78, V80, V81, V82, V83, V84, V85, V86, V87, V88, V91
Warning in preProcess.default(thresh = 0.95, k = 5, freqCut = 19, uniqueCut = 10,  :
  These variables have zero variances: V74, V78, V80, V81, V82, V83, V84, V85, V86, V87, V88, V91
Warning in preProcess.default(thresh = 0.95, k = 5, freqCut = 19, uniqueCut = 10,  :
  These variables have zero variances: V74, V78, V80, V81, V82, V83, V84, V85, V86, V87, V88, V91
Warning in preProcess.default(thresh = 0.95, k = 5, freqCut = 19, uniqueCut = 10,  :
  These variables have zero variances: V74, V78, V80, V81, V82, V83, V84, V85, V86, V87, V88, V91
Warning in preProcess.default(thresh = 0.95, k = 5, freqCut = 19, uniqueCut = 10,  :
  These variables have zero variances: V74, V78, V80, V81, V82, V83, V84, V85, V86, V87, V88, V91
Warning in preProcess.default(thresh = 0.95, k = 5, freqCut = 19, uniqueCut = 10,  :
  These variables have zero variances: V74, V78, V80, V81, V82, V83, V84, V85, V86, V87, V88, V91
Warning in preProcess.default(thresh = 0.95, k = 5, freqCut = 19, uniqueCut = 10,  :
  These variables have zero variances: V74, V78, V80, V81, V82, V83, V84, V85, V86, V87, V88, V91
Warning in preProcess.default(thresh = 0.95, k = 5, freqCut = 19, uniqueCut = 10,  :
  These variables have zero variances: V74, V78, V80, V81, V82, V83, V84, V85, V86, V87, V88, V91
Warning in preProcess.default(thresh = 0.95, k = 5, freqCut = 19, uniqueCut = 10,  :
  These variables have zero variances: V74, V78, V80, V81, V82, V83, V84, V85, V86, V87, V88, V91
Warning in preProcess.default(thresh = 0.95, k = 5, freqCut = 19, uniqueCut = 10,  :
  These variables have zero variances: V74, V78, V80, V81, V82, V83, V84, V85, V86, V87, V88, V91
Warning in preProcess.default(thresh = 0.95, k = 5, freqCut = 19, uniqueCut = 10,  :
  These variables have zero variances: V74, V78, V80, V81, V82, V83, V84, V85, V86, V87, V88, V91
Warning in preProcess.default(thresh = 0.95, k = 5, freqCut = 19, uniqueCut = 10,  :
  These variables have zero variances: V74, V78, V80, V81, V82, V83, V84, V85, V86, V87, V88, V91
Warning in preProcess.default(thresh = 0.95, k = 5, freqCut = 19, uniqueCut = 10,  :
  These variables have zero variances: V74, V78, V80, V81, V82, V83, V84, V85, V86, V87, V88, V91
Warning in preProcess.default(thresh = 0.95, k = 5, freqCut = 19, uniqueCut = 10,  :
  These variables have zero variances: V74, V78, V80, V81, V82, V83, V84, V85, V86, V87, V88, V91
Warning in preProcess.default(thresh = 0.95, k = 5, freqCut = 19, uniqueCut = 10,  :
  These variables have zero variances: V74, V78, V80, V81, V82, V83, V84, V85, V86, V87, V88, V91
Warning in preProcess.default(thresh = 0.95, k = 5, freqCut = 19, uniqueCut = 10,  :
  These variables have zero variances: V74, V78, V80, V81, V82, V83, V84, V85, V86, V87, V88, V91
line search fails -1.377005 0.01080935 1.206931e-05 -1.570329e-07 -3.447367e-08 5.057307e-10 -4.161527e-13Warning in preProcess.default(thresh = 0.95, k = 5, freqCut = 19, uniqueCut = 10,  :
  These variables have zero variances: V74, V78, V80, V81, V82, V83, V84, V85, V86, V87, V88, V91
[1] 1
[1] 2
[1] 3
[1] 4
[1] 5
[1] 6
[1] 7
[1] 8
[1] 9
[1] 10
[1] 11
[1] 12
[1] 13
[1] 14
[1] 15
[1] 16
[1] 17
[1] 18
[1] 19
[1] 20
[1] 21
[1] 22
[1] 23
[1] 24
[1] 25
[1] 26
[1] 27
[1] 28
[1] 29
[1] 30
[1] 31
[1] 32
[1] 33
[1] 34
[1] 35
[1] 36
[1] 37
[1] 38
[1] 39
[1] 40
[1] 41
[1] 1
[1] 2
[1] 3
[1] 4
[1] 5
[1] 6
[1] 7
[1] 8
[1] 9
[1] 10
[1] 11
[1] 12
[1] 13
[1] 14
[1] 15
[1] 16
[1] 17
[1] 18
[1] 19
[1] 20
[1] 21
[1] 22
[1] 23
[1] 24
[1] 25
[1] 26
[1] 27
[1] 28
[1] 29
[1] 30
[1] 31
[1] 32
[1] 33
[1] 34
[1] 35
[1] 36
[1] 37
[1] 38
[1] 39
[1] 40
[1] 41
Warning in preProcess.default(method = c("center", "scale"), x = c(0, 0,  :
  These variables have zero variances: V74, V78, V80, V81, V82, V83, V84, V85, V86, V87, V88, V91
Warning in preProcess.default(thresh = 0.95, k = 5, freqCut = 19, uniqueCut = 10,  :
  These variables have zero variances: V74, V78, V80, V81, V82, V83, V84, V85, V86, V87, V88, V91
Warning in preProcess.default(thresh = 0.95, k = 5, freqCut = 19, uniqueCut = 10,  :
  These variables have zero variances: V74, V78, V80, V81, V82, V83, V84, V85, V86, V87, V88, V91
Warning in preProcess.default(thresh = 0.95, k = 5, freqCut = 19, uniqueCut = 10,  :
  These variables have zero variances: V74, V78, V80, V81, V82, V83, V84, V85, V86, V87, V88, V91
Warning in preProcess.default(thresh = 0.95, k = 5, freqCut = 19, uniqueCut = 10,  :
  These variables have zero variances: V74, V78, V80, V81, V82, V83, V84, V85, V86, V87, V88, V91
Warning in preProcess.default(thresh = 0.95, k = 5, freqCut = 19, uniqueCut = 10,  :
  These variables have zero variances: V74, V78, V80, V81, V82, V83, V84, V85, V86, V87, V88, V91
Warning in preProcess.default(thresh = 0.95, k = 5, freqCut = 19, uniqueCut = 10,  :
  These variables have zero variances: V74, V78, V80, V81, V82, V83, V84, V85, V86, V87, V88, V91
line search fails -1.391462 0.005596087 1.218866e-05 -7.513542e-08 -3.610282e-08 2.612804e-10 -4.400646e-13Warning in preProcess.default(thresh = 0.95, k = 5, freqCut = 19, uniqueCut = 10,  :
  These variables have zero variances: V74, V78, V80, V81, V82, V83, V84, V85, V86, V87, V88, V91
Warning in preProcess.default(thresh = 0.95, k = 5, freqCut = 19, uniqueCut = 10,  :
  These variables have zero variances: V74, V78, V80, V81, V82, V83, V84, V85, V86, V87, V88, V91
Warning in preProcess.default(thresh = 0.95, k = 5, freqCut = 19, uniqueCut = 10,  :
  These variables have zero variances: V74, V78, V80, V81, V82, V83, V84, V85, V86, V87, V88, V91
Warning in preProcess.default(thresh = 0.95, k = 5, freqCut = 19, uniqueCut = 10,  :
  These variables have zero variances: V74, V78, V80, V81, V82, V83, V84, V85, V86, V87, V88, V91
Warning in preProcess.default(thresh = 0.95, k = 5, freqCut = 19, uniqueCut = 10,  :
  These variables have zero variances: V74, V78, V80, V81, V82, V83, V84, V85, V86, V87, V88, V91
Warning in preProcess.default(thresh = 0.95, k = 5, freqCut = 19, uniqueCut = 10,  :
  These variables have zero variances: V74, V78, V80, V81, V82, V83, V84, V85, V86, V87, V88, V91
Warning in preProcess.default(thresh = 0.95, k = 5, freqCut = 19, uniqueCut = 10,  :
  These variables have zero variances: V74, V78, V80, V81, V82, V83, V84, V85, V86, V87, V88, V91
Warning in preProcess.default(thresh = 0.95, k = 5, freqCut = 19, uniqueCut = 10,  :
  These variables have zero variances: V74, V78, V80, V81, V82, V83, V84, V85, V86, V87, V88, V91
Warning in preProcess.default(thresh = 0.95, k = 5, freqCut = 19, uniqueCut = 10,  :
  These variables have zero variances: V74, V78, V80, V81, V82, V83, V84, V85, V86, V87, V88, V91
Warning in preProcess.default(thresh = 0.95, k = 5, freqCut = 19, uniqueCut = 10,  :
  These variables have zero variances: V74, V78, V80, V81, V82, V83, V84, V85, V86, V87, V88, V91
[1] 1
[1] 2
[1] 3
[1] 4
[1] 5
[1] 6
[1] 7
[1] 8
[1] 9
[1] 10
[1] 11
[1] 12
[1] 13
[1] 14
[1] 15
[1] 16
[1] 17
[1] 18
[1] 19
[1] 20
[1] 21
[1] 22
[1] 23
[1] 24
[1] 25
[1] 26
[1] 27
[1] 28
[1] 29
[1] 30
[1] 31
[1] 32
[1] 33
[1] 34
[1] 35
[1] 36
[1] 37
[1] 38
[1] 39
[1] 40
[1] 41
[1] 1
[1] 2
[1] 3
[1] 4
[1] 5
[1] 6
[1] 7
[1] 8
[1] 9
[1] 10
[1] 11
[1] 12
[1] 13
[1] 14
[1] 15
[1] 16
[1] 17
[1] 18
[1] 19
[1] 20
[1] 21
[1] 22
[1] 23
[1] 24
[1] 25
[1] 26
[1] 27
[1] 28
[1] 29
[1] 30
[1] 31
[1] 32
[1] 33
[1] 34
[1] 35
[1] 36
[1] 37
[1] 38
[1] 39
[1] 40
[1] 41
Warning in preProcess.default(method = c("center", "scale"), x = c(0, 0,  :
  These variables have zero variances: V74, V78, V80, V81, V82, V83, V84, V85, V86, V87, V88, V91
Warning in preProcess.default(thresh = 0.95, k = 5, freqCut = 19, uniqueCut = 10,  :
  These variables have zero variances: V74, V78, V80, V81, V82, V83, V84, V85, V86, V87, V88, V91
Warning in preProcess.default(thresh = 0.95, k = 5, freqCut = 19, uniqueCut = 10,  :
  These variables have zero variances: V74, V78, V80, V81, V82, V83, V84, V85, V86, V87, V88, V91
line search fails -1.480113 0.007347597 1.258367e-05 -2.369358e-07 -4.189409e-08 5.888023e-10 -5.273209e-13Warning in preProcess.default(thresh = 0.95, k = 5, freqCut = 19, uniqueCut = 10,  :
  These variables have zero variances: V74, V78, V80, V81, V82, V83, V84, V85, V86, V87, V88, V91
Warning in preProcess.default(thresh = 0.95, k = 5, freqCut = 19, uniqueCut = 10,  :
  These variables have zero variances: V74, V78, V80, V81, V82, V83, V84, V85, V86, V87, V88, V91
Warning in preProcess.default(thresh = 0.95, k = 5, freqCut = 19, uniqueCut = 10,  :
  These variables have zero variances: V74, V78, V80, V81, V82, V83, V84, V85, V86, V87, V88, V91
Warning in preProcess.default(thresh = 0.95, k = 5, freqCut = 19, uniqueCut = 10,  :
  These variables have zero variances: V74, V78, V80, V81, V82, V83, V84, V85, V86, V87, V88, V91
Warning in preProcess.default(thresh = 0.95, k = 5, freqCut = 19, uniqueCut = 10,  :
  These variables have zero variances: V74, V78, V80, V81, V82, V83, V84, V85, V86, V87, V88, V91
Warning in preProcess.default(thresh = 0.95, k = 5, freqCut = 19, uniqueCut = 10,  :
  These variables have zero variances: V74, V78, V80, V81, V82, V83, V84, V85, V86, V87, V88, V91
Warning in preProcess.default(thresh = 0.95, k = 5, freqCut = 19, uniqueCut = 10,  :
  These variables have zero variances: V74, V78, V80, V81, V82, V83, V84, V85, V86, V87, V88, V91
Warning in preProcess.default(thresh = 0.95, k = 5, freqCut = 19, uniqueCut = 10,  :
  These variables have zero variances: V74, V78, V80, V81, V82, V83, V84, V85, V86, V87, V88, V91
Warning in preProcess.default(thresh = 0.95, k = 5, freqCut = 19, uniqueCut = 10,  :
  These variables have zero variances: V74, V78, V80, V81, V82, V83, V84, V85, V86, V87, V88, V91
Warning in preProcess.default(thresh = 0.95, k = 5, freqCut = 19, uniqueCut = 10,  :
  These variables have zero variances: V74, V78, V80, V81, V82, V83, V84, V85, V86, V87, V88, V91
Warning in preProcess.default(thresh = 0.95, k = 5, freqCut = 19, uniqueCut = 10,  :
  These variables have zero variances: V74, V78, V80, V81, V82, V83, V84, V85, V86, V87, V88, V91
Warning in preProcess.default(thresh = 0.95, k = 5, freqCut = 19, uniqueCut = 10,  :
  These variables have zero variances: V74, V78, V80, V81, V82, V83, V84, V85, V86, V87, V88, V91
Warning in preProcess.default(thresh = 0.95, k = 5, freqCut = 19, uniqueCut = 10,  :
  These variables have zero variances: V74, V78, V80, V81, V82, V83, V84, V85, V86, V87, V88, V91
line search fails -1.402571 0.02895382 1.023111e-05 -2.275427e-07 -3.045091e-08 9.90004e-10 -3.11772e-13Warning in preProcess.default(thresh = 0.95, k = 5, freqCut = 19, uniqueCut = 10,  :
  These variables have zero variances: V74, V78, V80, V81, V82, V83, V84, V85, V86, V87, V88, V91
There were 50 or more warnings (use warnings() to see the first 50)
