During startup - Warning message:
Setting LC_CTYPE failed, using "C" 
Loading required package: BSgenome
Loading required package: methods
Loading required package: BiocGenerics
Loading required package: parallel

Attaching package: 'BiocGenerics'

The following objects are masked from 'package:parallel':

    clusterApply, clusterApplyLB, clusterCall, clusterEvalQ,
    clusterExport, clusterMap, parApply, parCapply, parLapply,
    parLapplyLB, parRapply, parSapply, parSapplyLB

The following objects are masked from 'package:stats':

    IQR, mad, sd, var, xtabs

The following objects are masked from 'package:base':

    anyDuplicated, append, as.data.frame, cbind, colMeans, colnames,
    colSums, do.call, duplicated, eval, evalq, Filter, Find, get, grep,
    grepl, intersect, is.unsorted, lapply, lengths, Map, mapply, match,
    mget, order, paste, pmax, pmax.int, pmin, pmin.int, Position, rank,
    rbind, Reduce, rowMeans, rownames, rowSums, sapply, setdiff, sort,
    table, tapply, union, unique, unsplit, which, which.max, which.min

Loading required package: S4Vectors
Loading required package: stats4

Attaching package: 'S4Vectors'

The following object is masked from 'package:base':

    expand.grid

Loading required package: IRanges
Loading required package: GenomeInfoDb
Loading required package: GenomicRanges
Loading required package: Biostrings
Loading required package: XVector

Attaching package: 'Biostrings'

The following object is masked from 'package:base':

    strsplit

Loading required package: rtracklayer
Loading required package: GenomicFeatures
Loading required package: AnnotationDbi
Loading required package: Biobase
Welcome to Bioconductor

    Vignettes contain introductory material; view with
    'browseVignettes()'. To cite Bioconductor, see
    'citation("Biobase")', and for packages 'citation("pkgname")'.

Loading required package: gplots

Attaching package: 'gplots'

The following object is masked from 'package:rtracklayer':

    space

The following object is masked from 'package:IRanges':

    space

The following object is masked from 'package:S4Vectors':

    space

The following object is masked from 'package:stats':

    lowess

Type 'citation("pROC")' for a citation.

Attaching package: 'pROC'

The following objects are masked from 'package:IRanges':

    cov, var

The following objects are masked from 'package:S4Vectors':

    cov, var

The following object is masked from 'package:BiocGenerics':

    var

The following objects are masked from 'package:stats':

    cov, smooth, var


Attaching package: 'kernlab'

The following object is masked from 'package:Biostrings':

    type

Loading required package: lattice
Loading required package: ggplot2

Attaching package: 'ggplot2'

The following object is masked from 'package:kernlab':

    alpha


Attaching package: 'matrixStats'

The following objects are masked from 'package:Biobase':

    anyMissing, rowMedians


Attaching package: 'dplyr'

The following object is masked from 'package:matrixStats':

    count

The following object is masked from 'package:AnnotationDbi':

    select

The following object is masked from 'package:Biobase':

    combine

The following objects are masked from 'package:Biostrings':

    collapse, intersect, setdiff, setequal, union

The following object is masked from 'package:XVector':

    slice

The following objects are masked from 'package:GenomicRanges':

    intersect, setdiff, union

The following object is masked from 'package:GenomeInfoDb':

    intersect

The following objects are masked from 'package:IRanges':

    collapse, desc, intersect, setdiff, slice, union

The following objects are masked from 'package:S4Vectors':

    first, intersect, rename, setdiff, setequal, union

The following objects are masked from 'package:BiocGenerics':

    combine, intersect, setdiff, union

The following objects are masked from 'package:stats':

    filter, lag

The following objects are masked from 'package:base':

    intersect, setdiff, setequal, union

Warning in preProcess.default(method = c("center", "scale"), x = c(0, 0,  :
  These variables have zero variances: V58, V61, V62, V63, V64, V65, V66, cumFreq_1
Warning in preProcess.default(thresh = 0.95, k = 5, freqCut = 19, uniqueCut = 10,  :
  These variables have zero variances: V58, V61, V62, V63, V64, V65, V66, cumFreq_1
Warning in preProcess.default(thresh = 0.95, k = 5, freqCut = 19, uniqueCut = 10,  :
  These variables have zero variances: V58, V61, V62, V63, V64, V65, V66, cumFreq_1
Warning in preProcess.default(thresh = 0.95, k = 5, freqCut = 19, uniqueCut = 10,  :
  These variables have zero variances: V58, V61, V62, V63, V64, V65, V66, cumFreq_1
Warning in preProcess.default(thresh = 0.95, k = 5, freqCut = 19, uniqueCut = 10,  :
  These variables have zero variances: V58, V61, V62, V63, V64, V65, V66, cumFreq_1
Warning in preProcess.default(thresh = 0.95, k = 5, freqCut = 19, uniqueCut = 10,  :
  These variables have zero variances: V58, V61, V62, V63, V64, V65, V66, cumFreq_1
Warning in preProcess.default(thresh = 0.95, k = 5, freqCut = 19, uniqueCut = 10,  :
  These variables have zero variances: V58, V61, V62, V63, V64, V65, V66, cumFreq_1
Warning in preProcess.default(thresh = 0.95, k = 5, freqCut = 19, uniqueCut = 10,  :
  These variables have zero variances: V58, V61, V62, V63, V64, V65, V66, cumFreq_1
Warning in preProcess.default(thresh = 0.95, k = 5, freqCut = 19, uniqueCut = 10,  :
  These variables have zero variances: V58, V61, V62, V63, V64, V65, V66, cumFreq_1
Warning in preProcess.default(thresh = 0.95, k = 5, freqCut = 19, uniqueCut = 10,  :
  These variables have zero variances: V58, V61, V62, V63, V64, V65, V66, cumFreq_1
Warning in preProcess.default(thresh = 0.95, k = 5, freqCut = 19, uniqueCut = 10,  :
  These variables have zero variances: V58, V61, V62, V63, V64, V65, V66, cumFreq_1
Warning in preProcess.default(thresh = 0.95, k = 5, freqCut = 19, uniqueCut = 10,  :
  These variables have zero variances: V58, V61, V62, V63, V64, V65, V66, cumFreq_1
Warning in preProcess.default(thresh = 0.95, k = 5, freqCut = 19, uniqueCut = 10,  :
  These variables have zero variances: V58, V61, V62, V63, V64, V65, V66, cumFreq_1
Warning in preProcess.default(thresh = 0.95, k = 5, freqCut = 19, uniqueCut = 10,  :
  These variables have zero variances: V58, V61, V62, V63, V64, V65, V66, cumFreq_1
Warning in preProcess.default(thresh = 0.95, k = 5, freqCut = 19, uniqueCut = 10,  :
  These variables have zero variances: V58, V61, V62, V63, V64, V65, V66, cumFreq_1
Warning in preProcess.default(thresh = 0.95, k = 5, freqCut = 19, uniqueCut = 10,  :
  These variables have zero variances: V58, V61, V62, V63, V64, V65, V66, cumFreq_1
Warning in preProcess.default(thresh = 0.95, k = 5, freqCut = 19, uniqueCut = 10,  :
  These variables have zero variances: V58, V61, V62, V63, V64, V65, V66, cumFreq_1
Warning in preProcess.default(method = c("center", "scale"), x = c(1, 0,  :
  These variables have zero variances: V58, V61, V62, V63, V64, V65, V66, cumFreq_1
Warning in preProcess.default(thresh = 0.95, k = 5, freqCut = 19, uniqueCut = 10,  :
  These variables have zero variances: V58, V61, V62, V63, V64, V65, V66, cumFreq_1
Warning in preProcess.default(thresh = 0.95, k = 5, freqCut = 19, uniqueCut = 10,  :
  These variables have zero variances: V58, V61, V62, V63, V64, V65, V66, cumFreq_1
Warning in preProcess.default(thresh = 0.95, k = 5, freqCut = 19, uniqueCut = 10,  :
  These variables have zero variances: V58, V61, V62, V63, V64, V65, V66, cumFreq_1
Warning in preProcess.default(thresh = 0.95, k = 5, freqCut = 19, uniqueCut = 10,  :
  These variables have zero variances: V58, V61, V62, V63, V64, V65, V66, cumFreq_1
Warning in preProcess.default(thresh = 0.95, k = 5, freqCut = 19, uniqueCut = 10,  :
  These variables have zero variances: V58, V61, V62, V63, V64, V65, V66, cumFreq_1
Warning in preProcess.default(thresh = 0.95, k = 5, freqCut = 19, uniqueCut = 10,  :
  These variables have zero variances: V58, V61, V62, V63, V64, V65, V66, cumFreq_1
Warning in preProcess.default(thresh = 0.95, k = 5, freqCut = 19, uniqueCut = 10,  :
  These variables have zero variances: V58, V61, V62, V63, V64, V65, V66, cumFreq_1
Warning in preProcess.default(thresh = 0.95, k = 5, freqCut = 19, uniqueCut = 10,  :
  These variables have zero variances: V58, V61, V62, V63, V64, V65, V66, cumFreq_1
Warning in preProcess.default(thresh = 0.95, k = 5, freqCut = 19, uniqueCut = 10,  :
  These variables have zero variances: V58, V61, V62, V63, V64, V65, V66, cumFreq_1
Warning in preProcess.default(thresh = 0.95, k = 5, freqCut = 19, uniqueCut = 10,  :
  These variables have zero variances: V58, V61, V62, V63, V64, V65, V66, cumFreq_1
Warning in preProcess.default(thresh = 0.95, k = 5, freqCut = 19, uniqueCut = 10,  :
  These variables have zero variances: V58, V61, V62, V63, V64, V65, V66, cumFreq_1
Warning in preProcess.default(thresh = 0.95, k = 5, freqCut = 19, uniqueCut = 10,  :
  These variables have zero variances: V58, V61, V62, V63, V64, V65, V66, cumFreq_1
Warning in preProcess.default(thresh = 0.95, k = 5, freqCut = 19, uniqueCut = 10,  :
  These variables have zero variances: V58, V61, V62, V63, V64, V65, V66, cumFreq_1
Warning in preProcess.default(thresh = 0.95, k = 5, freqCut = 19, uniqueCut = 10,  :
  These variables have zero variances: V58, V61, V62, V63, V64, V65, V66, cumFreq_1
Warning in preProcess.default(thresh = 0.95, k = 5, freqCut = 19, uniqueCut = 10,  :
  These variables have zero variances: V58, V61, V62, V63, V64, V65, V66, cumFreq_1
Warning in preProcess.default(thresh = 0.95, k = 5, freqCut = 19, uniqueCut = 10,  :
  These variables have zero variances: V58, V61, V62, V63, V64, V65, V66, cumFreq_1
Warning in preProcess.default(method = c("center", "scale"), x = c(0, 1,  :
  These variables have zero variances: V58, V61, V62, V63, V64, V65, V66, cumFreq_1
Warning in preProcess.default(thresh = 0.95, k = 5, freqCut = 19, uniqueCut = 10,  :
  These variables have zero variances: V58, V61, V62, V63, V64, V65, V66, cumFreq_1
Warning in preProcess.default(thresh = 0.95, k = 5, freqCut = 19, uniqueCut = 10,  :
  These variables have zero variances: V58, V61, V62, V63, V64, V65, V66, cumFreq_1
Warning in preProcess.default(thresh = 0.95, k = 5, freqCut = 19, uniqueCut = 10,  :
  These variables have zero variances: V58, V61, V62, V63, V64, V65, V66, cumFreq_1
Warning in preProcess.default(thresh = 0.95, k = 5, freqCut = 19, uniqueCut = 10,  :
  These variables have zero variances: V58, V61, V62, V63, V64, V65, V66, cumFreq_1
Warning in preProcess.default(thresh = 0.95, k = 5, freqCut = 19, uniqueCut = 10,  :
  These variables have zero variances: V58, V61, V62, V63, V64, V65, V66, cumFreq_1
Warning in preProcess.default(thresh = 0.95, k = 5, freqCut = 19, uniqueCut = 10,  :
  These variables have zero variances: V58, V61, V62, V63, V64, V65, V66, cumFreq_1
Warning in preProcess.default(thresh = 0.95, k = 5, freqCut = 19, uniqueCut = 10,  :
  These variables have zero variances: V58, V61, V62, V63, V64, V65, V66, cumFreq_1
Warning in preProcess.default(thresh = 0.95, k = 5, freqCut = 19, uniqueCut = 10,  :
  These variables have zero variances: V58, V61, V62, V63, V64, V65, V66, cumFreq_1
Warning in preProcess.default(thresh = 0.95, k = 5, freqCut = 19, uniqueCut = 10,  :
  These variables have zero variances: V58, V61, V62, V63, V64, V65, V66, cumFreq_1
Warning in preProcess.default(thresh = 0.95, k = 5, freqCut = 19, uniqueCut = 10,  :
  These variables have zero variances: V58, V61, V62, V63, V64, V65, V66, cumFreq_1
Warning in preProcess.default(thresh = 0.95, k = 5, freqCut = 19, uniqueCut = 10,  :
  These variables have zero variances: V58, V61, V62, V63, V64, V65, V66, cumFreq_1
Warning in preProcess.default(thresh = 0.95, k = 5, freqCut = 19, uniqueCut = 10,  :
  These variables have zero variances: V58, V61, V62, V63, V64, V65, V66, cumFreq_1
Warning in preProcess.default(thresh = 0.95, k = 5, freqCut = 19, uniqueCut = 10,  :
  These variables have zero variances: V58, V61, V62, V63, V64, V65, V66, cumFreq_1
Warning in preProcess.default(thresh = 0.95, k = 5, freqCut = 19, uniqueCut = 10,  :
  These variables have zero variances: V58, V61, V62, V63, V64, V65, V66, cumFreq_1
Warning in preProcess.default(thresh = 0.95, k = 5, freqCut = 19, uniqueCut = 10,  :
  These variables have zero variances: V58, V61, V62, V63, V64, V65, V66, cumFreq_1
Warning in preProcess.default(thresh = 0.95, k = 5, freqCut = 19, uniqueCut = 10,  :
  These variables have zero variances: V58, V61, V62, V63, V64, V65, V66, cumFreq_1
Warning in preProcess.default(method = c("center", "scale"), x = c(1, 1,  :
  These variables have zero variances: V58, V61, V62, V63, V64, V65, V66, cumFreq_1
Warning in preProcess.default(thresh = 0.95, k = 5, freqCut = 19, uniqueCut = 10,  :
  These variables have zero variances: V58, V61, V62, V63, V64, V65, V66, cumFreq_1
Warning in preProcess.default(thresh = 0.95, k = 5, freqCut = 19, uniqueCut = 10,  :
  These variables have zero variances: V58, V61, V62, V63, V64, V65, V66, cumFreq_1
Warning in preProcess.default(thresh = 0.95, k = 5, freqCut = 19, uniqueCut = 10,  :
  These variables have zero variances: V58, V61, V62, V63, V64, V65, V66, cumFreq_1
Warning in preProcess.default(thresh = 0.95, k = 5, freqCut = 19, uniqueCut = 10,  :
  These variables have zero variances: V58, V61, V62, V63, V64, V65, V66, cumFreq_1
Warning in preProcess.default(thresh = 0.95, k = 5, freqCut = 19, uniqueCut = 10,  :
  These variables have zero variances: V58, V61, V62, V63, V64, V65, V66, cumFreq_1
Warning in preProcess.default(thresh = 0.95, k = 5, freqCut = 19, uniqueCut = 10,  :
  These variables have zero variances: V58, V61, V62, V63, V64, V65, V66, cumFreq_1
Warning in preProcess.default(thresh = 0.95, k = 5, freqCut = 19, uniqueCut = 10,  :
  These variables have zero variances: V58, V61, V62, V63, V64, V65, V66, cumFreq_1
Warning in preProcess.default(thresh = 0.95, k = 5, freqCut = 19, uniqueCut = 10,  :
  These variables have zero variances: V58, V61, V62, V63, V64, V65, V66, cumFreq_1
Warning in preProcess.default(thresh = 0.95, k = 5, freqCut = 19, uniqueCut = 10,  :
  These variables have zero variances: V58, V61, V62, V63, V64, V65, V66, cumFreq_1
Warning in preProcess.default(thresh = 0.95, k = 5, freqCut = 19, uniqueCut = 10,  :
  These variables have zero variances: V58, V61, V62, V63, V64, V65, V66, cumFreq_1
Warning in preProcess.default(thresh = 0.95, k = 5, freqCut = 19, uniqueCut = 10,  :
  These variables have zero variances: V58, V61, V62, V63, V64, V65, V66, cumFreq_1
Warning in preProcess.default(thresh = 0.95, k = 5, freqCut = 19, uniqueCut = 10,  :
  These variables have zero variances: V58, V61, V62, V63, V64, V65, V66, cumFreq_1
Warning in preProcess.default(thresh = 0.95, k = 5, freqCut = 19, uniqueCut = 10,  :
  These variables have zero variances: V58, V61, V62, V63, V64, V65, V66, cumFreq_1
Warning in preProcess.default(thresh = 0.95, k = 5, freqCut = 19, uniqueCut = 10,  :
  These variables have zero variances: V58, V61, V62, V63, V64, V65, V66, cumFreq_1
Warning in preProcess.default(thresh = 0.95, k = 5, freqCut = 19, uniqueCut = 10,  :
  These variables have zero variances: V58, V61, V62, V63, V64, V65, V66, cumFreq_1
Warning in preProcess.default(thresh = 0.95, k = 5, freqCut = 19, uniqueCut = 10,  :
  These variables have zero variances: V58, V61, V62, V63, V64, V65, V66, cumFreq_1
Warning in preProcess.default(method = c("center", "scale"), x = c(1, 1,  :
  These variables have zero variances: V58, V61, V62, V63, V64, V65, V66, cumFreq_1
Warning in preProcess.default(thresh = 0.95, k = 5, freqCut = 19, uniqueCut = 10,  :
  These variables have zero variances: V58, V61, V62, V63, V64, V65, V66, cumFreq_1
Warning in preProcess.default(thresh = 0.95, k = 5, freqCut = 19, uniqueCut = 10,  :
  These variables have zero variances: V58, V61, V62, V63, V64, V65, V66, cumFreq_1
Warning in preProcess.default(thresh = 0.95, k = 5, freqCut = 19, uniqueCut = 10,  :
  These variables have zero variances: V58, V61, V62, V63, V64, V65, V66, cumFreq_1
Warning in preProcess.default(thresh = 0.95, k = 5, freqCut = 19, uniqueCut = 10,  :
  These variables have zero variances: V58, V61, V62, V63, V64, V65, V66, cumFreq_1
Warning in preProcess.default(thresh = 0.95, k = 5, freqCut = 19, uniqueCut = 10,  :
  These variables have zero variances: V58, V61, V62, V63, V64, V65, V66, cumFreq_1
Warning in preProcess.default(thresh = 0.95, k = 5, freqCut = 19, uniqueCut = 10,  :
  These variables have zero variances: V58, V61, V62, V63, V64, V65, V66, cumFreq_1
Warning in preProcess.default(thresh = 0.95, k = 5, freqCut = 19, uniqueCut = 10,  :
  These variables have zero variances: V58, V61, V62, V63, V64, V65, V66, cumFreq_1
Warning in preProcess.default(thresh = 0.95, k = 5, freqCut = 19, uniqueCut = 10,  :
  These variables have zero variances: V58, V61, V62, V63, V64, V65, V66, cumFreq_1
Warning in preProcess.default(thresh = 0.95, k = 5, freqCut = 19, uniqueCut = 10,  :
  These variables have zero variances: V58, V61, V62, V63, V64, V65, V66, cumFreq_1
Warning in preProcess.default(thresh = 0.95, k = 5, freqCut = 19, uniqueCut = 10,  :
  These variables have zero variances: V58, V61, V62, V63, V64, V65, V66, cumFreq_1
Warning in preProcess.default(thresh = 0.95, k = 5, freqCut = 19, uniqueCut = 10,  :
  These variables have zero variances: V58, V61, V62, V63, V64, V65, V66, cumFreq_1
Warning in preProcess.default(thresh = 0.95, k = 5, freqCut = 19, uniqueCut = 10,  :
  These variables have zero variances: V58, V61, V62, V63, V64, V65, V66, cumFreq_1
Warning in preProcess.default(thresh = 0.95, k = 5, freqCut = 19, uniqueCut = 10,  :
  These variables have zero variances: V58, V61, V62, V63, V64, V65, V66, cumFreq_1
Warning in preProcess.default(thresh = 0.95, k = 5, freqCut = 19, uniqueCut = 10,  :
  These variables have zero variances: V58, V61, V62, V63, V64, V65, V66, cumFreq_1
Warning in preProcess.default(thresh = 0.95, k = 5, freqCut = 19, uniqueCut = 10,  :
  These variables have zero variances: V58, V61, V62, V63, V64, V65, V66, cumFreq_1
Warning in preProcess.default(thresh = 0.95, k = 5, freqCut = 19, uniqueCut = 10,  :
  These variables have zero variances: V58, V61, V62, V63, V64, V65, V66, cumFreq_1
Warning in preProcess.default(method = c("center", "scale"), x = c(0, 0,  :
  These variables have zero variances: V58, V61, V62, V63, V64, V65, V66, cumFreq_1
Warning in preProcess.default(thresh = 0.95, k = 5, freqCut = 19, uniqueCut = 10,  :
  These variables have zero variances: V58, V61, V62, V63, V64, V65, V66, cumFreq_1
Warning in preProcess.default(thresh = 0.95, k = 5, freqCut = 19, uniqueCut = 10,  :
  These variables have zero variances: V58, V61, V62, V63, V64, V65, V66, cumFreq_1
Warning in preProcess.default(thresh = 0.95, k = 5, freqCut = 19, uniqueCut = 10,  :
  These variables have zero variances: V58, V61, V62, V63, V64, V65, V66, cumFreq_1
Warning in preProcess.default(thresh = 0.95, k = 5, freqCut = 19, uniqueCut = 10,  :
  These variables have zero variances: V58, V61, V62, V63, V64, V65, V66, cumFreq_1
Warning in preProcess.default(thresh = 0.95, k = 5, freqCut = 19, uniqueCut = 10,  :
  These variables have zero variances: V58, V61, V62, V63, V64, V65, V66, cumFreq_1
Warning in preProcess.default(thresh = 0.95, k = 5, freqCut = 19, uniqueCut = 10,  :
  These variables have zero variances: V58, V61, V62, V63, V64, V65, V66, cumFreq_1
Warning in preProcess.default(thresh = 0.95, k = 5, freqCut = 19, uniqueCut = 10,  :
  These variables have zero variances: V58, V61, V62, V63, V64, V65, V66, cumFreq_1
Warning in preProcess.default(thresh = 0.95, k = 5, freqCut = 19, uniqueCut = 10,  :
  These variables have zero variances: V58, V61, V62, V63, V64, V65, V66, cumFreq_1
Warning in preProcess.default(thresh = 0.95, k = 5, freqCut = 19, uniqueCut = 10,  :
  These variables have zero variances: V58, V61, V62, V63, V64, V65, V66, cumFreq_1
Warning in preProcess.default(thresh = 0.95, k = 5, freqCut = 19, uniqueCut = 10,  :
  These variables have zero variances: V58, V61, V62, V63, V64, V65, V66, cumFreq_1
Warning in preProcess.default(thresh = 0.95, k = 5, freqCut = 19, uniqueCut = 10,  :
  These variables have zero variances: V58, V61, V62, V63, V64, V65, V66, cumFreq_1
Warning in preProcess.default(thresh = 0.95, k = 5, freqCut = 19, uniqueCut = 10,  :
  These variables have zero variances: V58, V61, V62, V63, V64, V65, V66, cumFreq_1
Warning in preProcess.default(thresh = 0.95, k = 5, freqCut = 19, uniqueCut = 10,  :
  These variables have zero variances: V58, V61, V62, V63, V64, V65, V66, cumFreq_1
Warning in preProcess.default(thresh = 0.95, k = 5, freqCut = 19, uniqueCut = 10,  :
  These variables have zero variances: V58, V61, V62, V63, V64, V65, V66, cumFreq_1
Warning in preProcess.default(thresh = 0.95, k = 5, freqCut = 19, uniqueCut = 10,  :
  These variables have zero variances: V58, V61, V62, V63, V64, V65, V66, cumFreq_1
Warning in preProcess.default(thresh = 0.95, k = 5, freqCut = 19, uniqueCut = 10,  :
  These variables have zero variances: V58, V61, V62, V63, V64, V65, V66, cumFreq_1
Warning in preProcess.default(method = c("center", "scale"), x = c(0, 1,  :
  These variables have zero variances: V58, V61, V62, V63, V64, V65, V66, cumFreq_1
Warning in preProcess.default(thresh = 0.95, k = 5, freqCut = 19, uniqueCut = 10,  :
  These variables have zero variances: V58, V61, V62, V63, V64, V65, V66, cumFreq_1
Warning in preProcess.default(thresh = 0.95, k = 5, freqCut = 19, uniqueCut = 10,  :
  These variables have zero variances: V58, V61, V62, V63, V64, V65, V66, cumFreq_1
Warning in preProcess.default(thresh = 0.95, k = 5, freqCut = 19, uniqueCut = 10,  :
  These variables have zero variances: V58, V61, V62, V63, V64, V65, V66, cumFreq_1
Warning in preProcess.default(thresh = 0.95, k = 5, freqCut = 19, uniqueCut = 10,  :
  These variables have zero variances: V58, V61, V62, V63, V64, V65, V66, cumFreq_1
Warning in preProcess.default(thresh = 0.95, k = 5, freqCut = 19, uniqueCut = 10,  :
  These variables have zero variances: V58, V61, V62, V63, V64, V65, V66, cumFreq_1
Warning in preProcess.default(thresh = 0.95, k = 5, freqCut = 19, uniqueCut = 10,  :
  These variables have zero variances: V58, V61, V62, V63, V64, V65, V66, cumFreq_1
Warning in preProcess.default(thresh = 0.95, k = 5, freqCut = 19, uniqueCut = 10,  :
  These variables have zero variances: V58, V61, V62, V63, V64, V65, V66, cumFreq_1
Warning in preProcess.default(thresh = 0.95, k = 5, freqCut = 19, uniqueCut = 10,  :
  These variables have zero variances: V58, V61, V62, V63, V64, V65, V66, cumFreq_1
Warning in preProcess.default(thresh = 0.95, k = 5, freqCut = 19, uniqueCut = 10,  :
  These variables have zero variances: V58, V61, V62, V63, V64, V65, V66, cumFreq_1
Warning in preProcess.default(thresh = 0.95, k = 5, freqCut = 19, uniqueCut = 10,  :
  These variables have zero variances: V58, V61, V62, V63, V64, V65, V66, cumFreq_1
Warning in preProcess.default(thresh = 0.95, k = 5, freqCut = 19, uniqueCut = 10,  :
  These variables have zero variances: V58, V61, V62, V63, V64, V65, V66, cumFreq_1
Warning in preProcess.default(thresh = 0.95, k = 5, freqCut = 19, uniqueCut = 10,  :
  These variables have zero variances: V58, V61, V62, V63, V64, V65, V66, cumFreq_1
Warning in preProcess.default(thresh = 0.95, k = 5, freqCut = 19, uniqueCut = 10,  :
  These variables have zero variances: V58, V61, V62, V63, V64, V65, V66, cumFreq_1
Warning in preProcess.default(thresh = 0.95, k = 5, freqCut = 19, uniqueCut = 10,  :
  These variables have zero variances: V58, V61, V62, V63, V64, V65, V66, cumFreq_1
Warning in preProcess.default(thresh = 0.95, k = 5, freqCut = 19, uniqueCut = 10,  :
  These variables have zero variances: V58, V61, V62, V63, V64, V65, V66, cumFreq_1
Warning in preProcess.default(thresh = 0.95, k = 5, freqCut = 19, uniqueCut = 10,  :
  These variables have zero variances: V58, V61, V62, V63, V64, V65, V66, cumFreq_1
Warning in preProcess.default(method = c("center", "scale"), x = c(1, 1,  :
  These variables have zero variances: V58, V61, V62, V63, V64, V65, V66, cumFreq_1
Warning in preProcess.default(thresh = 0.95, k = 5, freqCut = 19, uniqueCut = 10,  :
  These variables have zero variances: V58, V61, V62, V63, V64, V65, V66, cumFreq_1
Warning in preProcess.default(thresh = 0.95, k = 5, freqCut = 19, uniqueCut = 10,  :
  These variables have zero variances: V58, V61, V62, V63, V64, V65, V66, cumFreq_1
Warning in preProcess.default(thresh = 0.95, k = 5, freqCut = 19, uniqueCut = 10,  :
  These variables have zero variances: V58, V61, V62, V63, V64, V65, V66, cumFreq_1
Warning in preProcess.default(thresh = 0.95, k = 5, freqCut = 19, uniqueCut = 10,  :
  These variables have zero variances: V58, V61, V62, V63, V64, V65, V66, cumFreq_1
Warning in preProcess.default(thresh = 0.95, k = 5, freqCut = 19, uniqueCut = 10,  :
  These variables have zero variances: V58, V61, V62, V63, V64, V65, V66, cumFreq_1
Warning in preProcess.default(thresh = 0.95, k = 5, freqCut = 19, uniqueCut = 10,  :
  These variables have zero variances: V58, V61, V62, V63, V64, V65, V66, cumFreq_1
Warning in preProcess.default(thresh = 0.95, k = 5, freqCut = 19, uniqueCut = 10,  :
  These variables have zero variances: V58, V61, V62, V63, V64, V65, V66, cumFreq_1
Warning in preProcess.default(thresh = 0.95, k = 5, freqCut = 19, uniqueCut = 10,  :
  These variables have zero variances: V58, V61, V62, V63, V64, V65, V66, cumFreq_1
Warning in preProcess.default(thresh = 0.95, k = 5, freqCut = 19, uniqueCut = 10,  :
  These variables have zero variances: V58, V61, V62, V63, V64, V65, V66, cumFreq_1
Warning in preProcess.default(thresh = 0.95, k = 5, freqCut = 19, uniqueCut = 10,  :
  These variables have zero variances: V58, V61, V62, V63, V64, V65, V66, cumFreq_1
Warning in preProcess.default(thresh = 0.95, k = 5, freqCut = 19, uniqueCut = 10,  :
  These variables have zero variances: V58, V61, V62, V63, V64, V65, V66, cumFreq_1
Warning in preProcess.default(thresh = 0.95, k = 5, freqCut = 19, uniqueCut = 10,  :
  These variables have zero variances: V58, V61, V62, V63, V64, V65, V66, cumFreq_1
Warning in preProcess.default(thresh = 0.95, k = 5, freqCut = 19, uniqueCut = 10,  :
  These variables have zero variances: V58, V61, V62, V63, V64, V65, V66, cumFreq_1
Warning in preProcess.default(thresh = 0.95, k = 5, freqCut = 19, uniqueCut = 10,  :
  These variables have zero variances: V58, V61, V62, V63, V64, V65, V66, cumFreq_1
Warning in preProcess.default(thresh = 0.95, k = 5, freqCut = 19, uniqueCut = 10,  :
  These variables have zero variances: V58, V61, V62, V63, V64, V65, V66, cumFreq_1
Warning in preProcess.default(thresh = 0.95, k = 5, freqCut = 19, uniqueCut = 10,  :
  These variables have zero variances: V58, V61, V62, V63, V64, V65, V66, cumFreq_1
Warning in preProcess.default(method = c("center", "scale"), x = c(1, 1,  :
  These variables have zero variances: V58, V61, V62, V63, V64, V65, V66, cumFreq_1
Warning in preProcess.default(thresh = 0.95, k = 5, freqCut = 19, uniqueCut = 10,  :
  These variables have zero variances: V58, V61, V62, V63, V64, V65, V66, cumFreq_1
Warning in preProcess.default(thresh = 0.95, k = 5, freqCut = 19, uniqueCut = 10,  :
  These variables have zero variances: V58, V61, V62, V63, V64, V65, V66, cumFreq_1
Warning in preProcess.default(thresh = 0.95, k = 5, freqCut = 19, uniqueCut = 10,  :
  These variables have zero variances: V58, V61, V62, V63, V64, V65, V66, cumFreq_1
Warning in preProcess.default(thresh = 0.95, k = 5, freqCut = 19, uniqueCut = 10,  :
  These variables have zero variances: V58, V61, V62, V63, V64, V65, V66, cumFreq_1
Warning in preProcess.default(thresh = 0.95, k = 5, freqCut = 19, uniqueCut = 10,  :
  These variables have zero variances: V58, V61, V62, V63, V64, V65, V66, cumFreq_1
Warning in preProcess.default(thresh = 0.95, k = 5, freqCut = 19, uniqueCut = 10,  :
  These variables have zero variances: V58, V61, V62, V63, V64, V65, V66, cumFreq_1
Warning in preProcess.default(thresh = 0.95, k = 5, freqCut = 19, uniqueCut = 10,  :
  These variables have zero variances: V58, V61, V62, V63, V64, V65, V66, cumFreq_1
Warning in preProcess.default(thresh = 0.95, k = 5, freqCut = 19, uniqueCut = 10,  :
  These variables have zero variances: V58, V61, V62, V63, V64, V65, V66, cumFreq_1
Warning in preProcess.default(thresh = 0.95, k = 5, freqCut = 19, uniqueCut = 10,  :
  These variables have zero variances: V58, V61, V62, V63, V64, V65, V66, cumFreq_1
Warning in preProcess.default(thresh = 0.95, k = 5, freqCut = 19, uniqueCut = 10,  :
  These variables have zero variances: V58, V61, V62, V63, V64, V65, V66, cumFreq_1
Warning in preProcess.default(thresh = 0.95, k = 5, freqCut = 19, uniqueCut = 10,  :
  These variables have zero variances: V58, V61, V62, V63, V64, V65, V66, cumFreq_1
Warning in preProcess.default(thresh = 0.95, k = 5, freqCut = 19, uniqueCut = 10,  :
  These variables have zero variances: V58, V61, V62, V63, V64, V65, V66, cumFreq_1
Warning in preProcess.default(thresh = 0.95, k = 5, freqCut = 19, uniqueCut = 10,  :
  These variables have zero variances: V58, V61, V62, V63, V64, V65, V66, cumFreq_1
Warning in preProcess.default(thresh = 0.95, k = 5, freqCut = 19, uniqueCut = 10,  :
  These variables have zero variances: V58, V61, V62, V63, V64, V65, V66, cumFreq_1
Warning in preProcess.default(thresh = 0.95, k = 5, freqCut = 19, uniqueCut = 10,  :
  These variables have zero variances: V58, V61, V62, V63, V64, V65, V66, cumFreq_1
Warning in preProcess.default(thresh = 0.95, k = 5, freqCut = 19, uniqueCut = 10,  :
  These variables have zero variances: V58, V61, V62, V63, V64, V65, V66, cumFreq_1
Warning in preProcess.default(method = c("center", "scale"), x = c(0, 1,  :
  These variables have zero variances: V58, V61, V62, V63, V64, V65, V66, cumFreq_1
Warning in preProcess.default(thresh = 0.95, k = 5, freqCut = 19, uniqueCut = 10,  :
  These variables have zero variances: V58, V61, V62, V63, V64, V65, V66, cumFreq_1
Warning in preProcess.default(thresh = 0.95, k = 5, freqCut = 19, uniqueCut = 10,  :
  These variables have zero variances: V58, V61, V62, V63, V64, V65, V66, cumFreq_1
Warning in preProcess.default(thresh = 0.95, k = 5, freqCut = 19, uniqueCut = 10,  :
  These variables have zero variances: V58, V61, V62, V63, V64, V65, V66, cumFreq_1
Warning in preProcess.default(thresh = 0.95, k = 5, freqCut = 19, uniqueCut = 10,  :
  These variables have zero variances: V58, V61, V62, V63, V64, V65, V66, cumFreq_1
Warning in preProcess.default(thresh = 0.95, k = 5, freqCut = 19, uniqueCut = 10,  :
  These variables have zero variances: V58, V61, V62, V63, V64, V65, V66, cumFreq_1
Warning in preProcess.default(thresh = 0.95, k = 5, freqCut = 19, uniqueCut = 10,  :
  These variables have zero variances: V58, V61, V62, V63, V64, V65, V66, cumFreq_1
Warning in preProcess.default(thresh = 0.95, k = 5, freqCut = 19, uniqueCut = 10,  :
  These variables have zero variances: V58, V61, V62, V63, V64, V65, V66, cumFreq_1
Warning in preProcess.default(thresh = 0.95, k = 5, freqCut = 19, uniqueCut = 10,  :
  These variables have zero variances: V58, V61, V62, V63, V64, V65, V66, cumFreq_1
Warning in preProcess.default(thresh = 0.95, k = 5, freqCut = 19, uniqueCut = 10,  :
  These variables have zero variances: V58, V61, V62, V63, V64, V65, V66, cumFreq_1
Warning in preProcess.default(thresh = 0.95, k = 5, freqCut = 19, uniqueCut = 10,  :
  These variables have zero variances: V58, V61, V62, V63, V64, V65, V66, cumFreq_1
Warning in preProcess.default(thresh = 0.95, k = 5, freqCut = 19, uniqueCut = 10,  :
  These variables have zero variances: V58, V61, V62, V63, V64, V65, V66, cumFreq_1
Warning in preProcess.default(thresh = 0.95, k = 5, freqCut = 19, uniqueCut = 10,  :
  These variables have zero variances: V58, V61, V62, V63, V64, V65, V66, cumFreq_1
Warning in preProcess.default(thresh = 0.95, k = 5, freqCut = 19, uniqueCut = 10,  :
  These variables have zero variances: V58, V61, V62, V63, V64, V65, V66, cumFreq_1
Warning in preProcess.default(thresh = 0.95, k = 5, freqCut = 19, uniqueCut = 10,  :
  These variables have zero variances: V58, V61, V62, V63, V64, V65, V66, cumFreq_1
Warning in preProcess.default(thresh = 0.95, k = 5, freqCut = 19, uniqueCut = 10,  :
  These variables have zero variances: V58, V61, V62, V63, V64, V65, V66, cumFreq_1
Warning in preProcess.default(thresh = 0.95, k = 5, freqCut = 19, uniqueCut = 10,  :
  These variables have zero variances: V58, V61, V62, V63, V64, V65, V66, cumFreq_1
line search fails -1.165126 0.01759044 1.036461e-05 -1.375905e-07 -9.029566e-09 2.255777e-10 -9.3619e-14line search fails -1.173531 0.01220084 1.643298e-05 -9.949774e-07 -1.416287e-08 8.10789e-10 -2.33545e-13line search fails -1.183975 0.02324825 1.056332e-05 -2.952135e-07 -9.451854e-09 3.777604e-10 -9.995447e-14line search fails -1.167163 0.02222264 1.097855e-05 -8.17329e-07 -9.546752e-09 7.215006e-10 -1.053992e-13line search fails -1.170763 0.01988604 1.342008e-05 -3.196357e-07 -1.146271e-08 4.060542e-10 -1.539602e-13line search fails -1.224116 0.01694629 1.219167e-05 3.565777e-07 -1.172189e-08 -6.752241e-11 -1.429335e-13line search fails -1.190374 0.009536587 1.626024e-05 -1.110978e-07 -1.446159e-08 1.959359e-10 -2.351707e-13line search fails -1.17591 0.0185617 1.725969e-05 -1.167063e-06 -1.498094e-08 1.020902e-09 -2.597579e-13line search fails -1.20471 0.01783481 1.365501e-05 3.245261e-07 -1.015684e-08 -1.715901e-11 -1.386973e-13Error in .performance.auc(fpr.stop = 1, predictions = numeric(0), labels = structure(integer(0), .Label = c("Neg",  : 
  Not enough distinct predictions to compute area under the ROC curve.
In addition: There were 50 or more warnings (use warnings() to see the first 50)
Error in aucMatrix[i, ] <- attr(BIOmotifvsnon_testpppred_auc, "y.values")[[1]][1] : 
  number of items to replace is not a multiple of replacement length
line search fails -1.233484 0.01257516 1.313907e-05 -3.371523e-07 -1.268888e-08 3.497777e-10 -1.668381e-13line search fails -1.195644 0.02793811 1.512992e-05 -9.577595e-07 -1.348161e-08 9.484989e-10 -2.048841e-13line search fails -1.235749 0.01674582 1.468418e-05 -2.120327e-07 -1.412919e-08 3.270043e-10 -2.075449e-13line search fails -1.187156 0.02384676 1.520776e-05 -7.453821e-07 -1.333262e-08 7.557774e-10 -2.033226e-13line search fails -1.24602 0.008385815 1.514126e-05 1.216364e-07 -1.479387e-08 1.697758e-11 -2.239958e-13line search fails -1.220408 0.01606623 2.109307e-05 -4.362536e-07 -1.929519e-08 5.478926e-10 -4.072338e-13line search fails -1.212591 0.02097737 2.614329e-05 -1.7188e-06 -2.311059e-08 1.560241e-09 -6.068685e-13line search fails -1.224485 0.01988543 1.63756e-05 -1.554513e-07 -1.548952e-08 3.507517e-10 -2.537046e-13line search fails -1.208592 0.02842912 2.730311e-05 -1.160826e-06 -2.444457e-08 1.354634e-09 -6.689855e-13line search fails -1.19386 0.02781448 2.760076e-05 -2.760783e-06 -2.406081e-08 2.413876e-09 -6.707608e-13line search fails -1.194852 0.0325352 2.129504e-05 -1.219451e-06 -1.879938e-08 1.325095e-09 -4.019494e-13line search fails -1.189354 0.03398428 4.111203e-05 -4.517879e-06 -3.463068e-08 4.073126e-09 -1.442139e-12line search fails -1.265557 0.03089722 4.211136e-05 -1.205066e-06 -4.101592e-08 1.815607e-09 -1.729424e-12line search fails -1.177489 0.02215981 3.381412e-05 -3.26728e-06 -2.807023e-08 2.755733e-09 -9.581738e-13line search fails -1.174324 0.02475061 4.066173e-05 -2.998222e-06 -3.328563e-08 2.736154e-09 -1.361655e-12line search fails -1.260478 0.02122169 1.389212e-05 -2.676364e-07 -1.363044e-08 4.096939e-10 -1.894653e-13line search fails -1.216295 0.02557075 3.160499e-05 -1.235036e-06 -2.851666e-08 1.436048e-09 -9.030423e-13line search fails -1.207506 0.02445635 4.035597e-05 -3.217642e-06 -3.517353e-08 2.915796e-09 -1.428844e-12line search fails -1.245257 0.02735288 2.309551e-05 -6.901457e-07 -2.222902e-08 9.384598e-10 -5.140383e-13line search fails -1.206007 0.02455625 2.773471e-05 -1.120421e-06 -2.460108e-08 1.24498e-09 -6.836987e-13line search fails -1.206285 0.02945668 1.834159e-05 -5.939823e-07 -1.672006e-08 8.001022e-10 -3.071478e-13line search fails -1.240523 0.02310572 1.536656e-05 5.593957e-08 -1.492606e-08 2.451245e-10 -2.293484e-13line search fails -1.193588 0.01956516 1.956058e-05 -4.122168e-07 -1.743338e-08 5.663018e-10 -3.412405e-13line search fails -1.173502 0.006504664 1.12603e-05 -1.742743e-07 -1.001839e-08 1.70713e-10 -1.128399e-13line search fails -1.15157 0.01992592 1.442441e-05 -1.053749e-06 -1.209962e-08 9.041858e-10 -1.754826e-13line search fails -1.199165 0.02293991 2.252692e-05 -4.834083e-07 -2.006975e-08 7.055265e-10 -4.524507e-13line search fails -1.154607 0.01817813 1.652713e-05 -9.074494e-07 -1.367923e-08 8.164404e-10 -2.268192e-13line search fails -1.24048 0.01754398 1.396977e-05 1.031696e-07 -1.367534e-08 1.194285e-10 -1.91029e-13line search fails -1.171823 0.02175736 1.928695e-05 -9.684109e-07 -1.642331e-08 9.505574e-10 -3.17676e-13line search fails -1.225087 0.02204148 2.269542e-05 -6.97644e-09 -1.717722e-08 3.101948e-10 -3.898464e-13Error in .performance.auc(fpr.stop = 1, predictions = numeric(0), labels = structure(integer(0), .Label = c("Neg",  : 
  Not enough distinct predictions to compute area under the ROC curve.
In addition: There were 50 or more warnings (use warnings() to see the first 50)
Error in aucMatrix[i, ] <- attr(BIOmotifvsnon_testpppred_auc, "y.values")[[1]][1] : 
  number of items to replace is not a multiple of replacement length
line search fails -1.27235 0.0124404 3.479502e-05 2.2474e-07 -3.386022e-08 1.721927e-10 -1.178128e-12line search fails -1.201468 0.01748148 2.664359e-05 -6.894385e-07 -2.3373e-08 7.978374e-10 -6.232908e-13line search fails -1.246482 0.01909282 1.662215e-05 1.512773e-07 -1.634054e-08 1.462874e-10 -2.715927e-13line search fails -1.200532 0.01893918 1.901176e-05 -3.948434e-07 -1.699402e-08 5.289897e-10 -3.232952e-13line search fails -1.174874 0.01811558 2.411948e-05 -8.221183e-07 -2.01557e-08 8.615405e-10 -4.868534e-13line search fails -1.223977 0.02177685 4.067037e-05 3.318018e-07 -3.62432e-08 4.191967e-10 -1.473885e-12line search fails -1.200872 0.02842684 4.083034e-05 -1.673001e-06 -3.482127e-08 1.971463e-09 -1.425062e-12line search fails -1.244592 -0.002136404 1.651816e-05 8.547017e-07 -1.604104e-08 -5.945114e-10 -2.654766e-13line search fails -1.193637 0.009691312 1.692783e-05 4.857823e-07 -1.495284e-08 -1.961429e-10 -2.532143e-13line search fails -1.18699 0.02121079 4.296114e-05 -2.84156e-06 -2.873681e-08 2.062396e-09 -1.240427e-12Error in .performance.auc(fpr.stop = 1, predictions = numeric(0), labels = structure(integer(0), .Label = c("Neg",  : 
  Not enough distinct predictions to compute area under the ROC curve.
In addition: There were 29 warnings (use warnings() to see them)
Error in aucMatrix[i, ] <- attr(BIOmotifvsnon_testpppred_auc, "y.values")[[1]][1] : 
  number of items to replace is not a multiple of replacement length
line search fails -1.252415 0.01845606 2.307579e-05 2.718074e-07 -2.238028e-08 1.435464e-10 -5.164038e-13line search fails -1.206825 0.02120151 2.655121e-05 -5.744063e-07 -2.36535e-08 7.968318e-10 -6.284868e-13line search fails -1.173578 0.01942064 2.549957e-05 -1.835967e-06 -2.148888e-08 1.58939e-09 -5.508753e-13line search fails -1.252497 0.01337197 1.048649e-05 1.438971e-07 -1.010708e-08 1.210536e-11 -1.05986e-13line search fails -1.208043 0.01949607 2.404623e-05 -3.099906e-07 -2.139882e-08 5.552078e-10 -5.14733e-13line search fails -1.174594 0.01931118 2.278821e-05 -1.423104e-06 -1.899906e-08 1.265963e-09 -4.347561e-13line search fails -1.250207 0.007812368 1.850069e-05 6.56942e-07 -1.795943e-08 -3.292854e-10 -3.32478e-13line search fails -1.207799 0.009986771 2.216299e-05 1.777109e-07 -1.973791e-08 4.464016e-11 -4.374431e-13line search fails -1.168416 0.01238795 1.795553e-05 -7.433737e-07 -1.500342e-08 6.54861e-10 -2.698812e-13line search fails -1.221627 0.02366454 1.088651e-05 -7.253666e-08 -1.050443e-08 2.432325e-10 -1.143743e-13line search fails -1.169123 0.02663311 1.069094e-05 -4.328224e-07 -9.282382e-09 4.908807e-10 -9.944989e-14line search fails -1.230251 0.02171168 1.518071e-05 7.045418e-08 -1.451951e-08 2.056444e-10 -2.20402e-13line search fails -1.184295 0.01619651 1.74527e-05 -5.130384e-07 -1.523566e-08 5.419143e-10 -2.661815e-13line search fails -1.168778 0.02663061 1.716795e-05 -1.323766e-06 -1.447058e-08 1.201824e-09 -2.500211e-13line search fails -1.159335 0.02415896 2.585991e-05 -2.490462e-06 -1.701403e-08 1.679491e-09 -4.441639e-13Error in .performance.auc(fpr.stop = 1, predictions = numeric(0), labels = structure(integer(0), .Label = c("Neg",  : 
  Not enough distinct predictions to compute area under the ROC curve.
In addition: There were 44 warnings (use warnings() to see them)
Error in aucMatrix[i, ] <- attr(BIOmotifvsnon_testpppred_auc, "y.values")[[1]][1] : 
  number of items to replace is not a multiple of replacement length
line search fails -1.223001 0.01171809 1.026847e-05 2.304914e-07 -9.901142e-09 -5.683752e-11 -1.016827e-13line search fails -1.19126 0.0220016 1.102745e-05 -5.31289e-07 -9.913197e-09 5.296136e-10 -1.095986e-13line search fails -1.229312 0.02517179 1.025852e-05 3.089963e-10 -9.875956e-09 2.027871e-10 -1.013126e-13line search fails -1.200829 0.03129098 1.49374e-05 -4.950658e-07 -1.340374e-08 6.795743e-10 -2.005535e-13line search fails -1.154333 0.02914271 1.402232e-05 -1.572448e-06 -9.472068e-09 1.062439e-09 -1.34491e-13Error in .performance.auc(fpr.stop = 1, predictions = numeric(0), labels = structure(integer(0), .Label = c("Neg",  : 
  Not enough distinct predictions to compute area under the ROC curve.
In addition: There were 14 warnings (use warnings() to see them)
Error in aucMatrix[i, ] <- attr(BIOmotifvsnon_testpppred_auc, "y.values")[[1]][1] : 
  number of items to replace is not a multiple of replacement length
line search fails -1.244894 0.02911959 1.471529e-05 -3.430238e-07 -1.442043e-08 5.561714e-10 -2.123916e-13line search fails -1.168335 0.02183155 1.794611e-05 -1.514766e-06 -1.505948e-08 1.278715e-09 -2.721961e-13line search fails -1.266815 0.01601807 2.743809e-05 -2.056314e-07 -2.689443e-08 4.728157e-10 -7.380291e-13line search fails -1.21638 0.02016429 3.786813e-05 -9.341911e-07 -3.367197e-08 1.186407e-09 -1.276203e-12line search fails -1.201524 0.03509687 2.078294e-05 -2.822683e-07 -1.85442e-08 7.316938e-10 -3.856096e-13line search fails -1.258426 0.01291719 2.649496e-05 -3.368578e-08 -2.59634e-08 2.917233e-10 -6.879091e-13line search fails -1.209022 0.01718625 3.23174e-05 -4.037936e-07 -2.877325e-08 6.930582e-10 -9.301563e-13line search fails -1.189883 0.01868943 3.415002e-05 -1.642775e-06 -2.903361e-08 1.581798e-09 -9.940971e-13line search fails -1.249168 0.02201283 1.94015e-05 -7.667114e-08 -1.893922e-08 3.819117e-10 -3.674786e-13line search fails -1.222265 0.02552589 2.621472e-05 -8.310828e-07 -2.392094e-08 1.053309e-09 -6.27956e-13line search fails -1.175957 0.02018358 2.078653e-05 -1.604631e-06 -1.777067e-08 1.373134e-09 -3.715939e-13line search fails -1.237395 0.02951284 1.512497e-05 -2.928147e-07 -1.481808e-08 5.483097e-10 -2.242837e-13line search fails -1.171978 0.03675842 1.403738e-05 -6.997782e-07 -1.229566e-08 8.465552e-10 -1.731911e-13line search fails -1.140398 0.0403168 1.362078e-05 -1.341605e-06 -1.131868e-08 1.282943e-09 -1.558905e-13line search fails -1.172424 0.04208319 1.126046e-05 -8.827954e-07 -9.994391e-09 9.295191e-10 -1.133621e-13line search fails -1.166259 0.03521153 1.189349e-05 -6.567319e-07 -1.037975e-08 7.415781e-10 -1.239385e-13line search fails -1.191193 0.03065852 1.381791e-05 -8.109936e-07 -1.250732e-08 8.525793e-10 -1.735165e-13line search fails -1.145942 0.03524681 1.130926e-05 -1.216432e-06 -9.461213e-09 1.086382e-09 -1.083208e-13line search fails -1.227522 0.0241823 1.159413e-05 -1.895029e-07 -1.126351e-08 3.409268e-10 -1.306553e-13line search fails -1.177874 0.03468242 1.43466e-05 -6.841168e-07 -1.279892e-08 8.235205e-10 -1.841845e-13line search fails -1.161724 0.04264494 1.327698e-05 -1.148568e-06 -1.145353e-08 1.178788e-09 -1.534223e-13line search fails -1.198373 0.03056459 1.500815e-05 -4.297146e-07 -1.10948e-08 5.067684e-10 -1.667302e-13Error in .performance.auc(fpr.stop = 1, predictions = numeric(0), labels = structure(integer(0), .Label = c("Neg",  : 
  Not enough distinct predictions to compute area under the ROC curve.
In addition: There were 50 or more warnings (use warnings() to see the first 50)
Error in aucMatrix[i, ] <- attr(BIOmotifvsnon_testpppred_auc, "y.values")[[1]][1] : 
  number of items to replace is not a multiple of replacement length
line search fails -1.215757 0.006747693 1.06993e-05 1.315024e-08 -1.02762e-08 4.799333e-11 -1.099475e-13line search fails -1.180268 0.01791411 1.574784e-05 -3.29074e-07 -1.39096e-08 4.318203e-10 -2.191884e-13line search fails -1.16226 0.01500386 1.608304e-05 -1.05448e-06 -1.359015e-08 8.757958e-10 -2.194944e-13line search fails -1.153705 0.02160587 1.116794e-05 -1.043451e-06 -9.518917e-09 8.59395e-10 -1.072034e-13line search fails -1.181825 0.02488575 1.215448e-05 -1.528358e-07 -1.087699e-08 3.338713e-10 -1.322553e-13line search fails -1.172047 0.02287578 1.316043e-05 -1.103341e-06 -1.137377e-08 9.529371e-10 -1.507351e-13line search fails -1.197985 0.02743574 1.288452e-05 -1.075472e-07 -9.551504e-09 2.749871e-10 -1.230961e-13Error in .performance.auc(fpr.stop = 1, predictions = numeric(0), labels = structure(integer(0), .Label = c("Neg",  : 
  Not enough distinct predictions to compute area under the ROC curve.
In addition: There were 20 warnings (use warnings() to see them)
Error in aucMatrix[i, ] <- attr(BIOmotifvsnon_testpppred_auc, "y.values")[[1]][1] : 
  number of items to replace is not a multiple of replacement length
line search fails -0.7849562 8.882528e-06 1.486153e-05 -8.922356e-07 -1.907376e-08 4.286677e-10 -2.838477e-13line search fails -0.8187331 0.007815208 1.077049e-05 4.073943e-07 -1.564077e-08 -4.906781e-11 -1.684787e-13line search fails -0.7988097 0.004754601 2.394196e-05 -1.34178e-06 -3.02362e-08 8.21874e-10 -7.250169e-13line search fails -0.8099755 0.02276808 2.258836e-05 -2.884748e-06 -2.965198e-08 2.227742e-09 -6.762159e-13line search fails -0.8278834 0.01412751 1.577605e-05 -1.584536e-06 -2.21893e-08 1.146163e-09 -3.518755e-13line search fails -0.8394126 -0.009105956 2.26564e-05 2.963071e-07 -3.182734e-08 -4.874518e-10 -7.212375e-13line search fails -0.7972448 0.00783926 1.038497e-05 -3.477005e-07 -1.460458e-08 3.132495e-10 -1.51777e-13line search fails -0.8174379 0.008651351 4.09185e-05 -3.30904e-06 -5.166728e-08 2.175869e-09 -2.121348e-12line search fails -0.8008718 -0.005170143 1.006665e-05 2.349114e-08 -1.401512e-08 -1.015726e-10 -1.410877e-13line search fails -0.855558 -0.004984553 2.354515e-05 9.052332e-07 -3.373922e-08 -6.434224e-10 -7.949777e-13line search fails -0.8050748 0.002818674 1.544481e-05 2.947482e-07 -2.111237e-08 -6.694459e-11 -3.260963e-13line search fails -0.8049863 -0.01047186 1.068349e-05 2.412412e-07 -1.519846e-08 -3.127043e-10 -1.624481e-13line search fails -0.7603871 -0.001478893 1.251197e-05 -4.499887e-07 -1.570882e-08 1.89306e-10 -1.966335e-13line search fails -0.8215194 0.01403356 1.650887e-05 -1.43467e-06 -2.305456e-08 1.090136e-09 -3.821686e-13line search fails -0.8212671 0.01499737 3.80876e-05 -3.97463e-06 -4.838224e-08 2.834559e-09 -1.85403e-12line search fails -0.8170448 -0.003289842 1.804394e-05 -2.739576e-07 -2.472131e-08 3.204298e-11 -4.460785e-13line search fails -0.8310925 0.01458419 1.324896e-05 -7.643378e-07 -1.96466e-08 7.168025e-10 -2.608448e-13line search fails -0.8723627 0.003047015 3.412825e-05 6.865155e-08 -4.835572e-08 1.345286e-10 -1.650287e-12line search fails -0.8411208 0.01204942 1.656367e-05 -3.231669e-07 -2.37886e-08 5.020902e-10 -3.941887e-13line search fails -0.826927 0.01285506 1.064812e-05 -9.081239e-07 -1.536866e-08 6.751157e-10 -1.642605e-13line search fails -0.8028375 0.009650331 2.386046e-05 -1.572937e-06 -3.080672e-08 1.124219e-09 -7.368307e-13line search fails -0.8662148 -0.005861259 2.720106e-05 1.271439e-06 -3.86935e-08 -8.791448e-10 -1.053622e-12line search fails -0.8378048 0.01025673 1.961774e-05 -9.676184e-08 -2.745389e-08 3.822297e-10 -5.386203e-13line search fails -0.8330511 0.001970406 1.403135e-05 -3.934736e-07 -2.000299e-08 2.356041e-10 -2.807616e-13line search fails -0.8163004 -0.002362127 1.605351e-05 -9.04923e-08 -2.208657e-08 -2.063014e-11 -3.545651e-13line search fails -0.8591688 -0.02272483 1.684662e-05 1.063842e-06 -2.500483e-08 -1.173235e-09 -4.22495e-13[1] 1
[1] 2
[1] 3
[1] 4
[1] 5
[1] 6
[1] 7
[1] 8
[1] 9
[1] 10
[1] 11
[1] 12
[1] 13
[1] 14
[1] 15
[1] 16
[1] 17
[1] 18
[1] 19
[1] 20
[1] 21
[1] 22
[1] 23
[1] 24
[1] 25
[1] 26
[1] 27
[1] 28
[1] 29
[1] 30
[1] 31
[1] 32
[1] 33
[1] 34
[1] 35
[1] 36
[1] 37
[1] 38
[1] 39
[1] 40
[1] 41
Warning in preProcess.default(method = c("center", "scale"), x = c(0, 0,  :
  These variables have zero variances: V74, V78, V80, V81, V82, V83, V84, V85, V86, V87, V88, V91
Warning in preProcess.default(thresh = 0.95, k = 5, freqCut = 19, uniqueCut = 10,  :
  These variables have zero variances: V74, V78, V80, V81, V82, V83, V84, V85, V86, V87, V88, V91
Warning in preProcess.default(thresh = 0.95, k = 5, freqCut = 19, uniqueCut = 10,  :
  These variables have zero variances: V74, V78, V80, V81, V82, V83, V84, V85, V86, V87, V88, V91
Warning in preProcess.default(thresh = 0.95, k = 5, freqCut = 19, uniqueCut = 10,  :
  These variables have zero variances: V74, V78, V80, V81, V82, V83, V84, V85, V86, V87, V88, V91
Warning in preProcess.default(thresh = 0.95, k = 5, freqCut = 19, uniqueCut = 10,  :
  These variables have zero variances: V74, V78, V80, V81, V82, V83, V84, V85, V86, V87, V88, V91
Warning in preProcess.default(thresh = 0.95, k = 5, freqCut = 19, uniqueCut = 10,  :
  These variables have zero variances: V74, V78, V80, V81, V82, V83, V84, V85, V86, V87, V88, V91
Warning in preProcess.default(thresh = 0.95, k = 5, freqCut = 19, uniqueCut = 10,  :
  These variables have zero variances: V74, V78, V80, V81, V82, V83, V84, V85, V86, V87, V88, V91
Warning in preProcess.default(thresh = 0.95, k = 5, freqCut = 19, uniqueCut = 10,  :
  These variables have zero variances: V74, V78, V80, V81, V82, V83, V84, V85, V86, V87, V88, V91
Warning in preProcess.default(thresh = 0.95, k = 5, freqCut = 19, uniqueCut = 10,  :
  These variables have zero variances: V74, V78, V80, V81, V82, V83, V84, V85, V86, V87, V88, V91
Warning in preProcess.default(thresh = 0.95, k = 5, freqCut = 19, uniqueCut = 10,  :
  These variables have zero variances: V74, V78, V80, V81, V82, V83, V84, V85, V86, V87, V88, V91
Warning in preProcess.default(thresh = 0.95, k = 5, freqCut = 19, uniqueCut = 10,  :
  These variables have zero variances: V74, V78, V80, V81, V82, V83, V84, V85, V86, V87, V88, V91
Warning in preProcess.default(thresh = 0.95, k = 5, freqCut = 19, uniqueCut = 10,  :
  These variables have zero variances: V74, V78, V80, V81, V82, V83, V84, V85, V86, V87, V88, V91
Warning in preProcess.default(thresh = 0.95, k = 5, freqCut = 19, uniqueCut = 10,  :
  These variables have zero variances: V74, V78, V80, V81, V82, V83, V84, V85, V86, V87, V88, V91
Warning in preProcess.default(thresh = 0.95, k = 5, freqCut = 19, uniqueCut = 10,  :
  These variables have zero variances: V74, V78, V80, V81, V82, V83, V84, V85, V86, V87, V88, V91
Warning in preProcess.default(thresh = 0.95, k = 5, freqCut = 19, uniqueCut = 10,  :
  These variables have zero variances: V74, V78, V80, V81, V82, V83, V84, V85, V86, V87, V88, V91
Warning in preProcess.default(thresh = 0.95, k = 5, freqCut = 19, uniqueCut = 10,  :
  These variables have zero variances: V74, V78, V80, V81, V82, V83, V84, V85, V86, V87, V88, V91
Warning in preProcess.default(thresh = 0.95, k = 5, freqCut = 19, uniqueCut = 10,  :
  These variables have zero variances: V74, V78, V80, V81, V82, V83, V84, V85, V86, V87, V88, V91
[1] 1
[1] 2
[1] 3
[1] 4
[1] 5
[1] 6
[1] 7
[1] 8
[1] 9
[1] 10
[1] 11
[1] 12
[1] 13
[1] 14
[1] 15
[1] 16
[1] 17
[1] 18
[1] 19
[1] 20
[1] 21
[1] 22
[1] 23
[1] 24
[1] 25
[1] 26
[1] 27
[1] 28
[1] 29
[1] 30
[1] 31
[1] 32
[1] 33
[1] 34
[1] 35
[1] 36
[1] 37
[1] 38
[1] 39
[1] 40
[1] 41
Warning in preProcess.default(method = c("center", "scale"), x = c(0, 0,  :
  These variables have zero variances: V74, V78, V80, V81, V82, V83, V84, V85, V86, V87, V88, V91
Warning in preProcess.default(thresh = 0.95, k = 5, freqCut = 19, uniqueCut = 10,  :
  These variables have zero variances: V74, V78, V80, V81, V82, V83, V84, V85, V86, V87, V88, V91
Warning in preProcess.default(thresh = 0.95, k = 5, freqCut = 19, uniqueCut = 10,  :
  These variables have zero variances: V74, V78, V80, V81, V82, V83, V84, V85, V86, V87, V88, V91
Warning in preProcess.default(thresh = 0.95, k = 5, freqCut = 19, uniqueCut = 10,  :
  These variables have zero variances: V74, V78, V80, V81, V82, V83, V84, V85, V86, V87, V88, V91
Warning in preProcess.default(thresh = 0.95, k = 5, freqCut = 19, uniqueCut = 10,  :
  These variables have zero variances: V74, V78, V80, V81, V82, V83, V84, V85, V86, V87, V88, V91
Warning in preProcess.default(thresh = 0.95, k = 5, freqCut = 19, uniqueCut = 10,  :
  These variables have zero variances: V74, V78, V80, V81, V82, V83, V84, V85, V86, V87, V88, V91
Warning in preProcess.default(thresh = 0.95, k = 5, freqCut = 19, uniqueCut = 10,  :
  These variables have zero variances: V74, V78, V80, V81, V82, V83, V84, V85, V86, V87, V88, V91
Warning in preProcess.default(thresh = 0.95, k = 5, freqCut = 19, uniqueCut = 10,  :
  These variables have zero variances: V74, V78, V80, V81, V82, V83, V84, V85, V86, V87, V88, V91
Warning in preProcess.default(thresh = 0.95, k = 5, freqCut = 19, uniqueCut = 10,  :
  These variables have zero variances: V74, V78, V80, V81, V82, V83, V84, V85, V86, V87, V88, V91
Warning in preProcess.default(thresh = 0.95, k = 5, freqCut = 19, uniqueCut = 10,  :
  These variables have zero variances: V74, V78, V80, V81, V82, V83, V84, V85, V86, V87, V88, V91
Warning in preProcess.default(thresh = 0.95, k = 5, freqCut = 19, uniqueCut = 10,  :
  These variables have zero variances: V74, V78, V80, V81, V82, V83, V84, V85, V86, V87, V88, V91
Warning in preProcess.default(thresh = 0.95, k = 5, freqCut = 19, uniqueCut = 10,  :
  These variables have zero variances: V74, V78, V80, V81, V82, V83, V84, V85, V86, V87, V88, V91
Warning in preProcess.default(thresh = 0.95, k = 5, freqCut = 19, uniqueCut = 10,  :
  These variables have zero variances: V74, V78, V80, V81, V82, V83, V84, V85, V86, V87, V88, V91
Warning in preProcess.default(thresh = 0.95, k = 5, freqCut = 19, uniqueCut = 10,  :
  These variables have zero variances: V74, V78, V80, V81, V82, V83, V84, V85, V86, V87, V88, V91
Warning in preProcess.default(thresh = 0.95, k = 5, freqCut = 19, uniqueCut = 10,  :
  These variables have zero variances: V74, V78, V80, V81, V82, V83, V84, V85, V86, V87, V88, V91
Warning in preProcess.default(thresh = 0.95, k = 5, freqCut = 19, uniqueCut = 10,  :
  These variables have zero variances: V74, V78, V80, V81, V82, V83, V84, V85, V86, V87, V88, V91
Warning in preProcess.default(thresh = 0.95, k = 5, freqCut = 19, uniqueCut = 10,  :
  These variables have zero variances: V74, V78, V80, V81, V82, V83, V84, V85, V86, V87, V88, V91
[1] 1
[1] 2
[1] 3
[1] 4
[1] 5
[1] 6
[1] 7
[1] 8
[1] 9
[1] 10
[1] 11
[1] 12
[1] 13
[1] 14
[1] 15
[1] 16
[1] 17
[1] 18
[1] 19
[1] 20
[1] 21
[1] 22
[1] 23
[1] 24
[1] 25
[1] 26
[1] 27
[1] 28
[1] 29
[1] 30
[1] 31
[1] 32
[1] 33
[1] 34
[1] 35
[1] 36
[1] 37
[1] 38
[1] 39
[1] 40
[1] 41
Warning in preProcess.default(method = c("center", "scale"), x = c(0, 0,  :
  These variables have zero variances: V74, V78, V80, V81, V82, V83, V84, V85, V86, V87, V88, V91
Warning in preProcess.default(thresh = 0.95, k = 5, freqCut = 19, uniqueCut = 10,  :
  These variables have zero variances: V74, V78, V80, V81, V82, V83, V84, V85, V86, V87, V88, V91
Warning in preProcess.default(thresh = 0.95, k = 5, freqCut = 19, uniqueCut = 10,  :
  These variables have zero variances: V74, V78, V80, V81, V82, V83, V84, V85, V86, V87, V88, V91
Warning in preProcess.default(thresh = 0.95, k = 5, freqCut = 19, uniqueCut = 10,  :
  These variables have zero variances: V74, V78, V80, V81, V82, V83, V84, V85, V86, V87, V88, V91
Warning in preProcess.default(thresh = 0.95, k = 5, freqCut = 19, uniqueCut = 10,  :
  These variables have zero variances: V74, V78, V80, V81, V82, V83, V84, V85, V86, V87, V88, V91
Warning in preProcess.default(thresh = 0.95, k = 5, freqCut = 19, uniqueCut = 10,  :
  These variables have zero variances: V74, V78, V80, V81, V82, V83, V84, V85, V86, V87, V88, V91
Warning in preProcess.default(thresh = 0.95, k = 5, freqCut = 19, uniqueCut = 10,  :
  These variables have zero variances: V74, V78, V80, V81, V82, V83, V84, V85, V86, V87, V88, V91
Warning in preProcess.default(thresh = 0.95, k = 5, freqCut = 19, uniqueCut = 10,  :
  These variables have zero variances: V74, V78, V80, V81, V82, V83, V84, V85, V86, V87, V88, V91
Warning in preProcess.default(thresh = 0.95, k = 5, freqCut = 19, uniqueCut = 10,  :
  These variables have zero variances: V74, V78, V80, V81, V82, V83, V84, V85, V86, V87, V88, V91
Warning in preProcess.default(thresh = 0.95, k = 5, freqCut = 19, uniqueCut = 10,  :
  These variables have zero variances: V74, V78, V80, V81, V82, V83, V84, V85, V86, V87, V88, V91
Warning in preProcess.default(thresh = 0.95, k = 5, freqCut = 19, uniqueCut = 10,  :
  These variables have zero variances: V74, V78, V80, V81, V82, V83, V84, V85, V86, V87, V88, V91
Warning in preProcess.default(thresh = 0.95, k = 5, freqCut = 19, uniqueCut = 10,  :
  These variables have zero variances: V74, V78, V80, V81, V82, V83, V84, V85, V86, V87, V88, V91
Warning in preProcess.default(thresh = 0.95, k = 5, freqCut = 19, uniqueCut = 10,  :
  These variables have zero variances: V74, V78, V80, V81, V82, V83, V84, V85, V86, V87, V88, V91
Warning in preProcess.default(thresh = 0.95, k = 5, freqCut = 19, uniqueCut = 10,  :
  These variables have zero variances: V74, V78, V80, V81, V82, V83, V84, V85, V86, V87, V88, V91
Warning in preProcess.default(thresh = 0.95, k = 5, freqCut = 19, uniqueCut = 10,  :
  These variables have zero variances: V74, V78, V80, V81, V82, V83, V84, V85, V86, V87, V88, V91
Warning in preProcess.default(thresh = 0.95, k = 5, freqCut = 19, uniqueCut = 10,  :
  These variables have zero variances: V74, V78, V80, V81, V82, V83, V84, V85, V86, V87, V88, V91
Warning in preProcess.default(thresh = 0.95, k = 5, freqCut = 19, uniqueCut = 10,  :
  These variables have zero variances: V74, V78, V80, V81, V82, V83, V84, V85, V86, V87, V88, V91
[1] 1
[1] 2
[1] 3
[1] 4
[1] 5
[1] 6
[1] 7
[1] 8
[1] 9
[1] 10
[1] 11
[1] 12
[1] 13
[1] 14
[1] 15
[1] 16
[1] 17
[1] 18
[1] 19
[1] 20
[1] 21
[1] 22
[1] 23
[1] 24
[1] 25
[1] 26
[1] 27
[1] 28
[1] 29
[1] 30
[1] 31
[1] 32
[1] 33
[1] 34
[1] 35
[1] 36
[1] 37
[1] 38
[1] 39
[1] 40
[1] 41
Warning in preProcess.default(method = c("center", "scale"), x = c(0, 1,  :
  These variables have zero variances: V74, V78, V80, V81, V82, V83, V84, V85, V86, V87, V88, V91
Warning in preProcess.default(thresh = 0.95, k = 5, freqCut = 19, uniqueCut = 10,  :
  These variables have zero variances: V74, V78, V80, V81, V82, V83, V84, V85, V86, V87, V88, V91
Warning in preProcess.default(thresh = 0.95, k = 5, freqCut = 19, uniqueCut = 10,  :
  These variables have zero variances: V74, V78, V80, V81, V82, V83, V84, V85, V86, V87, V88, V91
Warning in preProcess.default(thresh = 0.95, k = 5, freqCut = 19, uniqueCut = 10,  :
  These variables have zero variances: V74, V78, V80, V81, V82, V83, V84, V85, V86, V87, V88, V91
Warning in preProcess.default(thresh = 0.95, k = 5, freqCut = 19, uniqueCut = 10,  :
  These variables have zero variances: V74, V78, V80, V81, V82, V83, V84, V85, V86, V87, V88, V91
Warning in preProcess.default(thresh = 0.95, k = 5, freqCut = 19, uniqueCut = 10,  :
  These variables have zero variances: V74, V78, V80, V81, V82, V83, V84, V85, V86, V87, V88, V91
Warning in preProcess.default(thresh = 0.95, k = 5, freqCut = 19, uniqueCut = 10,  :
  These variables have zero variances: V74, V78, V80, V81, V82, V83, V84, V85, V86, V87, V88, V91
Warning in preProcess.default(thresh = 0.95, k = 5, freqCut = 19, uniqueCut = 10,  :
  These variables have zero variances: V74, V78, V80, V81, V82, V83, V84, V85, V86, V87, V88, V91
Warning in preProcess.default(thresh = 0.95, k = 5, freqCut = 19, uniqueCut = 10,  :
  These variables have zero variances: V74, V78, V80, V81, V82, V83, V84, V85, V86, V87, V88, V91
Warning in preProcess.default(thresh = 0.95, k = 5, freqCut = 19, uniqueCut = 10,  :
  These variables have zero variances: V74, V78, V80, V81, V82, V83, V84, V85, V86, V87, V88, V91
Warning in preProcess.default(thresh = 0.95, k = 5, freqCut = 19, uniqueCut = 10,  :
  These variables have zero variances: V74, V78, V80, V81, V82, V83, V84, V85, V86, V87, V88, V91
Warning in preProcess.default(thresh = 0.95, k = 5, freqCut = 19, uniqueCut = 10,  :
  These variables have zero variances: V74, V78, V80, V81, V82, V83, V84, V85, V86, V87, V88, V91
Warning in preProcess.default(thresh = 0.95, k = 5, freqCut = 19, uniqueCut = 10,  :
  These variables have zero variances: V74, V78, V80, V81, V82, V83, V84, V85, V86, V87, V88, V91
Warning in preProcess.default(thresh = 0.95, k = 5, freqCut = 19, uniqueCut = 10,  :
  These variables have zero variances: V74, V78, V80, V81, V82, V83, V84, V85, V86, V87, V88, V91
Warning in preProcess.default(thresh = 0.95, k = 5, freqCut = 19, uniqueCut = 10,  :
  These variables have zero variances: V74, V78, V80, V81, V82, V83, V84, V85, V86, V87, V88, V91
Warning in preProcess.default(thresh = 0.95, k = 5, freqCut = 19, uniqueCut = 10,  :
  These variables have zero variances: V74, V78, V80, V81, V82, V83, V84, V85, V86, V87, V88, V91
Warning in preProcess.default(thresh = 0.95, k = 5, freqCut = 19, uniqueCut = 10,  :
  These variables have zero variances: V74, V78, V80, V81, V82, V83, V84, V85, V86, V87, V88, V91
[1] 1
[1] 2
[1] 3
[1] 4
[1] 5
[1] 6
[1] 7
[1] 8
[1] 9
[1] 10
[1] 11
[1] 12
[1] 13
[1] 14
[1] 15
[1] 16
[1] 17
[1] 18
[1] 19
[1] 20
[1] 21
[1] 22
[1] 23
[1] 24
[1] 25
[1] 26
[1] 27
[1] 28
[1] 29
[1] 30
[1] 31
[1] 32
[1] 33
[1] 34
[1] 35
[1] 36
[1] 37
[1] 38
[1] 39
[1] 40
[1] 41
Warning in preProcess.default(method = c("center", "scale"), x = c(0, 1,  :
  These variables have zero variances: V74, V78, V80, V81, V82, V83, V84, V85, V86, V87, V88, V91
Warning in preProcess.default(thresh = 0.95, k = 5, freqCut = 19, uniqueCut = 10,  :
  These variables have zero variances: V74, V78, V80, V81, V82, V83, V84, V85, V86, V87, V88, V91
Warning in preProcess.default(thresh = 0.95, k = 5, freqCut = 19, uniqueCut = 10,  :
  These variables have zero variances: V74, V78, V80, V81, V82, V83, V84, V85, V86, V87, V88, V91
Warning in preProcess.default(thresh = 0.95, k = 5, freqCut = 19, uniqueCut = 10,  :
  These variables have zero variances: V74, V78, V80, V81, V82, V83, V84, V85, V86, V87, V88, V91
Warning in preProcess.default(thresh = 0.95, k = 5, freqCut = 19, uniqueCut = 10,  :
  These variables have zero variances: V74, V78, V80, V81, V82, V83, V84, V85, V86, V87, V88, V91
Warning in preProcess.default(thresh = 0.95, k = 5, freqCut = 19, uniqueCut = 10,  :
  These variables have zero variances: V74, V78, V80, V81, V82, V83, V84, V85, V86, V87, V88, V91
Warning in preProcess.default(thresh = 0.95, k = 5, freqCut = 19, uniqueCut = 10,  :
  These variables have zero variances: V74, V78, V80, V81, V82, V83, V84, V85, V86, V87, V88, V91
Warning in preProcess.default(thresh = 0.95, k = 5, freqCut = 19, uniqueCut = 10,  :
  These variables have zero variances: V74, V78, V80, V81, V82, V83, V84, V85, V86, V87, V88, V91
Warning in preProcess.default(thresh = 0.95, k = 5, freqCut = 19, uniqueCut = 10,  :
  These variables have zero variances: V74, V78, V80, V81, V82, V83, V84, V85, V86, V87, V88, V91
Warning in preProcess.default(thresh = 0.95, k = 5, freqCut = 19, uniqueCut = 10,  :
  These variables have zero variances: V74, V78, V80, V81, V82, V83, V84, V85, V86, V87, V88, V91
Warning in preProcess.default(thresh = 0.95, k = 5, freqCut = 19, uniqueCut = 10,  :
  These variables have zero variances: V74, V78, V80, V81, V82, V83, V84, V85, V86, V87, V88, V91
Warning in preProcess.default(thresh = 0.95, k = 5, freqCut = 19, uniqueCut = 10,  :
  These variables have zero variances: V74, V78, V80, V81, V82, V83, V84, V85, V86, V87, V88, V91
Warning in preProcess.default(thresh = 0.95, k = 5, freqCut = 19, uniqueCut = 10,  :
  These variables have zero variances: V74, V78, V80, V81, V82, V83, V84, V85, V86, V87, V88, V91
Warning in preProcess.default(thresh = 0.95, k = 5, freqCut = 19, uniqueCut = 10,  :
  These variables have zero variances: V74, V78, V80, V81, V82, V83, V84, V85, V86, V87, V88, V91
Warning in preProcess.default(thresh = 0.95, k = 5, freqCut = 19, uniqueCut = 10,  :
  These variables have zero variances: V74, V78, V80, V81, V82, V83, V84, V85, V86, V87, V88, V91
Warning in preProcess.default(thresh = 0.95, k = 5, freqCut = 19, uniqueCut = 10,  :
  These variables have zero variances: V74, V78, V80, V81, V82, V83, V84, V85, V86, V87, V88, V91
Warning in preProcess.default(thresh = 0.95, k = 5, freqCut = 19, uniqueCut = 10,  :
  These variables have zero variances: V74, V78, V80, V81, V82, V83, V84, V85, V86, V87, V88, V91
[1] 1
[1] 2
[1] 3
[1] 4
[1] 5
[1] 6
[1] 7
[1] 8
[1] 9
[1] 10
[1] 11
[1] 12
[1] 13
[1] 14
[1] 15
[1] 16
[1] 17
[1] 18
[1] 19
[1] 20
[1] 21
[1] 22
[1] 23
[1] 24
[1] 25
[1] 26
[1] 27
[1] 28
[1] 29
[1] 30
[1] 31
[1] 32
[1] 33
[1] 34
[1] 35
[1] 36
[1] 37
[1] 38
[1] 39
[1] 40
[1] 41
Warning in preProcess.default(method = c("center", "scale"), x = c(0, 0,  :
  These variables have zero variances: V74, V78, V80, V81, V82, V83, V84, V85, V86, V87, V88, V91
Warning in preProcess.default(thresh = 0.95, k = 5, freqCut = 19, uniqueCut = 10,  :
  These variables have zero variances: V74, V78, V80, V81, V82, V83, V84, V85, V86, V87, V88, V91
Warning in preProcess.default(thresh = 0.95, k = 5, freqCut = 19, uniqueCut = 10,  :
  These variables have zero variances: V74, V78, V80, V81, V82, V83, V84, V85, V86, V87, V88, V91
Warning in preProcess.default(thresh = 0.95, k = 5, freqCut = 19, uniqueCut = 10,  :
  These variables have zero variances: V74, V78, V80, V81, V82, V83, V84, V85, V86, V87, V88, V91
Warning in preProcess.default(thresh = 0.95, k = 5, freqCut = 19, uniqueCut = 10,  :
  These variables have zero variances: V74, V78, V80, V81, V82, V83, V84, V85, V86, V87, V88, V91
Warning in preProcess.default(thresh = 0.95, k = 5, freqCut = 19, uniqueCut = 10,  :
  These variables have zero variances: V74, V78, V80, V81, V82, V83, V84, V85, V86, V87, V88, V91
Warning in preProcess.default(thresh = 0.95, k = 5, freqCut = 19, uniqueCut = 10,  :
  These variables have zero variances: V74, V78, V80, V81, V82, V83, V84, V85, V86, V87, V88, V91
Warning in preProcess.default(thresh = 0.95, k = 5, freqCut = 19, uniqueCut = 10,  :
  These variables have zero variances: V74, V78, V80, V81, V82, V83, V84, V85, V86, V87, V88, V91
Warning in preProcess.default(thresh = 0.95, k = 5, freqCut = 19, uniqueCut = 10,  :
  These variables have zero variances: V74, V78, V80, V81, V82, V83, V84, V85, V86, V87, V88, V91
Warning in preProcess.default(thresh = 0.95, k = 5, freqCut = 19, uniqueCut = 10,  :
  These variables have zero variances: V74, V78, V80, V81, V82, V83, V84, V85, V86, V87, V88, V91
Warning in preProcess.default(thresh = 0.95, k = 5, freqCut = 19, uniqueCut = 10,  :
  These variables have zero variances: V74, V78, V80, V81, V82, V83, V84, V85, V86, V87, V88, V91
Warning in preProcess.default(thresh = 0.95, k = 5, freqCut = 19, uniqueCut = 10,  :
  These variables have zero variances: V74, V78, V80, V81, V82, V83, V84, V85, V86, V87, V88, V91
Warning in preProcess.default(thresh = 0.95, k = 5, freqCut = 19, uniqueCut = 10,  :
  These variables have zero variances: V74, V78, V80, V81, V82, V83, V84, V85, V86, V87, V88, V91
Warning in preProcess.default(thresh = 0.95, k = 5, freqCut = 19, uniqueCut = 10,  :
  These variables have zero variances: V74, V78, V80, V81, V82, V83, V84, V85, V86, V87, V88, V91
Warning in preProcess.default(thresh = 0.95, k = 5, freqCut = 19, uniqueCut = 10,  :
  These variables have zero variances: V74, V78, V80, V81, V82, V83, V84, V85, V86, V87, V88, V91
Warning in preProcess.default(thresh = 0.95, k = 5, freqCut = 19, uniqueCut = 10,  :
  These variables have zero variances: V74, V78, V80, V81, V82, V83, V84, V85, V86, V87, V88, V91
Warning in preProcess.default(thresh = 0.95, k = 5, freqCut = 19, uniqueCut = 10,  :
  These variables have zero variances: V74, V78, V80, V81, V82, V83, V84, V85, V86, V87, V88, V91
[1] 1
[1] 2
[1] 3
[1] 4
[1] 5
[1] 6
[1] 7
[1] 8
[1] 9
[1] 10
[1] 11
[1] 12
[1] 13
[1] 14
[1] 15
[1] 16
[1] 17
[1] 18
[1] 19
[1] 20
[1] 21
[1] 22
[1] 23
[1] 24
[1] 25
[1] 26
[1] 27
[1] 28
[1] 29
[1] 30
[1] 31
[1] 32
[1] 33
[1] 34
[1] 35
[1] 36
[1] 37
[1] 38
[1] 39
[1] 40
[1] 41
Warning in preProcess.default(method = c("center", "scale"), x = c(0, 0,  :
  These variables have zero variances: V74, V78, V80, V81, V82, V83, V84, V85, V86, V87, V88, V91
Warning in preProcess.default(thresh = 0.95, k = 5, freqCut = 19, uniqueCut = 10,  :
  These variables have zero variances: V74, V78, V80, V81, V82, V83, V84, V85, V86, V87, V88, V91
Warning in preProcess.default(thresh = 0.95, k = 5, freqCut = 19, uniqueCut = 10,  :
  These variables have zero variances: V74, V78, V80, V81, V82, V83, V84, V85, V86, V87, V88, V91
Warning in preProcess.default(thresh = 0.95, k = 5, freqCut = 19, uniqueCut = 10,  :
  These variables have zero variances: V74, V78, V80, V81, V82, V83, V84, V85, V86, V87, V88, V91
Warning in preProcess.default(thresh = 0.95, k = 5, freqCut = 19, uniqueCut = 10,  :
  These variables have zero variances: V74, V78, V80, V81, V82, V83, V84, V85, V86, V87, V88, V91
Warning in preProcess.default(thresh = 0.95, k = 5, freqCut = 19, uniqueCut = 10,  :
  These variables have zero variances: V74, V78, V80, V81, V82, V83, V84, V85, V86, V87, V88, V91
Warning in preProcess.default(thresh = 0.95, k = 5, freqCut = 19, uniqueCut = 10,  :
  These variables have zero variances: V74, V78, V80, V81, V82, V83, V84, V85, V86, V87, V88, V91
Warning in preProcess.default(thresh = 0.95, k = 5, freqCut = 19, uniqueCut = 10,  :
  These variables have zero variances: V74, V78, V80, V81, V82, V83, V84, V85, V86, V87, V88, V91
Warning in preProcess.default(thresh = 0.95, k = 5, freqCut = 19, uniqueCut = 10,  :
  These variables have zero variances: V74, V78, V80, V81, V82, V83, V84, V85, V86, V87, V88, V91
Warning in preProcess.default(thresh = 0.95, k = 5, freqCut = 19, uniqueCut = 10,  :
  These variables have zero variances: V74, V78, V80, V81, V82, V83, V84, V85, V86, V87, V88, V91
Warning in preProcess.default(thresh = 0.95, k = 5, freqCut = 19, uniqueCut = 10,  :
  These variables have zero variances: V74, V78, V80, V81, V82, V83, V84, V85, V86, V87, V88, V91
Warning in preProcess.default(thresh = 0.95, k = 5, freqCut = 19, uniqueCut = 10,  :
  These variables have zero variances: V74, V78, V80, V81, V82, V83, V84, V85, V86, V87, V88, V91
Warning in preProcess.default(thresh = 0.95, k = 5, freqCut = 19, uniqueCut = 10,  :
  These variables have zero variances: V74, V78, V80, V81, V82, V83, V84, V85, V86, V87, V88, V91
Warning in preProcess.default(thresh = 0.95, k = 5, freqCut = 19, uniqueCut = 10,  :
  These variables have zero variances: V74, V78, V80, V81, V82, V83, V84, V85, V86, V87, V88, V91
Warning in preProcess.default(thresh = 0.95, k = 5, freqCut = 19, uniqueCut = 10,  :
  These variables have zero variances: V74, V78, V80, V81, V82, V83, V84, V85, V86, V87, V88, V91
Warning in preProcess.default(thresh = 0.95, k = 5, freqCut = 19, uniqueCut = 10,  :
  These variables have zero variances: V74, V78, V80, V81, V82, V83, V84, V85, V86, V87, V88, V91
Warning in preProcess.default(thresh = 0.95, k = 5, freqCut = 19, uniqueCut = 10,  :
  These variables have zero variances: V74, V78, V80, V81, V82, V83, V84, V85, V86, V87, V88, V91
[1] 1
[1] 2
[1] 3
[1] 4
[1] 5
[1] 6
[1] 7
[1] 8
[1] 9
[1] 10
[1] 11
[1] 12
[1] 13
[1] 14
[1] 15
[1] 16
[1] 17
[1] 18
[1] 19
[1] 20
[1] 21
[1] 22
[1] 23
[1] 24
[1] 25
[1] 26
[1] 27
[1] 28
[1] 29
[1] 30
[1] 31
[1] 32
[1] 33
[1] 34
[1] 35
[1] 36
[1] 37
[1] 38
[1] 39
[1] 40
[1] 41
Warning in preProcess.default(method = c("center", "scale"), x = c(0, 1,  :
  These variables have zero variances: V74, V78, V80, V81, V82, V83, V84, V85, V86, V87, V88, V91
Warning in preProcess.default(thresh = 0.95, k = 5, freqCut = 19, uniqueCut = 10,  :
  These variables have zero variances: V74, V78, V80, V81, V82, V83, V84, V85, V86, V87, V88, V91
Warning in preProcess.default(thresh = 0.95, k = 5, freqCut = 19, uniqueCut = 10,  :
  These variables have zero variances: V74, V78, V80, V81, V82, V83, V84, V85, V86, V87, V88, V91
Warning in preProcess.default(thresh = 0.95, k = 5, freqCut = 19, uniqueCut = 10,  :
  These variables have zero variances: V74, V78, V80, V81, V82, V83, V84, V85, V86, V87, V88, V91
Warning in preProcess.default(thresh = 0.95, k = 5, freqCut = 19, uniqueCut = 10,  :
  These variables have zero variances: V74, V78, V80, V81, V82, V83, V84, V85, V86, V87, V88, V91
Warning in preProcess.default(thresh = 0.95, k = 5, freqCut = 19, uniqueCut = 10,  :
  These variables have zero variances: V74, V78, V80, V81, V82, V83, V84, V85, V86, V87, V88, V91
Warning in preProcess.default(thresh = 0.95, k = 5, freqCut = 19, uniqueCut = 10,  :
  These variables have zero variances: V74, V78, V80, V81, V82, V83, V84, V85, V86, V87, V88, V91
Warning in preProcess.default(thresh = 0.95, k = 5, freqCut = 19, uniqueCut = 10,  :
  These variables have zero variances: V74, V78, V80, V81, V82, V83, V84, V85, V86, V87, V88, V91
Warning in preProcess.default(thresh = 0.95, k = 5, freqCut = 19, uniqueCut = 10,  :
  These variables have zero variances: V74, V78, V80, V81, V82, V83, V84, V85, V86, V87, V88, V91
Warning in preProcess.default(thresh = 0.95, k = 5, freqCut = 19, uniqueCut = 10,  :
  These variables have zero variances: V74, V78, V80, V81, V82, V83, V84, V85, V86, V87, V88, V91
Warning in preProcess.default(thresh = 0.95, k = 5, freqCut = 19, uniqueCut = 10,  :
  These variables have zero variances: V74, V78, V80, V81, V82, V83, V84, V85, V86, V87, V88, V91
Warning in preProcess.default(thresh = 0.95, k = 5, freqCut = 19, uniqueCut = 10,  :
  These variables have zero variances: V74, V78, V80, V81, V82, V83, V84, V85, V86, V87, V88, V91
Warning in preProcess.default(thresh = 0.95, k = 5, freqCut = 19, uniqueCut = 10,  :
  These variables have zero variances: V74, V78, V80, V81, V82, V83, V84, V85, V86, V87, V88, V91
Warning in preProcess.default(thresh = 0.95, k = 5, freqCut = 19, uniqueCut = 10,  :
  These variables have zero variances: V74, V78, V80, V81, V82, V83, V84, V85, V86, V87, V88, V91
Warning in preProcess.default(thresh = 0.95, k = 5, freqCut = 19, uniqueCut = 10,  :
  These variables have zero variances: V74, V78, V80, V81, V82, V83, V84, V85, V86, V87, V88, V91
Warning in preProcess.default(thresh = 0.95, k = 5, freqCut = 19, uniqueCut = 10,  :
  These variables have zero variances: V74, V78, V80, V81, V82, V83, V84, V85, V86, V87, V88, V91
Warning in preProcess.default(thresh = 0.95, k = 5, freqCut = 19, uniqueCut = 10,  :
  These variables have zero variances: V74, V78, V80, V81, V82, V83, V84, V85, V86, V87, V88, V91
[1] 1
[1] 2
[1] 3
[1] 4
[1] 5
[1] 6
[1] 7
[1] 8
[1] 9
[1] 10
[1] 11
[1] 12
[1] 13
[1] 14
[1] 15
[1] 16
[1] 17
[1] 18
[1] 19
[1] 20
[1] 21
[1] 22
[1] 23
[1] 24
[1] 25
[1] 26
[1] 27
[1] 28
[1] 29
[1] 30
[1] 31
[1] 32
[1] 33
[1] 34
[1] 35
[1] 36
[1] 37
[1] 38
[1] 39
[1] 40
[1] 41
Warning in preProcess.default(method = c("center", "scale"), x = c(0, 1,  :
  These variables have zero variances: V74, V78, V80, V81, V82, V83, V84, V85, V86, V87, V88, V91
Warning in preProcess.default(thresh = 0.95, k = 5, freqCut = 19, uniqueCut = 10,  :
  These variables have zero variances: V74, V78, V80, V81, V82, V83, V84, V85, V86, V87, V88, V91
Warning in preProcess.default(thresh = 0.95, k = 5, freqCut = 19, uniqueCut = 10,  :
  These variables have zero variances: V74, V78, V80, V81, V82, V83, V84, V85, V86, V87, V88, V91
Warning in preProcess.default(thresh = 0.95, k = 5, freqCut = 19, uniqueCut = 10,  :
  These variables have zero variances: V74, V78, V80, V81, V82, V83, V84, V85, V86, V87, V88, V91
Warning in preProcess.default(thresh = 0.95, k = 5, freqCut = 19, uniqueCut = 10,  :
  These variables have zero variances: V74, V78, V80, V81, V82, V83, V84, V85, V86, V87, V88, V91
Warning in preProcess.default(thresh = 0.95, k = 5, freqCut = 19, uniqueCut = 10,  :
  These variables have zero variances: V74, V78, V80, V81, V82, V83, V84, V85, V86, V87, V88, V91
Warning in preProcess.default(thresh = 0.95, k = 5, freqCut = 19, uniqueCut = 10,  :
  These variables have zero variances: V74, V78, V80, V81, V82, V83, V84, V85, V86, V87, V88, V91
Warning in preProcess.default(thresh = 0.95, k = 5, freqCut = 19, uniqueCut = 10,  :
  These variables have zero variances: V74, V78, V80, V81, V82, V83, V84, V85, V86, V87, V88, V91
Warning in preProcess.default(thresh = 0.95, k = 5, freqCut = 19, uniqueCut = 10,  :
  These variables have zero variances: V74, V78, V80, V81, V82, V83, V84, V85, V86, V87, V88, V91
Warning in preProcess.default(thresh = 0.95, k = 5, freqCut = 19, uniqueCut = 10,  :
  These variables have zero variances: V74, V78, V80, V81, V82, V83, V84, V85, V86, V87, V88, V91
Warning in preProcess.default(thresh = 0.95, k = 5, freqCut = 19, uniqueCut = 10,  :
  These variables have zero variances: V74, V78, V80, V81, V82, V83, V84, V85, V86, V87, V88, V91
Warning in preProcess.default(thresh = 0.95, k = 5, freqCut = 19, uniqueCut = 10,  :
  These variables have zero variances: V74, V78, V80, V81, V82, V83, V84, V85, V86, V87, V88, V91
Warning in preProcess.default(thresh = 0.95, k = 5, freqCut = 19, uniqueCut = 10,  :
  These variables have zero variances: V74, V78, V80, V81, V82, V83, V84, V85, V86, V87, V88, V91
Warning in preProcess.default(thresh = 0.95, k = 5, freqCut = 19, uniqueCut = 10,  :
  These variables have zero variances: V74, V78, V80, V81, V82, V83, V84, V85, V86, V87, V88, V91
Warning in preProcess.default(thresh = 0.95, k = 5, freqCut = 19, uniqueCut = 10,  :
  These variables have zero variances: V74, V78, V80, V81, V82, V83, V84, V85, V86, V87, V88, V91
Warning in preProcess.default(thresh = 0.95, k = 5, freqCut = 19, uniqueCut = 10,  :
  These variables have zero variances: V74, V78, V80, V81, V82, V83, V84, V85, V86, V87, V88, V91
Warning in preProcess.default(thresh = 0.95, k = 5, freqCut = 19, uniqueCut = 10,  :
  These variables have zero variances: V74, V78, V80, V81, V82, V83, V84, V85, V86, V87, V88, V91
[1] 1
[1] 2
[1] 3
[1] 4
[1] 5
[1] 6
[1] 7
[1] 8
[1] 9
[1] 10
[1] 11
[1] 12
[1] 13
[1] 14
[1] 15
[1] 16
[1] 17
[1] 18
[1] 19
[1] 20
[1] 21
[1] 22
[1] 23
[1] 24
[1] 25
[1] 26
[1] 27
[1] 28
[1] 29
[1] 30
[1] 31
[1] 32
[1] 33
[1] 34
[1] 35
[1] 36
[1] 37
[1] 38
[1] 39
[1] 40
[1] 41
Warning in preProcess.default(method = c("center", "scale"), x = c(0, 0,  :
  These variables have zero variances: V74, V78, V80, V81, V82, V83, V84, V85, V86, V87, V88, V91
Warning in preProcess.default(thresh = 0.95, k = 5, freqCut = 19, uniqueCut = 10,  :
  These variables have zero variances: V74, V78, V80, V81, V82, V83, V84, V85, V86, V87, V88, V91
Warning in preProcess.default(thresh = 0.95, k = 5, freqCut = 19, uniqueCut = 10,  :
  These variables have zero variances: V74, V78, V80, V81, V82, V83, V84, V85, V86, V87, V88, V91
Warning in preProcess.default(thresh = 0.95, k = 5, freqCut = 19, uniqueCut = 10,  :
  These variables have zero variances: V74, V78, V80, V81, V82, V83, V84, V85, V86, V87, V88, V91
Warning in preProcess.default(thresh = 0.95, k = 5, freqCut = 19, uniqueCut = 10,  :
  These variables have zero variances: V74, V78, V80, V81, V82, V83, V84, V85, V86, V87, V88, V91
Warning in preProcess.default(thresh = 0.95, k = 5, freqCut = 19, uniqueCut = 10,  :
  These variables have zero variances: V74, V78, V80, V81, V82, V83, V84, V85, V86, V87, V88, V91
Warning in preProcess.default(thresh = 0.95, k = 5, freqCut = 19, uniqueCut = 10,  :
  These variables have zero variances: V74, V78, V80, V81, V82, V83, V84, V85, V86, V87, V88, V91
Warning in preProcess.default(thresh = 0.95, k = 5, freqCut = 19, uniqueCut = 10,  :
  These variables have zero variances: V74, V78, V80, V81, V82, V83, V84, V85, V86, V87, V88, V91
Warning in preProcess.default(thresh = 0.95, k = 5, freqCut = 19, uniqueCut = 10,  :
  These variables have zero variances: V74, V78, V80, V81, V82, V83, V84, V85, V86, V87, V88, V91
Warning in preProcess.default(thresh = 0.95, k = 5, freqCut = 19, uniqueCut = 10,  :
  These variables have zero variances: V74, V78, V80, V81, V82, V83, V84, V85, V86, V87, V88, V91
Warning in preProcess.default(thresh = 0.95, k = 5, freqCut = 19, uniqueCut = 10,  :
  These variables have zero variances: V74, V78, V80, V81, V82, V83, V84, V85, V86, V87, V88, V91
Warning in preProcess.default(thresh = 0.95, k = 5, freqCut = 19, uniqueCut = 10,  :
  These variables have zero variances: V74, V78, V80, V81, V82, V83, V84, V85, V86, V87, V88, V91
Warning in preProcess.default(thresh = 0.95, k = 5, freqCut = 19, uniqueCut = 10,  :
  These variables have zero variances: V74, V78, V80, V81, V82, V83, V84, V85, V86, V87, V88, V91
Warning in preProcess.default(thresh = 0.95, k = 5, freqCut = 19, uniqueCut = 10,  :
  These variables have zero variances: V74, V78, V80, V81, V82, V83, V84, V85, V86, V87, V88, V91
Warning in preProcess.default(thresh = 0.95, k = 5, freqCut = 19, uniqueCut = 10,  :
  These variables have zero variances: V74, V78, V80, V81, V82, V83, V84, V85, V86, V87, V88, V91
Warning in preProcess.default(thresh = 0.95, k = 5, freqCut = 19, uniqueCut = 10,  :
  These variables have zero variances: V74, V78, V80, V81, V82, V83, V84, V85, V86, V87, V88, V91
Warning in preProcess.default(thresh = 0.95, k = 5, freqCut = 19, uniqueCut = 10,  :
  These variables have zero variances: V74, V78, V80, V81, V82, V83, V84, V85, V86, V87, V88, V91
There were 50 or more warnings (use warnings() to see the first 50)
