INFO [2020-07-02 09:11:51] $x
INFO [2020-07-02 09:11:51] list(which(allDF$F1 == 1), which(allDF$F2 == 1), which(allDF$F3 == 
INFO [2020-07-02 09:11:51]     1))
INFO [2020-07-02 09:11:51] 
INFO [2020-07-02 09:11:51] $category.names
INFO [2020-07-02 09:11:51] c("YTHDF1", "YTHDF2", "YTHDF3")
INFO [2020-07-02 09:11:51] 
INFO [2020-07-02 09:11:51] $filename
INFO [2020-07-02 09:11:51] NULL
INFO [2020-07-02 09:11:51] 
INFO [2020-07-02 09:11:51] $output
INFO [2020-07-02 09:11:51] F
INFO [2020-07-02 09:11:51] 
INFO [2020-07-02 09:11:51] $imagetype
INFO [2020-07-02 09:11:51] [1] "png"
INFO [2020-07-02 09:11:51] 
INFO [2020-07-02 09:11:51] $height
INFO [2020-07-02 09:11:51] [1] 480
INFO [2020-07-02 09:11:51] 
INFO [2020-07-02 09:11:51] $width
INFO [2020-07-02 09:11:51] [1] 480
INFO [2020-07-02 09:11:51] 
INFO [2020-07-02 09:11:51] $resolution
INFO [2020-07-02 09:11:51] [1] 300
INFO [2020-07-02 09:11:51] 
INFO [2020-07-02 09:11:51] $compression
INFO [2020-07-02 09:11:51] [1] "lzw"
INFO [2020-07-02 09:11:51] 
INFO [2020-07-02 09:11:51] $lwd
INFO [2020-07-02 09:11:51] [1] 1
INFO [2020-07-02 09:11:51] 
INFO [2020-07-02 09:11:51] $col
INFO [2020-07-02 09:11:51] c("#440154ff", "#21908dff", "#fde725ff")
INFO [2020-07-02 09:11:51] 
INFO [2020-07-02 09:11:51] $fill
INFO [2020-07-02 09:11:51] c(alpha("#440154ff", 0.3), alpha("#21908dff", 0.3), alpha("#fde725ff", 
INFO [2020-07-02 09:11:51]     0.3))
INFO [2020-07-02 09:11:51] 
INFO [2020-07-02 09:11:51] $cex
INFO [2020-07-02 09:11:51] [1] 0.9
INFO [2020-07-02 09:11:51] 
INFO [2020-07-02 09:11:51] $fontfamily
INFO [2020-07-02 09:11:51] [1] "sans"
INFO [2020-07-02 09:11:51] 
INFO [2020-07-02 09:11:51] $cat.cex
INFO [2020-07-02 09:11:51] [1] 1
INFO [2020-07-02 09:11:51] 
INFO [2020-07-02 09:11:51] $cat.default.pos
INFO [2020-07-02 09:11:51] [1] "outer"
INFO [2020-07-02 09:11:51] 
INFO [2020-07-02 09:11:51] $cat.pos
INFO [2020-07-02 09:11:51] c(-27, 27, 135)
INFO [2020-07-02 09:11:51] 
INFO [2020-07-02 09:11:51] $cat.dist
INFO [2020-07-02 09:11:51] c(0.055, 0.055, 0.085)
INFO [2020-07-02 09:11:51] 
INFO [2020-07-02 09:11:51] $cat.fontfamily
INFO [2020-07-02 09:11:51] [1] "sans"
INFO [2020-07-02 09:11:51] 
INFO [2020-07-02 09:11:51] $rotation
INFO [2020-07-02 09:11:51] [1] 1
INFO [2020-07-02 09:11:51] 
